[0.204s] DEBUG:colcon:Command line arguments: ['/usr/bin/colcon', 'build']
[0.204s] DEBUG:colcon:Parsed command line arguments: Namespace(log_base=None, log_level=None, verb_name='build', build_base='build', install_base='install', merge_install=False, symlink_install=False, test_result_base=None, continue_on_error=False, executor='parallel', parallel_workers=8, event_handlers=None, ignore_user_meta=False, metas=['./colcon.meta'], base_paths=['.'], packages_ignore=None, packages_ignore_regex=None, paths=None, packages_up_to=None, packages_up_to_regex=None, packages_above=None, packages_above_and_dependencies=None, packages_above_depth=None, packages_select_by_dep=None, packages_skip_by_dep=None, packages_skip_up_to=None, packages_select_build_failed=False, packages_skip_build_finished=False, packages_select_test_failures=False, packages_skip_test_passed=False, packages_select=None, packages_skip=None, packages_select_regex=None, packages_skip_regex=None, packages_start=None, packages_end=None, allow_overriding=[], cmake_args=None, cmake_target=None, cmake_target_skip_unavailable=False, cmake_clean_cache=False, cmake_clean_first=False, cmake_force_configure=False, ament_cmake_args=None, catkin_cmake_args=None, catkin_skip_building_tests=False, mixin_files=None, mixin=None, verb_parser=<colcon_mixin.mixin.mixin_argument.MixinArgumentDecorator object at 0x7dc8ffca10f0>, verb_extension=<colcon_core.verb.build.BuildVerb object at 0x7dc8ffca0970>, main=<bound method BuildVerb.main of <colcon_core.verb.build.BuildVerb object at 0x7dc8ffca0970>>, mixin_verb=('build',))
[0.520s] Level 1:colcon.colcon_core.package_discovery:discover_packages(colcon_meta) check parameters
[0.521s] Level 1:colcon.colcon_core.package_discovery:discover_packages(recursive) check parameters
[0.521s] Level 1:colcon.colcon_core.package_discovery:discover_packages(ignore) check parameters
[0.521s] Level 1:colcon.colcon_core.package_discovery:discover_packages(path) check parameters
[0.521s] Level 1:colcon.colcon_core.package_discovery:discover_packages(colcon_meta) discover
[0.521s] Level 1:colcon.colcon_core.package_discovery:discover_packages(recursive) discover
[0.521s] INFO:colcon.colcon_core.package_discovery:Crawling recursively for packages in '/home/hs/ros2_study'
[0.521s] Level 1:colcon.colcon_core.package_identification:_identify(.) by extensions ['ignore', 'ignore_ament_install']
[0.521s] Level 1:colcon.colcon_core.package_identification:_identify(.) by extension 'ignore'
[0.521s] Level 1:colcon.colcon_core.package_identification:_identify(.) by extension 'ignore_ament_install'
[0.521s] Level 1:colcon.colcon_core.package_identification:_identify(.) by extensions ['colcon_pkg']
[0.521s] Level 1:colcon.colcon_core.package_identification:_identify(.) by extension 'colcon_pkg'
[0.521s] Level 1:colcon.colcon_core.package_identification:_identify(.) by extensions ['colcon_meta']
[0.521s] Level 1:colcon.colcon_core.package_identification:_identify(.) by extension 'colcon_meta'
[0.522s] Level 1:colcon.colcon_core.package_identification:_identify(.) by extensions ['ros']
[0.522s] Level 1:colcon.colcon_core.package_identification:_identify(.) by extension 'ros'
[0.573s] Level 1:colcon.colcon_core.package_identification:_identify(.) by extensions ['cmake', 'python']
[0.573s] Level 1:colcon.colcon_core.package_identification:_identify(.) by extension 'cmake'
[0.573s] Level 1:colcon.colcon_core.package_identification:_identify(.) by extension 'python'
[0.573s] Level 1:colcon.colcon_core.package_identification:_identify(.) by extensions ['python_setup_py']
[0.573s] Level 1:colcon.colcon_core.package_identification:_identify(.) by extension 'python_setup_py'
[0.573s] Level 1:colcon.colcon_core.package_identification:_identify(build) by extensions ['ignore', 'ignore_ament_install']
[0.573s] Level 1:colcon.colcon_core.package_identification:_identify(build) by extension 'ignore'
[0.574s] Level 1:colcon.colcon_core.package_identification:_identify(build) ignored
[0.574s] Level 1:colcon.colcon_core.package_identification:_identify(install) by extensions ['ignore', 'ignore_ament_install']
[0.574s] Level 1:colcon.colcon_core.package_identification:_identify(install) by extension 'ignore'
[0.574s] Level 1:colcon.colcon_core.package_identification:_identify(install) ignored
[0.574s] Level 1:colcon.colcon_core.package_identification:_identify(log) by extensions ['ignore', 'ignore_ament_install']
[0.575s] Level 1:colcon.colcon_core.package_identification:_identify(log) by extension 'ignore'
[0.575s] Level 1:colcon.colcon_core.package_identification:_identify(log) ignored
[0.575s] Level 1:colcon.colcon_core.package_identification:_identify(src) by extensions ['ignore', 'ignore_ament_install']
[0.575s] Level 1:colcon.colcon_core.package_identification:_identify(src) by extension 'ignore'
[0.575s] Level 1:colcon.colcon_core.package_identification:_identify(src) by extension 'ignore_ament_install'
[0.575s] Level 1:colcon.colcon_core.package_identification:_identify(src) by extensions ['colcon_pkg']
[0.575s] Level 1:colcon.colcon_core.package_identification:_identify(src) by extension 'colcon_pkg'
[0.576s] Level 1:colcon.colcon_core.package_identification:_identify(src) by extensions ['colcon_meta']
[0.576s] Level 1:colcon.colcon_core.package_identification:_identify(src) by extension 'colcon_meta'
[0.576s] Level 1:colcon.colcon_core.package_identification:_identify(src) by extensions ['ros']
[0.576s] Level 1:colcon.colcon_core.package_identification:_identify(src) by extension 'ros'
[0.576s] Level 1:colcon.colcon_core.package_identification:_identify(src) by extensions ['cmake', 'python']
[0.576s] Level 1:colcon.colcon_core.package_identification:_identify(src) by extension 'cmake'
[0.576s] Level 1:colcon.colcon_core.package_identification:_identify(src) by extension 'python'
[0.576s] Level 1:colcon.colcon_core.package_identification:_identify(src) by extensions ['python_setup_py']
[0.576s] Level 1:colcon.colcon_core.package_identification:_identify(src) by extension 'python_setup_py'
[0.576s] Level 1:colcon.colcon_core.package_identification:_identify(src/bno055) by extensions ['ignore', 'ignore_ament_install']
[0.576s] Level 1:colcon.colcon_core.package_identification:_identify(src/bno055) by extension 'ignore'
[0.577s] Level 1:colcon.colcon_core.package_identification:_identify(src/bno055) by extension 'ignore_ament_install'
[0.577s] Level 1:colcon.colcon_core.package_identification:_identify(src/bno055) by extensions ['colcon_pkg']
[0.577s] Level 1:colcon.colcon_core.package_identification:_identify(src/bno055) by extension 'colcon_pkg'
[0.577s] Level 1:colcon.colcon_core.package_identification:_identify(src/bno055) by extensions ['colcon_meta']
[0.577s] Level 1:colcon.colcon_core.package_identification:_identify(src/bno055) by extension 'colcon_meta'
[0.577s] Level 1:colcon.colcon_core.package_identification:_identify(src/bno055) by extensions ['ros']
[0.577s] Level 1:colcon.colcon_core.package_identification:_identify(src/bno055) by extension 'ros'
[0.581s] DEBUG:colcon.colcon_core.package_identification:Package 'src/bno055' with type 'ros.ament_python' and name 'bno055'
[0.581s] Level 1:colcon.colcon_core.package_identification:_identify(src/nexus_base_ros-master) by extensions ['ignore', 'ignore_ament_install']
[0.581s] Level 1:colcon.colcon_core.package_identification:_identify(src/nexus_base_ros-master) by extension 'ignore'
[0.581s] Level 1:colcon.colcon_core.package_identification:_identify(src/nexus_base_ros-master) by extension 'ignore_ament_install'
[0.581s] Level 1:colcon.colcon_core.package_identification:_identify(src/nexus_base_ros-master) by extensions ['colcon_pkg']
[0.581s] Level 1:colcon.colcon_core.package_identification:_identify(src/nexus_base_ros-master) by extension 'colcon_pkg'
[0.582s] Level 1:colcon.colcon_core.package_identification:_identify(src/nexus_base_ros-master) by extensions ['colcon_meta']
[0.582s] Level 1:colcon.colcon_core.package_identification:_identify(src/nexus_base_ros-master) by extension 'colcon_meta'
[0.582s] Level 1:colcon.colcon_core.package_identification:_identify(src/nexus_base_ros-master) by extensions ['ros']
[0.582s] Level 1:colcon.colcon_core.package_identification:_identify(src/nexus_base_ros-master) by extension 'ros'
[0.583s] DEBUG:colcon.colcon_core.package_identification:Package 'src/nexus_base_ros-master' with type 'ros.ament_cmake' and name 'nexus_base_ros'
[0.583s] Level 1:colcon.colcon_core.package_identification:_identify(src/sllidar_ros2) by extensions ['ignore', 'ignore_ament_install']
[0.583s] Level 1:colcon.colcon_core.package_identification:_identify(src/sllidar_ros2) by extension 'ignore'
[0.583s] Level 1:colcon.colcon_core.package_identification:_identify(src/sllidar_ros2) by extension 'ignore_ament_install'
[0.583s] Level 1:colcon.colcon_core.package_identification:_identify(src/sllidar_ros2) by extensions ['colcon_pkg']
[0.583s] Level 1:colcon.colcon_core.package_identification:_identify(src/sllidar_ros2) by extension 'colcon_pkg'
[0.583s] Level 1:colcon.colcon_core.package_identification:_identify(src/sllidar_ros2) by extensions ['colcon_meta']
[0.583s] Level 1:colcon.colcon_core.package_identification:_identify(src/sllidar_ros2) by extension 'colcon_meta'
[0.584s] Level 1:colcon.colcon_core.package_identification:_identify(src/sllidar_ros2) by extensions ['ros']
[0.584s] Level 1:colcon.colcon_core.package_identification:_identify(src/sllidar_ros2) by extension 'ros'
[0.585s] DEBUG:colcon.colcon_core.package_identification:Package 'src/sllidar_ros2' with type 'ros.ament_cmake' and name 'sllidar_ros2'
[0.585s] Level 1:colcon.colcon_core.package_discovery:discover_packages(recursive) using defaults
[0.585s] Level 1:colcon.colcon_core.package_discovery:discover_packages(ignore) discover
[0.585s] Level 1:colcon.colcon_core.package_discovery:discover_packages(ignore) using defaults
[0.585s] Level 1:colcon.colcon_core.package_discovery:discover_packages(path) discover
[0.585s] Level 1:colcon.colcon_core.package_discovery:discover_packages(path) using defaults
[0.614s] Level 1:colcon.colcon_core.package_discovery:discover_packages(prefix_path) check parameters
[0.615s] Level 1:colcon.colcon_core.package_discovery:discover_packages(prefix_path) discover
[0.617s] DEBUG:colcon.colcon_installed_package_information.package_discovery:Found 3 installed packages in /home/hs/ros2_study/install
[0.620s] DEBUG:colcon.colcon_installed_package_information.package_discovery:Found 453 installed packages in /opt/ros/humble
[0.624s] Level 1:colcon.colcon_core.package_discovery:discover_packages(prefix_path) using defaults
[0.714s] Level 5:colcon.colcon_core.verb:set package 'bno055' build argument 'cmake_args' from command line to 'None'
[0.714s] Level 5:colcon.colcon_core.verb:set package 'bno055' build argument 'cmake_target' from command line to 'None'
[0.714s] Level 5:colcon.colcon_core.verb:set package 'bno055' build argument 'cmake_target_skip_unavailable' from command line to 'False'
[0.714s] Level 5:colcon.colcon_core.verb:set package 'bno055' build argument 'cmake_clean_cache' from command line to 'False'
[0.714s] Level 5:colcon.colcon_core.verb:set package 'bno055' build argument 'cmake_clean_first' from command line to 'False'
[0.715s] Level 5:colcon.colcon_core.verb:set package 'bno055' build argument 'cmake_force_configure' from command line to 'False'
[0.715s] Level 5:colcon.colcon_core.verb:set package 'bno055' build argument 'ament_cmake_args' from command line to 'None'
[0.715s] Level 5:colcon.colcon_core.verb:set package 'bno055' build argument 'catkin_cmake_args' from command line to 'None'
[0.715s] Level 5:colcon.colcon_core.verb:set package 'bno055' build argument 'catkin_skip_building_tests' from command line to 'False'
[0.715s] DEBUG:colcon.colcon_core.verb:Building package 'bno055' with the following arguments: {'ament_cmake_args': None, 'build_base': '/home/hs/ros2_study/build/bno055', 'catkin_cmake_args': None, 'catkin_skip_building_tests': False, 'cmake_args': None, 'cmake_clean_cache': False, 'cmake_clean_first': False, 'cmake_force_configure': False, 'cmake_target': None, 'cmake_target_skip_unavailable': False, 'install_base': '/home/hs/ros2_study/install/bno055', 'merge_install': False, 'path': '/home/hs/ros2_study/src/bno055', 'symlink_install': False, 'test_result_base': None}
[0.715s] Level 5:colcon.colcon_core.verb:set package 'nexus_base_ros' build argument 'cmake_args' from command line to 'None'
[0.715s] Level 5:colcon.colcon_core.verb:set package 'nexus_base_ros' build argument 'cmake_target' from command line to 'None'
[0.715s] Level 5:colcon.colcon_core.verb:set package 'nexus_base_ros' build argument 'cmake_target_skip_unavailable' from command line to 'False'
[0.716s] Level 5:colcon.colcon_core.verb:set package 'nexus_base_ros' build argument 'cmake_clean_cache' from command line to 'False'
[0.716s] Level 5:colcon.colcon_core.verb:set package 'nexus_base_ros' build argument 'cmake_clean_first' from command line to 'False'
[0.716s] Level 5:colcon.colcon_core.verb:set package 'nexus_base_ros' build argument 'cmake_force_configure' from command line to 'False'
[0.716s] Level 5:colcon.colcon_core.verb:set package 'nexus_base_ros' build argument 'ament_cmake_args' from command line to 'None'
[0.716s] Level 5:colcon.colcon_core.verb:set package 'nexus_base_ros' build argument 'catkin_cmake_args' from command line to 'None'
[0.716s] Level 5:colcon.colcon_core.verb:set package 'nexus_base_ros' build argument 'catkin_skip_building_tests' from command line to 'False'
[0.716s] DEBUG:colcon.colcon_core.verb:Building package 'nexus_base_ros' with the following arguments: {'ament_cmake_args': None, 'build_base': '/home/hs/ros2_study/build/nexus_base_ros', 'catkin_cmake_args': None, 'catkin_skip_building_tests': False, 'cmake_args': None, 'cmake_clean_cache': False, 'cmake_clean_first': False, 'cmake_force_configure': False, 'cmake_target': None, 'cmake_target_skip_unavailable': False, 'install_base': '/home/hs/ros2_study/install/nexus_base_ros', 'merge_install': False, 'path': '/home/hs/ros2_study/src/nexus_base_ros-master', 'symlink_install': False, 'test_result_base': None}
[0.716s] Level 5:colcon.colcon_core.verb:set package 'sllidar_ros2' build argument 'cmake_args' from command line to 'None'
[0.716s] Level 5:colcon.colcon_core.verb:set package 'sllidar_ros2' build argument 'cmake_target' from command line to 'None'
[0.716s] Level 5:colcon.colcon_core.verb:set package 'sllidar_ros2' build argument 'cmake_target_skip_unavailable' from command line to 'False'
[0.716s] Level 5:colcon.colcon_core.verb:set package 'sllidar_ros2' build argument 'cmake_clean_cache' from command line to 'False'
[0.717s] Level 5:colcon.colcon_core.verb:set package 'sllidar_ros2' build argument 'cmake_clean_first' from command line to 'False'
[0.717s] Level 5:colcon.colcon_core.verb:set package 'sllidar_ros2' build argument 'cmake_force_configure' from command line to 'False'
[0.717s] Level 5:colcon.colcon_core.verb:set package 'sllidar_ros2' build argument 'ament_cmake_args' from command line to 'None'
[0.717s] Level 5:colcon.colcon_core.verb:set package 'sllidar_ros2' build argument 'catkin_cmake_args' from command line to 'None'
[0.717s] Level 5:colcon.colcon_core.verb:set package 'sllidar_ros2' build argument 'catkin_skip_building_tests' from command line to 'False'
[0.717s] DEBUG:colcon.colcon_core.verb:Building package 'sllidar_ros2' with the following arguments: {'ament_cmake_args': None, 'build_base': '/home/hs/ros2_study/build/sllidar_ros2', 'catkin_cmake_args': None, 'catkin_skip_building_tests': False, 'cmake_args': None, 'cmake_clean_cache': False, 'cmake_clean_first': False, 'cmake_force_configure': False, 'cmake_target': None, 'cmake_target_skip_unavailable': False, 'install_base': '/home/hs/ros2_study/install/sllidar_ros2', 'merge_install': False, 'path': '/home/hs/ros2_study/src/sllidar_ros2', 'symlink_install': False, 'test_result_base': None}
[0.717s] INFO:colcon.colcon_core.executor:Executing jobs using 'parallel' executor
[0.718s] DEBUG:colcon.colcon_parallel_executor.executor.parallel:run_until_complete
[0.719s] INFO:colcon.colcon_ros.task.ament_python.build:Building ROS package in '/home/hs/ros2_study/src/bno055' with build type 'ament_python'
[0.719s] Level 1:colcon.colcon_core.shell:create_environment_hook('bno055', 'ament_prefix_path')
[0.722s] INFO:colcon.colcon_core.plugin_system:Skipping extension 'colcon_core.shell.bat': Not used on non-Windows systems
[0.722s] INFO:colcon.colcon_core.shell:Creating environment hook '/home/hs/ros2_study/install/bno055/share/bno055/hook/ament_prefix_path.ps1'
[0.723s] INFO:colcon.colcon_core.shell:Creating environment descriptor '/home/hs/ros2_study/install/bno055/share/bno055/hook/ament_prefix_path.dsv'
[0.724s] INFO:colcon.colcon_core.shell:Creating environment hook '/home/hs/ros2_study/install/bno055/share/bno055/hook/ament_prefix_path.sh'
[0.725s] INFO:colcon.colcon_core.shell:Skip shell extension 'powershell' for command environment: Not usable outside of PowerShell
[0.726s] DEBUG:colcon.colcon_core.shell:Skip shell extension 'dsv' for command environment
[0.732s] INFO:colcon.colcon_ros.task.ament_cmake.build:Building ROS package in '/home/hs/ros2_study/src/nexus_base_ros-master' with build type 'ament_cmake'
[0.732s] INFO:colcon.colcon_cmake.task.cmake.build:Building CMake package in '/home/hs/ros2_study/src/nexus_base_ros-master'
[0.732s] INFO:colcon.colcon_core.shell:Skip shell extension 'powershell' for command environment: Not usable outside of PowerShell
[0.732s] DEBUG:colcon.colcon_core.shell:Skip shell extension 'dsv' for command environment
[0.738s] INFO:colcon.colcon_ros.task.ament_cmake.build:Building ROS package in '/home/hs/ros2_study/src/sllidar_ros2' with build type 'ament_cmake'
[0.738s] INFO:colcon.colcon_cmake.task.cmake.build:Building CMake package in '/home/hs/ros2_study/src/sllidar_ros2'
[0.740s] INFO:colcon.colcon_core.shell:Skip shell extension 'powershell' for command environment: Not usable outside of PowerShell
[0.741s] DEBUG:colcon.colcon_core.shell:Skip shell extension 'dsv' for command environment
[1.255s] INFO:colcon.colcon_core.task.python.build:Building Python package in '/home/hs/ros2_study/src/bno055'
[1.255s] INFO:colcon.colcon_core.shell:Skip shell extension 'powershell' for command environment: Not usable outside of PowerShell
[1.255s] DEBUG:colcon.colcon_core.shell:Skip shell extension 'dsv' for command environment
[1.268s] DEBUG:colcon.colcon_core.event_handler.log_command:Invoking command in '/home/hs/ros2_study/build/nexus_base_ros': CMAKE_PREFIX_PATH=${CMAKE_PREFIX_PATH}:/home/hs/ros2_study/install/bno055:/opt/ros/humble /usr/local/bin/cmake --build /home/hs/ros2_study/build/nexus_base_ros -- -j8 -l8
[1.276s] DEBUG:colcon.colcon_core.event_handler.log_command:Invoking command in '/home/hs/ros2_study/build/sllidar_ros2': CMAKE_PREFIX_PATH=${CMAKE_PREFIX_PATH}:/home/hs/ros2_study/install/bno055:/opt/ros/humble /usr/local/bin/cmake --build /home/hs/ros2_study/build/sllidar_ros2 -- -j8 -l8
[1.361s] DEBUG:colcon.colcon_core.event_handler.log_command:Invoked command in '/home/hs/ros2_study/build/sllidar_ros2' returned '0': CMAKE_PREFIX_PATH=${CMAKE_PREFIX_PATH}:/home/hs/ros2_study/install/bno055:/opt/ros/humble /usr/local/bin/cmake --build /home/hs/ros2_study/build/sllidar_ros2 -- -j8 -l8
[1.372s] DEBUG:colcon.colcon_core.event_handler.log_command:Invoking command in '/home/hs/ros2_study/build/sllidar_ros2': CMAKE_PREFIX_PATH=${CMAKE_PREFIX_PATH}:/home/hs/ros2_study/install/bno055:/opt/ros/humble /usr/local/bin/cmake --install /home/hs/ros2_study/build/sllidar_ros2
[1.384s] Level 1:colcon.colcon_core.environment:create_environment_scripts_only(sllidar_ros2)
[1.393s] DEBUG:colcon.colcon_core.event_handler.log_command:Invoked command in '/home/hs/ros2_study/build/sllidar_ros2' returned '0': CMAKE_PREFIX_PATH=${CMAKE_PREFIX_PATH}:/home/hs/ros2_study/install/bno055:/opt/ros/humble /usr/local/bin/cmake --install /home/hs/ros2_study/build/sllidar_ros2
[1.395s] Level 1:colcon.colcon_core.environment:checking '/home/hs/ros2_study/install/sllidar_ros2' for CMake module files
[1.400s] Level 1:colcon.colcon_core.environment:checking '/home/hs/ros2_study/install/sllidar_ros2' for CMake config files
[1.400s] Level 1:colcon.colcon_core.shell:create_environment_hook('sllidar_ros2', 'cmake_prefix_path')
[1.401s] INFO:colcon.colcon_core.shell:Creating environment hook '/home/hs/ros2_study/install/sllidar_ros2/share/sllidar_ros2/hook/cmake_prefix_path.ps1'
[1.402s] INFO:colcon.colcon_core.shell:Creating environment descriptor '/home/hs/ros2_study/install/sllidar_ros2/share/sllidar_ros2/hook/cmake_prefix_path.dsv'
[1.403s] INFO:colcon.colcon_core.shell:Creating environment hook '/home/hs/ros2_study/install/sllidar_ros2/share/sllidar_ros2/hook/cmake_prefix_path.sh'
[1.405s] Level 1:colcon.colcon_core.environment:checking '/home/hs/ros2_study/install/sllidar_ros2/lib'
[1.405s] Level 1:colcon.colcon_core.environment:checking '/home/hs/ros2_study/install/sllidar_ros2/bin'
[1.405s] Level 1:colcon.colcon_core.environment:checking '/home/hs/ros2_study/install/sllidar_ros2/lib/pkgconfig/sllidar_ros2.pc'
[1.406s] Level 1:colcon.colcon_core.environment:checking '/home/hs/ros2_study/install/sllidar_ros2/lib/python3.10/site-packages'
[1.407s] Level 1:colcon.colcon_core.environment:checking '/home/hs/ros2_study/install/sllidar_ros2/bin'
[1.408s] INFO:colcon.colcon_core.shell:Creating package script '/home/hs/ros2_study/install/sllidar_ros2/share/sllidar_ros2/package.ps1'
[1.411s] INFO:colcon.colcon_core.shell:Creating package descriptor '/home/hs/ros2_study/install/sllidar_ros2/share/sllidar_ros2/package.dsv'
[1.412s] INFO:colcon.colcon_core.shell:Creating package script '/home/hs/ros2_study/install/sllidar_ros2/share/sllidar_ros2/package.sh'
[1.414s] INFO:colcon.colcon_core.shell:Creating package script '/home/hs/ros2_study/install/sllidar_ros2/share/sllidar_ros2/package.bash'
[1.416s] INFO:colcon.colcon_core.shell:Creating package script '/home/hs/ros2_study/install/sllidar_ros2/share/sllidar_ros2/package.zsh'
[1.419s] Level 1:colcon.colcon_core.environment:create_file_with_runtime_dependencies(/home/hs/ros2_study/install/sllidar_ros2/share/colcon-core/packages/sllidar_ros2)
[1.421s] Level 1:colcon.colcon_core.environment:create_environment_scripts_only(sllidar_ros2)
[1.421s] Level 1:colcon.colcon_core.environment:checking '/home/hs/ros2_study/install/sllidar_ros2' for CMake module files
[1.423s] Level 1:colcon.colcon_core.environment:checking '/home/hs/ros2_study/install/sllidar_ros2' for CMake config files
[1.423s] Level 1:colcon.colcon_core.shell:create_environment_hook('sllidar_ros2', 'cmake_prefix_path')
[1.424s] INFO:colcon.colcon_core.shell:Creating environment hook '/home/hs/ros2_study/install/sllidar_ros2/share/sllidar_ros2/hook/cmake_prefix_path.ps1'
[1.426s] INFO:colcon.colcon_core.shell:Creating environment descriptor '/home/hs/ros2_study/install/sllidar_ros2/share/sllidar_ros2/hook/cmake_prefix_path.dsv'
[1.426s] INFO:colcon.colcon_core.shell:Creating environment hook '/home/hs/ros2_study/install/sllidar_ros2/share/sllidar_ros2/hook/cmake_prefix_path.sh'
[1.428s] Level 1:colcon.colcon_core.environment:checking '/home/hs/ros2_study/install/sllidar_ros2/lib'
[1.428s] Level 1:colcon.colcon_core.environment:checking '/home/hs/ros2_study/install/sllidar_ros2/bin'
[1.428s] Level 1:colcon.colcon_core.environment:checking '/home/hs/ros2_study/install/sllidar_ros2/lib/pkgconfig/sllidar_ros2.pc'
[1.429s] Level 1:colcon.colcon_core.environment:checking '/home/hs/ros2_study/install/sllidar_ros2/lib/python3.10/site-packages'
[1.430s] Level 1:colcon.colcon_core.environment:checking '/home/hs/ros2_study/install/sllidar_ros2/bin'
[1.430s] INFO:colcon.colcon_core.shell:Creating package script '/home/hs/ros2_study/install/sllidar_ros2/share/sllidar_ros2/package.ps1'
[1.432s] INFO:colcon.colcon_core.shell:Creating package descriptor '/home/hs/ros2_study/install/sllidar_ros2/share/sllidar_ros2/package.dsv'
[1.433s] INFO:colcon.colcon_core.shell:Creating package script '/home/hs/ros2_study/install/sllidar_ros2/share/sllidar_ros2/package.sh'
[1.434s] INFO:colcon.colcon_core.shell:Creating package script '/home/hs/ros2_study/install/sllidar_ros2/share/sllidar_ros2/package.bash'
[1.435s] INFO:colcon.colcon_core.shell:Creating package script '/home/hs/ros2_study/install/sllidar_ros2/share/sllidar_ros2/package.zsh'
[1.436s] Level 1:colcon.colcon_core.environment:create_file_with_runtime_dependencies(/home/hs/ros2_study/install/sllidar_ros2/share/colcon-core/packages/sllidar_ros2)
[1.882s] DEBUG:colcon.colcon_core.event_handler.log_command:Invoked command in '/home/hs/ros2_study/build/nexus_base_ros' returned '0': CMAKE_PREFIX_PATH=${CMAKE_PREFIX_PATH}:/home/hs/ros2_study/install/bno055:/opt/ros/humble /usr/local/bin/cmake --build /home/hs/ros2_study/build/nexus_base_ros -- -j8 -l8
[1.884s] DEBUG:colcon.colcon_core.event_handler.log_command:Invoking command in '/home/hs/ros2_study/build/nexus_base_ros': CMAKE_PREFIX_PATH=${CMAKE_PREFIX_PATH}:/home/hs/ros2_study/install/bno055:/opt/ros/humble /usr/local/bin/cmake --install /home/hs/ros2_study/build/nexus_base_ros
[1.969s] Level 1:colcon.colcon_core.environment:create_environment_scripts_only(nexus_base_ros)
[1.969s] Level 1:colcon.colcon_core.environment:checking '/home/hs/ros2_study/install/nexus_base_ros' for CMake module files
[1.970s] DEBUG:colcon.colcon_core.event_handler.log_command:Invoked command in '/home/hs/ros2_study/build/nexus_base_ros' returned '0': CMAKE_PREFIX_PATH=${CMAKE_PREFIX_PATH}:/home/hs/ros2_study/install/bno055:/opt/ros/humble /usr/local/bin/cmake --install /home/hs/ros2_study/build/nexus_base_ros
[1.971s] Level 1:colcon.colcon_core.environment:checking '/home/hs/ros2_study/install/nexus_base_ros' for CMake config files
[1.971s] Level 1:colcon.colcon_core.shell:create_environment_hook('nexus_base_ros', 'cmake_prefix_path')
[1.972s] INFO:colcon.colcon_core.shell:Creating environment hook '/home/hs/ros2_study/install/nexus_base_ros/share/nexus_base_ros/hook/cmake_prefix_path.ps1'
[1.972s] INFO:colcon.colcon_core.shell:Creating environment descriptor '/home/hs/ros2_study/install/nexus_base_ros/share/nexus_base_ros/hook/cmake_prefix_path.dsv'
[1.973s] INFO:colcon.colcon_core.shell:Creating environment hook '/home/hs/ros2_study/install/nexus_base_ros/share/nexus_base_ros/hook/cmake_prefix_path.sh'
[1.973s] Level 1:colcon.colcon_core.environment:checking '/home/hs/ros2_study/install/nexus_base_ros/lib'
[1.974s] Level 1:colcon.colcon_core.shell:create_environment_hook('nexus_base_ros', 'ld_library_path_lib')
[1.974s] INFO:colcon.colcon_core.shell:Creating environment hook '/home/hs/ros2_study/install/nexus_base_ros/share/nexus_base_ros/hook/ld_library_path_lib.ps1'
[1.974s] INFO:colcon.colcon_core.shell:Creating environment descriptor '/home/hs/ros2_study/install/nexus_base_ros/share/nexus_base_ros/hook/ld_library_path_lib.dsv'
[1.975s] INFO:colcon.colcon_core.shell:Creating environment hook '/home/hs/ros2_study/install/nexus_base_ros/share/nexus_base_ros/hook/ld_library_path_lib.sh'
[1.975s] Level 1:colcon.colcon_core.environment:checking '/home/hs/ros2_study/install/nexus_base_ros/bin'
[1.976s] Level 1:colcon.colcon_core.environment:checking '/home/hs/ros2_study/install/nexus_base_ros/lib/pkgconfig/nexus_base_ros.pc'
[1.976s] Level 1:colcon.colcon_core.environment:checking '/home/hs/ros2_study/install/nexus_base_ros/lib/python3.10/site-packages'
[1.976s] Level 1:colcon.colcon_core.environment:checking '/home/hs/ros2_study/install/nexus_base_ros/bin'
[1.977s] INFO:colcon.colcon_core.shell:Creating package script '/home/hs/ros2_study/install/nexus_base_ros/share/nexus_base_ros/package.ps1'
[1.978s] INFO:colcon.colcon_core.shell:Creating package descriptor '/home/hs/ros2_study/install/nexus_base_ros/share/nexus_base_ros/package.dsv'
[1.978s] INFO:colcon.colcon_core.shell:Creating package script '/home/hs/ros2_study/install/nexus_base_ros/share/nexus_base_ros/package.sh'
[1.979s] INFO:colcon.colcon_core.shell:Creating package script '/home/hs/ros2_study/install/nexus_base_ros/share/nexus_base_ros/package.bash'
[1.980s] INFO:colcon.colcon_core.shell:Creating package script '/home/hs/ros2_study/install/nexus_base_ros/share/nexus_base_ros/package.zsh'
[1.980s] Level 1:colcon.colcon_core.environment:create_file_with_runtime_dependencies(/home/hs/ros2_study/install/nexus_base_ros/share/colcon-core/packages/nexus_base_ros)
[1.981s] Level 1:colcon.colcon_core.environment:create_environment_scripts_only(nexus_base_ros)
[1.981s] Level 1:colcon.colcon_core.environment:checking '/home/hs/ros2_study/install/nexus_base_ros' for CMake module files
[1.982s] Level 1:colcon.colcon_core.environment:checking '/home/hs/ros2_study/install/nexus_base_ros' for CMake config files
[1.983s] Level 1:colcon.colcon_core.shell:create_environment_hook('nexus_base_ros', 'cmake_prefix_path')
[1.983s] INFO:colcon.colcon_core.shell:Creating environment hook '/home/hs/ros2_study/install/nexus_base_ros/share/nexus_base_ros/hook/cmake_prefix_path.ps1'
[1.984s] INFO:colcon.colcon_core.shell:Creating environment descriptor '/home/hs/ros2_study/install/nexus_base_ros/share/nexus_base_ros/hook/cmake_prefix_path.dsv'
[1.984s] INFO:colcon.colcon_core.shell:Creating environment hook '/home/hs/ros2_study/install/nexus_base_ros/share/nexus_base_ros/hook/cmake_prefix_path.sh'
[1.985s] Level 1:colcon.colcon_core.environment:checking '/home/hs/ros2_study/install/nexus_base_ros/lib'
[1.985s] Level 1:colcon.colcon_core.shell:create_environment_hook('nexus_base_ros', 'ld_library_path_lib')
[1.985s] INFO:colcon.colcon_core.shell:Creating environment hook '/home/hs/ros2_study/install/nexus_base_ros/share/nexus_base_ros/hook/ld_library_path_lib.ps1'
[1.986s] INFO:colcon.colcon_core.shell:Creating environment descriptor '/home/hs/ros2_study/install/nexus_base_ros/share/nexus_base_ros/hook/ld_library_path_lib.dsv'
[1.986s] INFO:colcon.colcon_core.shell:Creating environment hook '/home/hs/ros2_study/install/nexus_base_ros/share/nexus_base_ros/hook/ld_library_path_lib.sh'
[1.987s] Level 1:colcon.colcon_core.environment:checking '/home/hs/ros2_study/install/nexus_base_ros/bin'
[1.987s] Level 1:colcon.colcon_core.environment:checking '/home/hs/ros2_study/install/nexus_base_ros/lib/pkgconfig/nexus_base_ros.pc'
[1.987s] Level 1:colcon.colcon_core.environment:checking '/home/hs/ros2_study/install/nexus_base_ros/lib/python3.10/site-packages'
[1.988s] Level 1:colcon.colcon_core.environment:checking '/home/hs/ros2_study/install/nexus_base_ros/bin'
[1.988s] INFO:colcon.colcon_core.shell:Creating package script '/home/hs/ros2_study/install/nexus_base_ros/share/nexus_base_ros/package.ps1'
[1.989s] INFO:colcon.colcon_core.shell:Creating package descriptor '/home/hs/ros2_study/install/nexus_base_ros/share/nexus_base_ros/package.dsv'
[1.990s] INFO:colcon.colcon_core.shell:Creating package script '/home/hs/ros2_study/install/nexus_base_ros/share/nexus_base_ros/package.sh'
[1.991s] INFO:colcon.colcon_core.shell:Creating package script '/home/hs/ros2_study/install/nexus_base_ros/share/nexus_base_ros/package.bash'
[1.991s] INFO:colcon.colcon_core.shell:Creating package script '/home/hs/ros2_study/install/nexus_base_ros/share/nexus_base_ros/package.zsh'
[1.992s] Level 1:colcon.colcon_core.environment:create_file_with_runtime_dependencies(/home/hs/ros2_study/install/nexus_base_ros/share/colcon-core/packages/nexus_base_ros)
[2.020s] DEBUG:colcon.colcon_core.event_handler.log_command:Invoking command in '/home/hs/ros2_study/src/bno055': PYTHONPATH=/home/hs/ros2_study/build/bno055/prefix_override:/usr/lib/python3/dist-packages/colcon_core/task/python/colcon_distutils_commands:/home/hs/ros2_study/install/bno055/lib/python3.10/site-packages:${PYTHONPATH} /usr/bin/python3 -W ignore:setup.py install is deprecated -W ignore:easy_install command is deprecated setup.py egg_info --egg-base ../../build/bno055 build --build-base /home/hs/ros2_study/build/bno055/build install --record /home/hs/ros2_study/build/bno055/install.log --single-version-externally-managed install_data
[2.520s] Level 1:colcon.colcon_core.environment:checking '/home/hs/ros2_study/install/bno055' for CMake module files
[2.521s] DEBUG:colcon.colcon_core.event_handler.log_command:Invoked command in '/home/hs/ros2_study/src/bno055' returned '0': PYTHONPATH=/home/hs/ros2_study/build/bno055/prefix_override:/usr/lib/python3/dist-packages/colcon_core/task/python/colcon_distutils_commands:/home/hs/ros2_study/install/bno055/lib/python3.10/site-packages:${PYTHONPATH} /usr/bin/python3 -W ignore:setup.py install is deprecated -W ignore:easy_install command is deprecated setup.py egg_info --egg-base ../../build/bno055 build --build-base /home/hs/ros2_study/build/bno055/build install --record /home/hs/ros2_study/build/bno055/install.log --single-version-externally-managed install_data
[2.521s] Level 1:colcon.colcon_core.environment:checking '/home/hs/ros2_study/install/bno055' for CMake config files
[2.522s] Level 1:colcon.colcon_core.environment:checking '/home/hs/ros2_study/install/bno055/lib'
[2.522s] Level 1:colcon.colcon_core.environment:checking '/home/hs/ros2_study/install/bno055/bin'
[2.522s] Level 1:colcon.colcon_core.environment:checking '/home/hs/ros2_study/install/bno055/lib/pkgconfig/bno055.pc'
[2.523s] Level 1:colcon.colcon_core.environment:checking '/home/hs/ros2_study/install/bno055/lib/python3.10/site-packages'
[2.523s] Level 1:colcon.colcon_core.shell:create_environment_hook('bno055', 'pythonpath')
[2.523s] INFO:colcon.colcon_core.shell:Creating environment hook '/home/hs/ros2_study/install/bno055/share/bno055/hook/pythonpath.ps1'
[2.524s] INFO:colcon.colcon_core.shell:Creating environment descriptor '/home/hs/ros2_study/install/bno055/share/bno055/hook/pythonpath.dsv'
[2.525s] INFO:colcon.colcon_core.shell:Creating environment hook '/home/hs/ros2_study/install/bno055/share/bno055/hook/pythonpath.sh'
[2.526s] Level 1:colcon.colcon_core.environment:checking '/home/hs/ros2_study/install/bno055/bin'
[2.526s] Level 1:colcon.colcon_core.environment:create_environment_scripts_only(bno055)
[2.526s] INFO:colcon.colcon_core.shell:Creating package script '/home/hs/ros2_study/install/bno055/share/bno055/package.ps1'
[2.527s] INFO:colcon.colcon_core.shell:Creating package descriptor '/home/hs/ros2_study/install/bno055/share/bno055/package.dsv'
[2.528s] INFO:colcon.colcon_core.shell:Creating package script '/home/hs/ros2_study/install/bno055/share/bno055/package.sh'
[2.528s] INFO:colcon.colcon_core.shell:Creating package script '/home/hs/ros2_study/install/bno055/share/bno055/package.bash'
[2.529s] INFO:colcon.colcon_core.shell:Creating package script '/home/hs/ros2_study/install/bno055/share/bno055/package.zsh'
[2.529s] Level 1:colcon.colcon_core.environment:create_file_with_runtime_dependencies(/home/hs/ros2_study/install/bno055/share/colcon-core/packages/bno055)
[2.530s] DEBUG:colcon.colcon_parallel_executor.executor.parallel:closing loop
[2.530s] DEBUG:colcon.colcon_parallel_executor.executor.parallel:loop closed
[2.530s] DEBUG:colcon.colcon_parallel_executor.executor.parallel:run_until_complete finished with '0'
[2.530s] DEBUG:colcon.colcon_core.event_reactor:joining thread
[2.544s] INFO:colcon.colcon_core.plugin_system:Skipping extension 'colcon_notification.desktop_notification.terminal_notifier': Not used on non-Darwin systems
[2.544s] INFO:colcon.colcon_core.plugin_system:Skipping extension 'colcon_notification.desktop_notification.win32': Not used on non-Windows systems
[2.544s] INFO:colcon.colcon_notification.desktop_notification:Sending desktop notification using 'notify2'
[2.561s] DEBUG:colcon.colcon_core.event_reactor:joined thread
[2.561s] INFO:colcon.colcon_core.shell:Creating prefix script '/home/hs/ros2_study/install/local_setup.ps1'
[2.563s] INFO:colcon.colcon_core.shell:Creating prefix util module '/home/hs/ros2_study/install/_local_setup_util_ps1.py'
[2.565s] INFO:colcon.colcon_core.shell:Creating prefix chain script '/home/hs/ros2_study/install/setup.ps1'
[2.567s] INFO:colcon.colcon_core.shell:Creating prefix script '/home/hs/ros2_study/install/local_setup.sh'
[2.568s] INFO:colcon.colcon_core.shell:Creating prefix util module '/home/hs/ros2_study/install/_local_setup_util_sh.py'
[2.568s] INFO:colcon.colcon_core.shell:Creating prefix chain script '/home/hs/ros2_study/install/setup.sh'
[2.570s] INFO:colcon.colcon_core.shell:Creating prefix script '/home/hs/ros2_study/install/local_setup.bash'
[2.571s] INFO:colcon.colcon_core.shell:Creating prefix chain script '/home/hs/ros2_study/install/setup.bash'
[2.572s] INFO:colcon.colcon_core.shell:Creating prefix script '/home/hs/ros2_study/install/local_setup.zsh'
[2.573s] INFO:colcon.colcon_core.shell:Creating prefix chain script '/home/hs/ros2_study/install/setup.zsh'
