[1.445s] Invoking command in '/home/hs/ros2_study/src/bno055': PYTHONPATH=/home/hs/ros2_study/build/bno055/prefix_override:/usr/lib/python3/dist-packages/colcon_core/task/python/colcon_distutils_commands:/home/hs/ros2_study/install/bno055/lib/python3.10/site-packages:${PYTHONPATH} /usr/bin/python3 -W ignore:setup.py install is deprecated -W ignore:easy_install command is deprecated setup.py egg_info --egg-base ../../build/bno055 build --build-base /home/hs/ros2_study/build/bno055/build install --record /home/hs/ros2_study/build/bno055/install.log --single-version-externally-managed install_data
[2.028s] running egg_info
[2.029s] creating ../../build/bno055/bno055.egg-info
[2.029s] writing ../../build/bno055/bno055.egg-info/PKG-INFO
[2.029s] writing dependency_links to ../../build/bno055/bno055.egg-info/dependency_links.txt
[2.030s] writing entry points to ../../build/bno055/bno055.egg-info/entry_points.txt
[2.030s] writing requirements to ../../build/bno055/bno055.egg-info/requires.txt
[2.030s] writing top-level names to ../../build/bno055/bno055.egg-info/top_level.txt
[2.030s] writing manifest file '../../build/bno055/bno055.egg-info/SOURCES.txt'
[2.034s] reading manifest file '../../build/bno055/bno055.egg-info/SOURCES.txt'
[2.034s] adding license file 'LICENSE'
[2.034s] adding license file 'AUTHORS'
[2.035s] writing manifest file '../../build/bno055/bno055.egg-info/SOURCES.txt'
[2.035s] running build
[2.035s] running build_py
[2.036s] creating /home/hs/ros2_study/build/bno055/build
[2.036s] creating /home/hs/ros2_study/build/bno055/build/lib
[2.036s] creating /home/hs/ros2_study/build/bno055/build/lib/bno055
[2.036s] copying bno055/__init__.py -> /home/hs/ros2_study/build/bno055/build/lib/bno055
[2.036s] copying bno055/bno055.py -> /home/hs/ros2_study/build/bno055/build/lib/bno055
[2.037s] copying bno055/registers.py -> /home/hs/ros2_study/build/bno055/build/lib/bno055
[2.037s] creating /home/hs/ros2_study/build/bno055/build/lib/bno055/error_handling
[2.038s] copying bno055/error_handling/exceptions.py -> /home/hs/ros2_study/build/bno055/build/lib/bno055/error_handling
[2.038s] copying bno055/error_handling/__init__.py -> /home/hs/ros2_study/build/bno055/build/lib/bno055/error_handling
[2.038s] creating /home/hs/ros2_study/build/bno055/build/lib/bno055/connectors
[2.038s] copying bno055/connectors/i2c.py -> /home/hs/ros2_study/build/bno055/build/lib/bno055/connectors
[2.039s] copying bno055/connectors/Connector.py -> /home/hs/ros2_study/build/bno055/build/lib/bno055/connectors
[2.039s] copying bno055/connectors/uart.py -> /home/hs/ros2_study/build/bno055/build/lib/bno055/connectors
[2.039s] copying bno055/connectors/__init__.py -> /home/hs/ros2_study/build/bno055/build/lib/bno055/connectors
[2.039s] creating /home/hs/ros2_study/build/bno055/build/lib/bno055/sensor
[2.040s] copying bno055/sensor/SensorService.py -> /home/hs/ros2_study/build/bno055/build/lib/bno055/sensor
[2.040s] copying bno055/sensor/__init__.py -> /home/hs/ros2_study/build/bno055/build/lib/bno055/sensor
[2.040s] creating /home/hs/ros2_study/build/bno055/build/lib/bno055/params
[2.041s] copying bno055/params/NodeParameters.py -> /home/hs/ros2_study/build/bno055/build/lib/bno055/params
[2.041s] copying bno055/params/__init__.py -> /home/hs/ros2_study/build/bno055/build/lib/bno055/params
[2.042s] running install
[2.042s] running install_lib
[2.044s] creating /home/hs/ros2_study/install/bno055/lib/python3.10/site-packages/bno055
[2.044s] copying /home/hs/ros2_study/build/bno055/build/lib/bno055/registers.py -> /home/hs/ros2_study/install/bno055/lib/python3.10/site-packages/bno055
[2.044s] copying /home/hs/ros2_study/build/bno055/build/lib/bno055/bno055.py -> /home/hs/ros2_study/install/bno055/lib/python3.10/site-packages/bno055
[2.044s] creating /home/hs/ros2_study/install/bno055/lib/python3.10/site-packages/bno055/error_handling
[2.045s] copying /home/hs/ros2_study/build/bno055/build/lib/bno055/error_handling/exceptions.py -> /home/hs/ros2_study/install/bno055/lib/python3.10/site-packages/bno055/error_handling
[2.045s] copying /home/hs/ros2_study/build/bno055/build/lib/bno055/error_handling/__init__.py -> /home/hs/ros2_study/install/bno055/lib/python3.10/site-packages/bno055/error_handling
[2.045s] creating /home/hs/ros2_study/install/bno055/lib/python3.10/site-packages/bno055/connectors
[2.045s] copying /home/hs/ros2_study/build/bno055/build/lib/bno055/connectors/i2c.py -> /home/hs/ros2_study/install/bno055/lib/python3.10/site-packages/bno055/connectors
[2.045s] copying /home/hs/ros2_study/build/bno055/build/lib/bno055/connectors/Connector.py -> /home/hs/ros2_study/install/bno055/lib/python3.10/site-packages/bno055/connectors
[2.046s] copying /home/hs/ros2_study/build/bno055/build/lib/bno055/connectors/uart.py -> /home/hs/ros2_study/install/bno055/lib/python3.10/site-packages/bno055/connectors
[2.046s] copying /home/hs/ros2_study/build/bno055/build/lib/bno055/connectors/__init__.py -> /home/hs/ros2_study/install/bno055/lib/python3.10/site-packages/bno055/connectors
[2.046s] creating /home/hs/ros2_study/install/bno055/lib/python3.10/site-packages/bno055/sensor
[2.046s] copying /home/hs/ros2_study/build/bno055/build/lib/bno055/sensor/SensorService.py -> /home/hs/ros2_study/install/bno055/lib/python3.10/site-packages/bno055/sensor
[2.046s] copying /home/hs/ros2_study/build/bno055/build/lib/bno055/sensor/__init__.py -> /home/hs/ros2_study/install/bno055/lib/python3.10/site-packages/bno055/sensor
[2.047s] copying /home/hs/ros2_study/build/bno055/build/lib/bno055/__init__.py -> /home/hs/ros2_study/install/bno055/lib/python3.10/site-packages/bno055
[2.047s] creating /home/hs/ros2_study/install/bno055/lib/python3.10/site-packages/bno055/params
[2.047s] copying /home/hs/ros2_study/build/bno055/build/lib/bno055/params/NodeParameters.py -> /home/hs/ros2_study/install/bno055/lib/python3.10/site-packages/bno055/params
[2.048s] copying /home/hs/ros2_study/build/bno055/build/lib/bno055/params/__init__.py -> /home/hs/ros2_study/install/bno055/lib/python3.10/site-packages/bno055/params
[2.048s] byte-compiling /home/hs/ros2_study/install/bno055/lib/python3.10/site-packages/bno055/registers.py to registers.cpython-310.pyc
[2.050s] byte-compiling /home/hs/ros2_study/install/bno055/lib/python3.10/site-packages/bno055/bno055.py to bno055.cpython-310.pyc
[2.052s] byte-compiling /home/hs/ros2_study/install/bno055/lib/python3.10/site-packages/bno055/error_handling/exceptions.py to exceptions.cpython-310.pyc
[2.052s] byte-compiling /home/hs/ros2_study/install/bno055/lib/python3.10/site-packages/bno055/error_handling/__init__.py to __init__.cpython-310.pyc
[2.052s] byte-compiling /home/hs/ros2_study/install/bno055/lib/python3.10/site-packages/bno055/connectors/i2c.py to i2c.cpython-310.pyc
[2.053s] byte-compiling /home/hs/ros2_study/install/bno055/lib/python3.10/site-packages/bno055/connectors/Connector.py to Connector.cpython-310.pyc
[2.056s] byte-compiling /home/hs/ros2_study/install/bno055/lib/python3.10/site-packages/bno055/connectors/uart.py to uart.cpython-310.pyc
[2.056s] byte-compiling /home/hs/ros2_study/install/bno055/lib/python3.10/site-packages/bno055/connectors/__init__.py to __init__.cpython-310.pyc
[2.056s] byte-compiling /home/hs/ros2_study/install/bno055/lib/python3.10/site-packages/bno055/sensor/SensorService.py to SensorService.cpython-310.pyc
[2.059s] byte-compiling /home/hs/ros2_study/install/bno055/lib/python3.10/site-packages/bno055/sensor/__init__.py to __init__.cpython-310.pyc
[2.060s] byte-compiling /home/hs/ros2_study/install/bno055/lib/python3.10/site-packages/bno055/__init__.py to __init__.cpython-310.pyc
[2.060s] byte-compiling /home/hs/ros2_study/install/bno055/lib/python3.10/site-packages/bno055/params/NodeParameters.py to NodeParameters.cpython-310.pyc
[2.062s] byte-compiling /home/hs/ros2_study/install/bno055/lib/python3.10/site-packages/bno055/params/__init__.py to __init__.cpython-310.pyc
[2.063s] running install_data
[2.063s] creating /home/hs/ros2_study/install/bno055/share/ament_index
[2.064s] creating /home/hs/ros2_study/install/bno055/share/ament_index/resource_index
[2.064s] creating /home/hs/ros2_study/install/bno055/share/ament_index/resource_index/packages
[2.064s] copying resource/bno055 -> /home/hs/ros2_study/install/bno055/share/ament_index/resource_index/packages
[2.064s] copying package.xml -> /home/hs/ros2_study/install/bno055/share/bno055
[2.064s] creating /home/hs/ros2_study/install/bno055/share/bno055/launch
[2.064s] copying launch/bno055.launch.py -> /home/hs/ros2_study/install/bno055/share/bno055/launch
[2.065s] creating /home/hs/ros2_study/install/bno055/share/bno055/params
[2.065s] copying bno055/params/bno055_params_test.yaml -> /home/hs/ros2_study/install/bno055/share/bno055/params
[2.065s] copying bno055/params/bno055_params_i2c.yaml -> /home/hs/ros2_study/install/bno055/share/bno055/params
[2.065s] copying bno055/params/bno055_params.yaml -> /home/hs/ros2_study/install/bno055/share/bno055/params
[2.065s] running install_egg_info
[2.070s] Copying ../../build/bno055/bno055.egg-info to /home/hs/ros2_study/install/bno055/lib/python3.10/site-packages/bno055-0.5.0-py3.10.egg-info
[2.071s] running install_scripts
[2.104s] Installing bno055 script to /home/hs/ros2_study/install/bno055/lib/bno055
[2.105s] writing list of installed files to '/home/hs/ros2_study/build/bno055/install.log'
[2.148s] Invoked command in '/home/hs/ros2_study/src/bno055' returned '0': PYTHONPATH=/home/hs/ros2_study/build/bno055/prefix_override:/usr/lib/python3/dist-packages/colcon_core/task/python/colcon_distutils_commands:/home/hs/ros2_study/install/bno055/lib/python3.10/site-packages:${PYTHONPATH} /usr/bin/python3 -W ignore:setup.py install is deprecated -W ignore:easy_install command is deprecated setup.py egg_info --egg-base ../../build/bno055 build --build-base /home/hs/ros2_study/build/bno055/build install --record /home/hs/ros2_study/build/bno055/install.log --single-version-externally-managed install_data
