[1.444s] Invoking command in '/home/hs/ros2_study/src/bno055': PYTHONPATH=/home/hs/ros2_study/build/bno055/prefix_override:/usr/lib/python3/dist-packages/colcon_core/task/python/colcon_distutils_commands:/home/hs/ros2_study/install/bno055/lib/python3.10/site-packages:${PYTHONPATH} /usr/bin/python3 -W ignore:setup.py install is deprecated -W ignore:easy_install command is deprecated setup.py egg_info --egg-base ../../build/bno055 build --build-base /home/hs/ros2_study/build/bno055/build install --record /home/hs/ros2_study/build/bno055/install.log --single-version-externally-managed install_data
[1.916s] running egg_info
[1.917s] writing ../../build/bno055/bno055.egg-info/PKG-INFO
[1.918s] writing dependency_links to ../../build/bno055/bno055.egg-info/dependency_links.txt
[1.918s] writing entry points to ../../build/bno055/bno055.egg-info/entry_points.txt
[1.918s] writing requirements to ../../build/bno055/bno055.egg-info/requires.txt
[1.918s] writing top-level names to ../../build/bno055/bno055.egg-info/top_level.txt
[1.923s] reading manifest file '../../build/bno055/bno055.egg-info/SOURCES.txt'
[1.923s] adding license file 'LICENSE'
[1.923s] adding license file 'AUTHORS'
[1.924s] writing manifest file '../../build/bno055/bno055.egg-info/SOURCES.txt'
[1.925s] running build
[1.925s] running build_py
[1.927s] running install
[1.927s] running install_lib
[1.931s] running install_data
[1.931s] running install_egg_info
[1.934s] removing '/home/hs/ros2_study/install/bno055/lib/python3.10/site-packages/bno055-0.5.0-py3.10.egg-info' (and everything under it)
[1.935s] Copying ../../build/bno055/bno055.egg-info to /home/hs/ros2_study/install/bno055/lib/python3.10/site-packages/bno055-0.5.0-py3.10.egg-info
[1.936s] running install_scripts
[1.970s] Installing bno055 script to /home/hs/ros2_study/install/bno055/lib/bno055
[1.971s] writing list of installed files to '/home/hs/ros2_study/build/bno055/install.log'
[2.019s] Invoked command in '/home/hs/ros2_study/src/bno055' returned '0': PYTHONPATH=/home/hs/ros2_study/build/bno055/prefix_override:/usr/lib/python3/dist-packages/colcon_core/task/python/colcon_distutils_commands:/home/hs/ros2_study/install/bno055/lib/python3.10/site-packages:${PYTHONPATH} /usr/bin/python3 -W ignore:setup.py install is deprecated -W ignore:easy_install command is deprecated setup.py egg_info --egg-base ../../build/bno055 build --build-base /home/hs/ros2_study/build/bno055/build install --record /home/hs/ros2_study/build/bno055/install.log --single-version-externally-managed install_data
