[  1%] Built target nexus_base_ros__cpp
[ 11%] Built target nexus_base_ros__rosidl_generator_c
[ 11%] Built target ament_cmake_python_copy_nexus_base_ros
[ 21%] Built target nexus_base_ros__rosidl_typesupport_cpp
[ 31%] Built target nexus_base_ros__rosidl_typesupport_introspection_cpp
[ 40%] Built target nexus_base_ros__rosidl_typesupport_fastrtps_cpp
[ 50%] Built target nexus_base_ros__rosidl_typesupport_c
[ 60%] Built target nexus_base_ros__rosidl_typesupport_fastrtps_c
[ 70%] Built target nexus_base_ros__rosidl_typesupport_introspection_c
[ 70%] Built target nexus_base_ros
[ 72%] Built target nexus_base_ros__py
[ 75%] Built target nexus_teleop_joy
[ 78%] Built target nexus_odometry
[ 86%] Built target nexus_base_ros__rosidl_generator_py
[ 88%] [32mBuilding CXX object CMakeFiles/nexus_serial_bridge.dir/src/nexus_serial_bridge.cpp.o[0m
[ 91%] Built target nexus_base_ros__rosidl_typesupport_introspection_c__pyext
[ 95%] Built target nexus_base_ros__rosidl_typesupport_fastrtps_c__pyext
[ 98%] Built target nexus_base_ros__rosidl_typesupport_c__pyext
running egg_info
writing nexus_base_ros.egg-info/PKG-INFO
writing dependency_links to nexus_base_ros.egg-info/dependency_links.txt
writing top-level names to nexus_base_ros.egg-info/top_level.txt
reading manifest file 'nexus_base_ros.egg-info/SOURCES.txt'
writing manifest file 'nexus_base_ros.egg-info/SOURCES.txt'
[ 98%] Built target ament_cmake_python_build_nexus_base_ros_egg
[100%] [32m[1mLinking CXX executable nexus_serial_bridge[0m
[100%] Built target nexus_serial_bridge
-- Install configuration: ""
-- Up-to-date: /home/hs/ros2_study/install/nexus_base_ros/share/ament_index/resource_index/rosidl_interfaces/nexus_base_ros
-- Up-to-date: /home/hs/ros2_study/install/nexus_base_ros/include/nexus_base_ros/nexus_base_ros
-- Up-to-date: /home/hs/ros2_study/install/nexus_base_ros/include/nexus_base_ros/nexus_base_ros/srv
-- Up-to-date: /home/hs/ros2_study/install/nexus_base_ros/include/nexus_base_ros/nexus_base_ros/srv/detail
-- Up-to-date: /home/hs/ros2_study/install/nexus_base_ros/include/nexus_base_ros/nexus_base_ros/srv/detail/arming_enable__type_support.h
-- Up-to-date: /home/hs/ros2_study/install/nexus_base_ros/include/nexus_base_ros/nexus_base_ros/srv/detail/emergency_stop_enable__functions.c
-- Up-to-date: /home/hs/ros2_study/install/nexus_base_ros/include/nexus_base_ros/nexus_base_ros/srv/detail/arming_enable__struct.h
-- Up-to-date: /home/hs/ros2_study/install/nexus_base_ros/include/nexus_base_ros/nexus_base_ros/srv/detail/arming_enable__functions.c
-- Up-to-date: /home/hs/ros2_study/install/nexus_base_ros/include/nexus_base_ros/nexus_base_ros/srv/detail/emergency_stop_enable__functions.h
-- Up-to-date: /home/hs/ros2_study/install/nexus_base_ros/include/nexus_base_ros/nexus_base_ros/srv/detail/emergency_stop_enable__struct.h
-- Up-to-date: /home/hs/ros2_study/install/nexus_base_ros/include/nexus_base_ros/nexus_base_ros/srv/detail/emergency_stop_enable__type_support.h
-- Up-to-date: /home/hs/ros2_study/install/nexus_base_ros/include/nexus_base_ros/nexus_base_ros/srv/detail/arming_enable__functions.h
-- Up-to-date: /home/hs/ros2_study/install/nexus_base_ros/include/nexus_base_ros/nexus_base_ros/srv/arming_enable.h
-- Up-to-date: /home/hs/ros2_study/install/nexus_base_ros/include/nexus_base_ros/nexus_base_ros/srv/emergency_stop_enable.h
-- Up-to-date: /home/hs/ros2_study/install/nexus_base_ros/include/nexus_base_ros/nexus_base_ros/msg
-- Up-to-date: /home/hs/ros2_study/install/nexus_base_ros/include/nexus_base_ros/nexus_base_ros/msg/detail
-- Up-to-date: /home/hs/ros2_study/install/nexus_base_ros/include/nexus_base_ros/nexus_base_ros/msg/detail/motors__functions.c
-- Up-to-date: /home/hs/ros2_study/install/nexus_base_ros/include/nexus_base_ros/nexus_base_ros/msg/detail/motors__struct.h
-- Up-to-date: /home/hs/ros2_study/install/nexus_base_ros/include/nexus_base_ros/nexus_base_ros/msg/detail/encoders__functions.h
-- Up-to-date: /home/hs/ros2_study/install/nexus_base_ros/include/nexus_base_ros/nexus_base_ros/msg/detail/motors__functions.h
-- Up-to-date: /home/hs/ros2_study/install/nexus_base_ros/include/nexus_base_ros/nexus_base_ros/msg/detail/encoders__type_support.h
-- Up-to-date: /home/hs/ros2_study/install/nexus_base_ros/include/nexus_base_ros/nexus_base_ros/msg/detail/motors__type_support.h
-- Up-to-date: /home/hs/ros2_study/install/nexus_base_ros/include/nexus_base_ros/nexus_base_ros/msg/detail/encoders__struct.h
-- Up-to-date: /home/hs/ros2_study/install/nexus_base_ros/include/nexus_base_ros/nexus_base_ros/msg/detail/encoders__functions.c
-- Up-to-date: /home/hs/ros2_study/install/nexus_base_ros/include/nexus_base_ros/nexus_base_ros/msg/rosidl_generator_c__visibility_control.h
-- Up-to-date: /home/hs/ros2_study/install/nexus_base_ros/include/nexus_base_ros/nexus_base_ros/msg/motors.h
-- Up-to-date: /home/hs/ros2_study/install/nexus_base_ros/include/nexus_base_ros/nexus_base_ros/msg/encoders.h
-- Up-to-date: /home/hs/ros2_study/install/nexus_base_ros/share/nexus_base_ros/environment/library_path.sh
-- Up-to-date: /home/hs/ros2_study/install/nexus_base_ros/share/nexus_base_ros/environment/library_path.dsv
-- Up-to-date: /home/hs/ros2_study/install/nexus_base_ros/lib/libnexus_base_ros__rosidl_generator_c.so
-- Up-to-date: /home/hs/ros2_study/install/nexus_base_ros/include/nexus_base_ros/nexus_base_ros
-- Up-to-date: /home/hs/ros2_study/install/nexus_base_ros/include/nexus_base_ros/nexus_base_ros/srv
-- Up-to-date: /home/hs/ros2_study/install/nexus_base_ros/include/nexus_base_ros/nexus_base_ros/srv/detail
-- Up-to-date: /home/hs/ros2_study/install/nexus_base_ros/include/nexus_base_ros/nexus_base_ros/srv/detail/arming_enable__rosidl_typesupport_fastrtps_c.h
-- Up-to-date: /home/hs/ros2_study/install/nexus_base_ros/include/nexus_base_ros/nexus_base_ros/srv/detail/emergency_stop_enable__rosidl_typesupport_fastrtps_c.h
-- Up-to-date: /home/hs/ros2_study/install/nexus_base_ros/include/nexus_base_ros/nexus_base_ros/msg
-- Up-to-date: /home/hs/ros2_study/install/nexus_base_ros/include/nexus_base_ros/nexus_base_ros/msg/detail
-- Up-to-date: /home/hs/ros2_study/install/nexus_base_ros/include/nexus_base_ros/nexus_base_ros/msg/detail/motors__rosidl_typesupport_fastrtps_c.h
-- Up-to-date: /home/hs/ros2_study/install/nexus_base_ros/include/nexus_base_ros/nexus_base_ros/msg/detail/encoders__rosidl_typesupport_fastrtps_c.h
-- Up-to-date: /home/hs/ros2_study/install/nexus_base_ros/include/nexus_base_ros/nexus_base_ros/msg/rosidl_typesupport_fastrtps_c__visibility_control.h
-- Up-to-date: /home/hs/ros2_study/install/nexus_base_ros/lib/libnexus_base_ros__rosidl_typesupport_fastrtps_c.so
-- Up-to-date: /home/hs/ros2_study/install/nexus_base_ros/include/nexus_base_ros/nexus_base_ros
-- Up-to-date: /home/hs/ros2_study/install/nexus_base_ros/include/nexus_base_ros/nexus_base_ros/srv
-- Up-to-date: /home/hs/ros2_study/install/nexus_base_ros/include/nexus_base_ros/nexus_base_ros/srv/detail
-- Up-to-date: /home/hs/ros2_study/install/nexus_base_ros/include/nexus_base_ros/nexus_base_ros/srv/detail/emergency_stop_enable__type_support.hpp
-- Up-to-date: /home/hs/ros2_study/install/nexus_base_ros/include/nexus_base_ros/nexus_base_ros/srv/detail/arming_enable__type_support.hpp
-- Up-to-date: /home/hs/ros2_study/install/nexus_base_ros/include/nexus_base_ros/nexus_base_ros/srv/detail/arming_enable__traits.hpp
-- Up-to-date: /home/hs/ros2_study/install/nexus_base_ros/include/nexus_base_ros/nexus_base_ros/srv/detail/arming_enable__builder.hpp
-- Up-to-date: /home/hs/ros2_study/install/nexus_base_ros/include/nexus_base_ros/nexus_base_ros/srv/detail/emergency_stop_enable__builder.hpp
-- Up-to-date: /home/hs/ros2_study/install/nexus_base_ros/include/nexus_base_ros/nexus_base_ros/srv/detail/emergency_stop_enable__traits.hpp
-- Up-to-date: /home/hs/ros2_study/install/nexus_base_ros/include/nexus_base_ros/nexus_base_ros/srv/detail/emergency_stop_enable__struct.hpp
-- Up-to-date: /home/hs/ros2_study/install/nexus_base_ros/include/nexus_base_ros/nexus_base_ros/srv/detail/arming_enable__struct.hpp
-- Up-to-date: /home/hs/ros2_study/install/nexus_base_ros/include/nexus_base_ros/nexus_base_ros/srv/emergency_stop_enable.hpp
-- Up-to-date: /home/hs/ros2_study/install/nexus_base_ros/include/nexus_base_ros/nexus_base_ros/srv/arming_enable.hpp
-- Up-to-date: /home/hs/ros2_study/install/nexus_base_ros/include/nexus_base_ros/nexus_base_ros/msg
-- Up-to-date: /home/hs/ros2_study/install/nexus_base_ros/include/nexus_base_ros/nexus_base_ros/msg/detail
-- Up-to-date: /home/hs/ros2_study/install/nexus_base_ros/include/nexus_base_ros/nexus_base_ros/msg/detail/encoders__type_support.hpp
-- Up-to-date: /home/hs/ros2_study/install/nexus_base_ros/include/nexus_base_ros/nexus_base_ros/msg/detail/encoders__struct.hpp
-- Up-to-date: /home/hs/ros2_study/install/nexus_base_ros/include/nexus_base_ros/nexus_base_ros/msg/detail/encoders__traits.hpp
-- Up-to-date: /home/hs/ros2_study/install/nexus_base_ros/include/nexus_base_ros/nexus_base_ros/msg/detail/motors__traits.hpp
-- Up-to-date: /home/hs/ros2_study/install/nexus_base_ros/include/nexus_base_ros/nexus_base_ros/msg/detail/encoders__builder.hpp
-- Up-to-date: /home/hs/ros2_study/install/nexus_base_ros/include/nexus_base_ros/nexus_base_ros/msg/detail/motors__builder.hpp
-- Up-to-date: /home/hs/ros2_study/install/nexus_base_ros/include/nexus_base_ros/nexus_base_ros/msg/detail/motors__struct.hpp
-- Up-to-date: /home/hs/ros2_study/install/nexus_base_ros/include/nexus_base_ros/nexus_base_ros/msg/detail/motors__type_support.hpp
-- Up-to-date: /home/hs/ros2_study/install/nexus_base_ros/include/nexus_base_ros/nexus_base_ros/msg/encoders.hpp
-- Up-to-date: /home/hs/ros2_study/install/nexus_base_ros/include/nexus_base_ros/nexus_base_ros/msg/motors.hpp
-- Up-to-date: /home/hs/ros2_study/install/nexus_base_ros/include/nexus_base_ros/nexus_base_ros/msg/rosidl_generator_cpp__visibility_control.hpp
-- Up-to-date: /home/hs/ros2_study/install/nexus_base_ros/include/nexus_base_ros/nexus_base_ros
-- Up-to-date: /home/hs/ros2_study/install/nexus_base_ros/include/nexus_base_ros/nexus_base_ros/srv
-- Up-to-date: /home/hs/ros2_study/install/nexus_base_ros/include/nexus_base_ros/nexus_base_ros/srv/detail
-- Up-to-date: /home/hs/ros2_study/install/nexus_base_ros/include/nexus_base_ros/nexus_base_ros/srv/detail/arming_enable__rosidl_typesupport_fastrtps_cpp.hpp
-- Up-to-date: /home/hs/ros2_study/install/nexus_base_ros/include/nexus_base_ros/nexus_base_ros/srv/detail/emergency_stop_enable__rosidl_typesupport_fastrtps_cpp.hpp
-- Up-to-date: /home/hs/ros2_study/install/nexus_base_ros/include/nexus_base_ros/nexus_base_ros/srv/detail/dds_fastrtps
-- Up-to-date: /home/hs/ros2_study/install/nexus_base_ros/include/nexus_base_ros/nexus_base_ros/msg
-- Up-to-date: /home/hs/ros2_study/install/nexus_base_ros/include/nexus_base_ros/nexus_base_ros/msg/detail
-- Up-to-date: /home/hs/ros2_study/install/nexus_base_ros/include/nexus_base_ros/nexus_base_ros/msg/detail/dds_fastrtps
-- Up-to-date: /home/hs/ros2_study/install/nexus_base_ros/include/nexus_base_ros/nexus_base_ros/msg/detail/encoders__rosidl_typesupport_fastrtps_cpp.hpp
-- Up-to-date: /home/hs/ros2_study/install/nexus_base_ros/include/nexus_base_ros/nexus_base_ros/msg/detail/motors__rosidl_typesupport_fastrtps_cpp.hpp
-- Up-to-date: /home/hs/ros2_study/install/nexus_base_ros/include/nexus_base_ros/nexus_base_ros/msg/rosidl_typesupport_fastrtps_cpp__visibility_control.h
-- Up-to-date: /home/hs/ros2_study/install/nexus_base_ros/lib/libnexus_base_ros__rosidl_typesupport_fastrtps_cpp.so
-- Up-to-date: /home/hs/ros2_study/install/nexus_base_ros/include/nexus_base_ros/nexus_base_ros
-- Up-to-date: /home/hs/ros2_study/install/nexus_base_ros/include/nexus_base_ros/nexus_base_ros/srv
-- Up-to-date: /home/hs/ros2_study/install/nexus_base_ros/include/nexus_base_ros/nexus_base_ros/srv/detail
-- Up-to-date: /home/hs/ros2_study/install/nexus_base_ros/include/nexus_base_ros/nexus_base_ros/srv/detail/emergency_stop_enable__type_support.c
-- Up-to-date: /home/hs/ros2_study/install/nexus_base_ros/include/nexus_base_ros/nexus_base_ros/srv/detail/arming_enable__type_support.c
-- Up-to-date: /home/hs/ros2_study/install/nexus_base_ros/include/nexus_base_ros/nexus_base_ros/srv/detail/emergency_stop_enable__rosidl_typesupport_introspection_c.h
-- Up-to-date: /home/hs/ros2_study/install/nexus_base_ros/include/nexus_base_ros/nexus_base_ros/srv/detail/arming_enable__rosidl_typesupport_introspection_c.h
-- Up-to-date: /home/hs/ros2_study/install/nexus_base_ros/include/nexus_base_ros/nexus_base_ros/msg
-- Up-to-date: /home/hs/ros2_study/install/nexus_base_ros/include/nexus_base_ros/nexus_base_ros/msg/rosidl_typesupport_introspection_c__visibility_control.h
-- Up-to-date: /home/hs/ros2_study/install/nexus_base_ros/include/nexus_base_ros/nexus_base_ros/msg/detail
-- Up-to-date: /home/hs/ros2_study/install/nexus_base_ros/include/nexus_base_ros/nexus_base_ros/msg/detail/motors__type_support.c
-- Up-to-date: /home/hs/ros2_study/install/nexus_base_ros/include/nexus_base_ros/nexus_base_ros/msg/detail/motors__rosidl_typesupport_introspection_c.h
-- Up-to-date: /home/hs/ros2_study/install/nexus_base_ros/include/nexus_base_ros/nexus_base_ros/msg/detail/encoders__type_support.c
-- Up-to-date: /home/hs/ros2_study/install/nexus_base_ros/include/nexus_base_ros/nexus_base_ros/msg/detail/encoders__rosidl_typesupport_introspection_c.h
-- Up-to-date: /home/hs/ros2_study/install/nexus_base_ros/lib/libnexus_base_ros__rosidl_typesupport_introspection_c.so
-- Up-to-date: /home/hs/ros2_study/install/nexus_base_ros/lib/libnexus_base_ros__rosidl_typesupport_c.so
-- Up-to-date: /home/hs/ros2_study/install/nexus_base_ros/include/nexus_base_ros/nexus_base_ros
-- Up-to-date: /home/hs/ros2_study/install/nexus_base_ros/include/nexus_base_ros/nexus_base_ros/srv
-- Up-to-date: /home/hs/ros2_study/install/nexus_base_ros/include/nexus_base_ros/nexus_base_ros/srv/detail
-- Up-to-date: /home/hs/ros2_study/install/nexus_base_ros/include/nexus_base_ros/nexus_base_ros/srv/detail/arming_enable__type_support.cpp
-- Up-to-date: /home/hs/ros2_study/install/nexus_base_ros/include/nexus_base_ros/nexus_base_ros/srv/detail/emergency_stop_enable__type_support.cpp
-- Up-to-date: /home/hs/ros2_study/install/nexus_base_ros/include/nexus_base_ros/nexus_base_ros/srv/detail/emergency_stop_enable__rosidl_typesupport_introspection_cpp.hpp
-- Up-to-date: /home/hs/ros2_study/install/nexus_base_ros/include/nexus_base_ros/nexus_base_ros/srv/detail/arming_enable__rosidl_typesupport_introspection_cpp.hpp
-- Up-to-date: /home/hs/ros2_study/install/nexus_base_ros/include/nexus_base_ros/nexus_base_ros/msg
-- Up-to-date: /home/hs/ros2_study/install/nexus_base_ros/include/nexus_base_ros/nexus_base_ros/msg/detail
-- Up-to-date: /home/hs/ros2_study/install/nexus_base_ros/include/nexus_base_ros/nexus_base_ros/msg/detail/motors__type_support.cpp
-- Up-to-date: /home/hs/ros2_study/install/nexus_base_ros/include/nexus_base_ros/nexus_base_ros/msg/detail/encoders__rosidl_typesupport_introspection_cpp.hpp
-- Up-to-date: /home/hs/ros2_study/install/nexus_base_ros/include/nexus_base_ros/nexus_base_ros/msg/detail/encoders__type_support.cpp
-- Up-to-date: /home/hs/ros2_study/install/nexus_base_ros/include/nexus_base_ros/nexus_base_ros/msg/detail/motors__rosidl_typesupport_introspection_cpp.hpp
-- Up-to-date: /home/hs/ros2_study/install/nexus_base_ros/lib/libnexus_base_ros__rosidl_typesupport_introspection_cpp.so
-- Up-to-date: /home/hs/ros2_study/install/nexus_base_ros/lib/libnexus_base_ros__rosidl_typesupport_cpp.so
-- Up-to-date: /home/hs/ros2_study/install/nexus_base_ros/share/nexus_base_ros/environment/pythonpath.sh
-- Up-to-date: /home/hs/ros2_study/install/nexus_base_ros/share/nexus_base_ros/environment/pythonpath.dsv
-- Up-to-date: /home/hs/ros2_study/install/nexus_base_ros/local/lib/python3.10/dist-packages/nexus_base_ros-1.0.0-py3.10.egg-info
-- Installing: /home/hs/ros2_study/install/nexus_base_ros/local/lib/python3.10/dist-packages/nexus_base_ros-1.0.0-py3.10.egg-info/dependency_links.txt
-- Installing: /home/hs/ros2_study/install/nexus_base_ros/local/lib/python3.10/dist-packages/nexus_base_ros-1.0.0-py3.10.egg-info/PKG-INFO
-- Installing: /home/hs/ros2_study/install/nexus_base_ros/local/lib/python3.10/dist-packages/nexus_base_ros-1.0.0-py3.10.egg-info/SOURCES.txt
-- Installing: /home/hs/ros2_study/install/nexus_base_ros/local/lib/python3.10/dist-packages/nexus_base_ros-1.0.0-py3.10.egg-info/top_level.txt
-- Up-to-date: /home/hs/ros2_study/install/nexus_base_ros/local/lib/python3.10/dist-packages/nexus_base_ros
-- Up-to-date: /home/hs/ros2_study/install/nexus_base_ros/local/lib/python3.10/dist-packages/nexus_base_ros/_nexus_base_ros_s.ep.rosidl_typesupport_fastrtps_c.c
-- Up-to-date: /home/hs/ros2_study/install/nexus_base_ros/local/lib/python3.10/dist-packages/nexus_base_ros/libnexus_base_ros__rosidl_generator_py.so
-- Up-to-date: /home/hs/ros2_study/install/nexus_base_ros/local/lib/python3.10/dist-packages/nexus_base_ros/nexus_base_ros_s__rosidl_typesupport_c.cpython-310-x86_64-linux-gnu.so
-- Up-to-date: /home/hs/ros2_study/install/nexus_base_ros/local/lib/python3.10/dist-packages/nexus_base_ros/nexus_base_ros_s__rosidl_typesupport_fastrtps_c.cpython-310-x86_64-linux-gnu.so
-- Up-to-date: /home/hs/ros2_study/install/nexus_base_ros/local/lib/python3.10/dist-packages/nexus_base_ros/_nexus_base_ros_s.ep.rosidl_typesupport_introspection_c.c
-- Up-to-date: /home/hs/ros2_study/install/nexus_base_ros/local/lib/python3.10/dist-packages/nexus_base_ros/_nexus_base_ros_s.ep.rosidl_typesupport_c.c
-- Up-to-date: /home/hs/ros2_study/install/nexus_base_ros/local/lib/python3.10/dist-packages/nexus_base_ros/srv
-- Up-to-date: /home/hs/ros2_study/install/nexus_base_ros/local/lib/python3.10/dist-packages/nexus_base_ros/srv/_arming_enable.py
-- Up-to-date: /home/hs/ros2_study/install/nexus_base_ros/local/lib/python3.10/dist-packages/nexus_base_ros/srv/_emergency_stop_enable_s.c
-- Up-to-date: /home/hs/ros2_study/install/nexus_base_ros/local/lib/python3.10/dist-packages/nexus_base_ros/srv/__init__.py
-- Up-to-date: /home/hs/ros2_study/install/nexus_base_ros/local/lib/python3.10/dist-packages/nexus_base_ros/srv/_arming_enable_s.c
-- Up-to-date: /home/hs/ros2_study/install/nexus_base_ros/local/lib/python3.10/dist-packages/nexus_base_ros/srv/_emergency_stop_enable.py
-- Up-to-date: /home/hs/ros2_study/install/nexus_base_ros/local/lib/python3.10/dist-packages/nexus_base_ros/msg
-- Up-to-date: /home/hs/ros2_study/install/nexus_base_ros/local/lib/python3.10/dist-packages/nexus_base_ros/msg/_encoders.py
-- Up-to-date: /home/hs/ros2_study/install/nexus_base_ros/local/lib/python3.10/dist-packages/nexus_base_ros/msg/_motors.py
-- Up-to-date: /home/hs/ros2_study/install/nexus_base_ros/local/lib/python3.10/dist-packages/nexus_base_ros/msg/_encoders_s.c
-- Up-to-date: /home/hs/ros2_study/install/nexus_base_ros/local/lib/python3.10/dist-packages/nexus_base_ros/msg/_motors_s.c
-- Up-to-date: /home/hs/ros2_study/install/nexus_base_ros/local/lib/python3.10/dist-packages/nexus_base_ros/msg/__init__.py
-- Up-to-date: /home/hs/ros2_study/install/nexus_base_ros/local/lib/python3.10/dist-packages/nexus_base_ros/__init__.py
-- Up-to-date: /home/hs/ros2_study/install/nexus_base_ros/local/lib/python3.10/dist-packages/nexus_base_ros/nexus_base_ros_s__rosidl_typesupport_introspection_c.cpython-310-x86_64-linux-gnu.so
Listing '/home/hs/ros2_study/install/nexus_base_ros/local/lib/python3.10/dist-packages/nexus_base_ros'...
Listing '/home/hs/ros2_study/install/nexus_base_ros/local/lib/python3.10/dist-packages/nexus_base_ros/msg'...
Listing '/home/hs/ros2_study/install/nexus_base_ros/local/lib/python3.10/dist-packages/nexus_base_ros/srv'...
-- Up-to-date: /home/hs/ros2_study/install/nexus_base_ros/local/lib/python3.10/dist-packages/nexus_base_ros/nexus_base_ros_s__rosidl_typesupport_fastrtps_c.cpython-310-x86_64-linux-gnu.so
-- Up-to-date: /home/hs/ros2_study/install/nexus_base_ros/local/lib/python3.10/dist-packages/nexus_base_ros/nexus_base_ros_s__rosidl_typesupport_introspection_c.cpython-310-x86_64-linux-gnu.so
-- Up-to-date: /home/hs/ros2_study/install/nexus_base_ros/local/lib/python3.10/dist-packages/nexus_base_ros/nexus_base_ros_s__rosidl_typesupport_c.cpython-310-x86_64-linux-gnu.so
-- Up-to-date: /home/hs/ros2_study/install/nexus_base_ros/lib/libnexus_base_ros__rosidl_generator_py.so
-- Up-to-date: /home/hs/ros2_study/install/nexus_base_ros/share/nexus_base_ros/msg/Encoders.idl
-- Up-to-date: /home/hs/ros2_study/install/nexus_base_ros/share/nexus_base_ros/msg/Motors.idl
-- Up-to-date: /home/hs/ros2_study/install/nexus_base_ros/share/nexus_base_ros/srv/EmergencyStopEnable.idl
-- Up-to-date: /home/hs/ros2_study/install/nexus_base_ros/share/nexus_base_ros/srv/ArmingEnable.idl
-- Up-to-date: /home/hs/ros2_study/install/nexus_base_ros/share/nexus_base_ros/msg/Encoders.msg
-- Up-to-date: /home/hs/ros2_study/install/nexus_base_ros/share/nexus_base_ros/msg/Motors.msg
-- Up-to-date: /home/hs/ros2_study/install/nexus_base_ros/share/nexus_base_ros/srv/EmergencyStopEnable.srv
-- Up-to-date: /home/hs/ros2_study/install/nexus_base_ros/share/nexus_base_ros/srv/EmergencyStopEnable_Request.msg
-- Up-to-date: /home/hs/ros2_study/install/nexus_base_ros/share/nexus_base_ros/srv/EmergencyStopEnable_Response.msg
-- Up-to-date: /home/hs/ros2_study/install/nexus_base_ros/share/nexus_base_ros/srv/ArmingEnable.srv
-- Up-to-date: /home/hs/ros2_study/install/nexus_base_ros/share/nexus_base_ros/srv/ArmingEnable_Request.msg
-- Up-to-date: /home/hs/ros2_study/install/nexus_base_ros/share/nexus_base_ros/srv/ArmingEnable_Response.msg
-- Installing: /home/hs/ros2_study/install/nexus_base_ros/lib/nexus_base_ros/nexus_serial_bridge
-- Set non-toolchain portion of runtime path of "/home/hs/ros2_study/install/nexus_base_ros/lib/nexus_base_ros/nexus_serial_bridge" to ""
-- Up-to-date: /home/hs/ros2_study/install/nexus_base_ros/lib/nexus_base_ros/nexus_odometry
-- Up-to-date: /home/hs/ros2_study/install/nexus_base_ros/lib/nexus_base_ros/nexus_teleop_joy
-- Up-to-date: /home/hs/ros2_study/install/nexus_base_ros/share/nexus_base_ros/launch
-- Up-to-date: /home/hs/ros2_study/install/nexus_base_ros/share/nexus_base_ros/launch/nexus_bringup.launch.py
-- Up-to-date: /home/hs/ros2_study/install/nexus_base_ros/share/ament_index/resource_index/package_run_dependencies/nexus_base_ros
-- Up-to-date: /home/hs/ros2_study/install/nexus_base_ros/share/ament_index/resource_index/parent_prefix_path/nexus_base_ros
-- Up-to-date: /home/hs/ros2_study/install/nexus_base_ros/share/nexus_base_ros/environment/ament_prefix_path.sh
-- Up-to-date: /home/hs/ros2_study/install/nexus_base_ros/share/nexus_base_ros/environment/ament_prefix_path.dsv
-- Up-to-date: /home/hs/ros2_study/install/nexus_base_ros/share/nexus_base_ros/environment/path.sh
-- Up-to-date: /home/hs/ros2_study/install/nexus_base_ros/share/nexus_base_ros/environment/path.dsv
-- Up-to-date: /home/hs/ros2_study/install/nexus_base_ros/share/nexus_base_ros/local_setup.bash
-- Up-to-date: /home/hs/ros2_study/install/nexus_base_ros/share/nexus_base_ros/local_setup.sh
-- Up-to-date: /home/hs/ros2_study/install/nexus_base_ros/share/nexus_base_ros/local_setup.zsh
-- Up-to-date: /home/hs/ros2_study/install/nexus_base_ros/share/nexus_base_ros/local_setup.dsv
-- Installing: /home/hs/ros2_study/install/nexus_base_ros/share/nexus_base_ros/package.dsv
-- Up-to-date: /home/hs/ros2_study/install/nexus_base_ros/share/ament_index/resource_index/packages/nexus_base_ros
-- Up-to-date: /home/hs/ros2_study/install/nexus_base_ros/share/nexus_base_ros/cmake/export_nexus_base_ros__rosidl_generator_cExport.cmake
-- Up-to-date: /home/hs/ros2_study/install/nexus_base_ros/share/nexus_base_ros/cmake/export_nexus_base_ros__rosidl_generator_cExport-noconfig.cmake
-- Up-to-date: /home/hs/ros2_study/install/nexus_base_ros/share/nexus_base_ros/cmake/export_nexus_base_ros__rosidl_typesupport_fastrtps_cExport.cmake
-- Up-to-date: /home/hs/ros2_study/install/nexus_base_ros/share/nexus_base_ros/cmake/export_nexus_base_ros__rosidl_typesupport_fastrtps_cExport-noconfig.cmake
-- Up-to-date: /home/hs/ros2_study/install/nexus_base_ros/share/nexus_base_ros/cmake/export_nexus_base_ros__rosidl_generator_cppExport.cmake
-- Up-to-date: /home/hs/ros2_study/install/nexus_base_ros/share/nexus_base_ros/cmake/export_nexus_base_ros__rosidl_typesupport_fastrtps_cppExport.cmake
-- Up-to-date: /home/hs/ros2_study/install/nexus_base_ros/share/nexus_base_ros/cmake/export_nexus_base_ros__rosidl_typesupport_fastrtps_cppExport-noconfig.cmake
-- Up-to-date: /home/hs/ros2_study/install/nexus_base_ros/share/nexus_base_ros/cmake/nexus_base_ros__rosidl_typesupport_introspection_cExport.cmake
-- Up-to-date: /home/hs/ros2_study/install/nexus_base_ros/share/nexus_base_ros/cmake/nexus_base_ros__rosidl_typesupport_introspection_cExport-noconfig.cmake
-- Up-to-date: /home/hs/ros2_study/install/nexus_base_ros/share/nexus_base_ros/cmake/nexus_base_ros__rosidl_typesupport_cExport.cmake
-- Up-to-date: /home/hs/ros2_study/install/nexus_base_ros/share/nexus_base_ros/cmake/nexus_base_ros__rosidl_typesupport_cExport-noconfig.cmake
-- Up-to-date: /home/hs/ros2_study/install/nexus_base_ros/share/nexus_base_ros/cmake/nexus_base_ros__rosidl_typesupport_introspection_cppExport.cmake
-- Up-to-date: /home/hs/ros2_study/install/nexus_base_ros/share/nexus_base_ros/cmake/nexus_base_ros__rosidl_typesupport_introspection_cppExport-noconfig.cmake
-- Up-to-date: /home/hs/ros2_study/install/nexus_base_ros/share/nexus_base_ros/cmake/nexus_base_ros__rosidl_typesupport_cppExport.cmake
-- Up-to-date: /home/hs/ros2_study/install/nexus_base_ros/share/nexus_base_ros/cmake/nexus_base_ros__rosidl_typesupport_cppExport-noconfig.cmake
-- Up-to-date: /home/hs/ros2_study/install/nexus_base_ros/share/nexus_base_ros/cmake/export_nexus_base_ros__rosidl_generator_pyExport.cmake
-- Up-to-date: /home/hs/ros2_study/install/nexus_base_ros/share/nexus_base_ros/cmake/export_nexus_base_ros__rosidl_generator_pyExport-noconfig.cmake
-- Up-to-date: /home/hs/ros2_study/install/nexus_base_ros/share/nexus_base_ros/cmake/rosidl_cmake-extras.cmake
-- Up-to-date: /home/hs/ros2_study/install/nexus_base_ros/share/nexus_base_ros/cmake/ament_cmake_export_dependencies-extras.cmake
-- Up-to-date: /home/hs/ros2_study/install/nexus_base_ros/share/nexus_base_ros/cmake/ament_cmake_export_include_directories-extras.cmake
-- Up-to-date: /home/hs/ros2_study/install/nexus_base_ros/share/nexus_base_ros/cmake/ament_cmake_export_libraries-extras.cmake
-- Up-to-date: /home/hs/ros2_study/install/nexus_base_ros/share/nexus_base_ros/cmake/ament_cmake_export_targets-extras.cmake
-- Up-to-date: /home/hs/ros2_study/install/nexus_base_ros/share/nexus_base_ros/cmake/rosidl_cmake_export_typesupport_targets-extras.cmake
-- Up-to-date: /home/hs/ros2_study/install/nexus_base_ros/share/nexus_base_ros/cmake/rosidl_cmake_export_typesupport_libraries-extras.cmake
-- Up-to-date: /home/hs/ros2_study/install/nexus_base_ros/share/nexus_base_ros/cmake/nexus_base_rosConfig.cmake
-- Up-to-date: /home/hs/ros2_study/install/nexus_base_ros/share/nexus_base_ros/cmake/nexus_base_rosConfig-version.cmake
-- Up-to-date: /home/hs/ros2_study/install/nexus_base_ros/share/nexus_base_ros/package.xml
