[1.536s] Invoking command in '/home/hs/ros2_study/src/bno055': PYTHONPATH=/home/hs/ros2_study/build/bno055/prefix_override:/usr/lib/python3/dist-packages/colcon_core/task/python/colcon_distutils_commands:/home/hs/ros2_study/install/bno055/lib/python3.10/site-packages:${PYTHONPATH} /usr/bin/python3 -W ignore:setup.py install is deprecated -W ignore:easy_install command is deprecated setup.py egg_info --egg-base ../../build/bno055 build --build-base /home/hs/ros2_study/build/bno055/build install --record /home/hs/ros2_study/build/bno055/install.log --single-version-externally-managed install_data
[2.048s] running egg_info
[2.049s] writing ../../build/bno055/bno055.egg-info/PKG-INFO
[2.049s] writing dependency_links to ../../build/bno055/bno055.egg-info/dependency_links.txt
[2.049s] writing entry points to ../../build/bno055/bno055.egg-info/entry_points.txt
[2.050s] writing requirements to ../../build/bno055/bno055.egg-info/requires.txt
[2.050s] writing top-level names to ../../build/bno055/bno055.egg-info/top_level.txt
[2.054s] reading manifest file '../../build/bno055/bno055.egg-info/SOURCES.txt'
[2.055s] adding license file 'LICENSE'
[2.055s] adding license file 'AUTHORS'
[2.057s] writing manifest file '../../build/bno055/bno055.egg-info/SOURCES.txt'
[2.057s] running build
[2.058s] running build_py
[2.060s] running install
[2.061s] running install_lib
[2.064s] running install_data
[2.064s] running install_egg_info
[2.067s] removing '/home/hs/ros2_study/install/bno055/lib/python3.10/site-packages/bno055-0.5.0-py3.10.egg-info' (and everything under it)
[2.067s] Copying ../../build/bno055/bno055.egg-info to /home/hs/ros2_study/install/bno055/lib/python3.10/site-packages/bno055-0.5.0-py3.10.egg-info
[2.069s] running install_scripts
[2.103s] Installing bno055 script to /home/hs/ros2_study/install/bno055/lib/bno055
[2.104s] writing list of installed files to '/home/hs/ros2_study/build/bno055/install.log'
[2.152s] Invoked command in '/home/hs/ros2_study/src/bno055' returned '0': PYTHONPATH=/home/hs/ros2_study/build/bno055/prefix_override:/usr/lib/python3/dist-packages/colcon_core/task/python/colcon_distutils_commands:/home/hs/ros2_study/install/bno055/lib/python3.10/site-packages:${PYTHONPATH} /usr/bin/python3 -W ignore:setup.py install is deprecated -W ignore:easy_install command is deprecated setup.py egg_info --egg-base ../../build/bno055 build --build-base /home/hs/ros2_study/build/bno055/build install --record /home/hs/ros2_study/build/bno055/install.log --single-version-externally-managed install_data
