-- Found ament_cmake: 1.3.12 (/opt/ros/humble/share/ament_cmake/cmake)
-- Found rclcpp: 16.0.17 (/opt/ros/humble/share/rclcpp/cmake)
-- Found rosidl_generator_c: 3.1.8 (/opt/ros/humble/share/rosidl_generator_c/cmake)
-- Found rosidl_adapter: 3.1.8 (/opt/ros/humble/share/rosidl_adapter/cmake)
-- Found rosidl_generator_cpp: 3.1.8 (/opt/ros/humble/share/rosidl_generator_cpp/cmake)
-- Using all available rosidl_typesupport_c: rosidl_typesupport_fastrtps_c;rosidl_typesupport_introspection_c
-- Using all available rosidl_typesupport_cpp: rosidl_typesupport_fastrtps_cpp;rosidl_typesupport_introspection_cpp
-- Found rmw_implementation_cmake: 6.1.2 (/opt/ros/humble/share/rmw_implementation_cmake/cmake)
-- Found rmw_fastrtps_cpp: 6.2.9 (/opt/ros/humble/share/rmw_fastrtps_cpp/cmake)
-- Using RMW implementation 'rmw_fastrtps_cpp' as default
-- Found geometry_msgs: 4.9.0 (/opt/ros/humble/share/geometry_msgs/cmake)
-- Found sensor_msgs: 4.9.0 (/opt/ros/humble/share/sensor_msgs/cmake)
-- Found nav_msgs: 4.9.0 (/opt/ros/humble/share/nav_msgs/cmake)
-- Found tf2: 0.25.18 (/opt/ros/humble/share/tf2/cmake)
-- Found tf2_ros: 0.25.18 (/opt/ros/humble/share/tf2_ros/cmake)
-- Found rosidl_default_generators: 1.2.0 (/opt/ros/humble/share/rosidl_default_generators/cmake)
-- Found ament_cmake_ros: 0.10.0 (/opt/ros/humble/share/ament_cmake_ros/cmake)
-- Using all available rosidl_typesupport_c: rosidl_typesupport_fastrtps_c;rosidl_typesupport_introspection_c
-- Using all available rosidl_typesupport_cpp: rosidl_typesupport_fastrtps_cpp;rosidl_typesupport_introspection_cpp
[33mCMake Warning (dev) at /opt/ros/humble/share/rosidl_generator_py/cmake/rosidl_generator_py_generate_interfaces.cmake:20 (find_package):
  Policy CMP0148 is not set: The FindPythonInterp and FindPythonLibs modules
  are removed.  Run "cmake --help-policy CMP0148" for policy details.  Use
  the cmake_policy command to set the policy and suppress this warning.

Call Stack (most recent call first):
  /opt/ros/humble/share/ament_cmake_core/cmake/core/ament_execute_extensions.cmake:48 (include)
  /opt/ros/humble/share/rosidl_cmake/cmake/rosidl_generate_interfaces.cmake:286 (ament_execute_extensions)
  CMakeLists.txt:29 (rosidl_generate_interfaces)
This warning is for project developers.  Use -Wno-dev to suppress it.
[0m
-- Found python_cmake_module: 0.10.0 (/opt/ros/humble/share/python_cmake_module/cmake)
[33mCMake Warning (dev) at /opt/ros/humble/share/python_cmake_module/cmake/Modules/FindPythonExtra.cmake:52 (find_package):
  Policy CMP0148 is not set: The FindPythonInterp and FindPythonLibs modules
  are removed.  Run "cmake --help-policy CMP0148" for policy details.  Use
  the cmake_policy command to set the policy and suppress this warning.

Call Stack (most recent call first):
  /opt/ros/humble/share/rosidl_generator_py/cmake/rosidl_generator_py_generate_interfaces.cmake:23 (find_package)
  /opt/ros/humble/share/ament_cmake_core/cmake/core/ament_execute_extensions.cmake:48 (include)
  /opt/ros/humble/share/rosidl_cmake/cmake/rosidl_generate_interfaces.cmake:286 (ament_execute_extensions)
  CMakeLists.txt:29 (rosidl_generate_interfaces)
This warning is for project developers.  Use -Wno-dev to suppress it.
[0m
[33mCMake Warning (dev) at /opt/ros/humble/share/python_cmake_module/cmake/Modules/FindPythonExtra.cmake:140 (find_package):
  Policy CMP0148 is not set: The FindPythonInterp and FindPythonLibs modules
  are removed.  Run "cmake --help-policy CMP0148" for policy details.  Use
  the cmake_policy command to set the policy and suppress this warning.

Call Stack (most recent call first):
  /opt/ros/humble/share/rosidl_generator_py/cmake/rosidl_generator_py_generate_interfaces.cmake:23 (find_package)
  /opt/ros/humble/share/ament_cmake_core/cmake/core/ament_execute_extensions.cmake:48 (include)
  /opt/ros/humble/share/rosidl_cmake/cmake/rosidl_generate_interfaces.cmake:286 (ament_execute_extensions)
  CMakeLists.txt:29 (rosidl_generate_interfaces)
This warning is for project developers.  Use -Wno-dev to suppress it.
[0m
-- Using PYTHON_EXECUTABLE: /usr/bin/python3
-- Using PYTHON_INCLUDE_DIRS: /usr/include/python3.10
-- Using PYTHON_LIBRARIES: /usr/lib/x86_64-linux-gnu/libpython3.10.so
[0mCMake Deprecation Warning at /opt/ros/humble/share/rosidl_cmake/cmake/rosidl_target_interfaces.cmake:32 (message):
  Use rosidl_get_typesupport_target() and target_link_libraries() instead of
  rosidl_target_interfaces()
Call Stack (most recent call first):
  CMakeLists.txt:65 (rosidl_target_interfaces)

[0m
[0mCMake Deprecation Warning at /opt/ros/humble/share/rosidl_cmake/cmake/rosidl_target_interfaces.cmake:32 (message):
  Use rosidl_get_typesupport_target() and target_link_libraries() instead of
  rosidl_target_interfaces()
Call Stack (most recent call first):
  CMakeLists.txt:66 (rosidl_target_interfaces)

[0m
[0mCMake Deprecation Warning at /opt/ros/humble/share/rosidl_cmake/cmake/rosidl_target_interfaces.cmake:32 (message):
  Use rosidl_get_typesupport_target() and target_link_libraries() instead of
  rosidl_target_interfaces()
Call Stack (most recent call first):
  CMakeLists.txt:67 (rosidl_target_interfaces)

[0m
-- Configuring done (3.6s)
-- Generating done (0.1s)
-- Build files have been written to: /home/hs/ros2_study/build/nexus_base_ros
[  1%] [34m[1mGenerating C code for ROS interfaces[0m
[  3%] [34m[1mGenerating C++ code for ROS interfaces[0m
[  3%] Built target ament_cmake_python_copy_nexus_base_ros
running egg_info
writing nexus_base_ros.egg-info/PKG-INFO
writing dependency_links to nexus_base_ros.egg-info/dependency_links.txt
writing top-level names to nexus_base_ros.egg-info/top_level.txt
reading manifest file 'nexus_base_ros.egg-info/SOURCES.txt'
writing manifest file 'nexus_base_ros.egg-info/SOURCES.txt'
[  3%] Built target ament_cmake_python_build_nexus_base_ros_egg
[  3%] Built target nexus_base_ros__cpp
[  6%] [32mBuilding C object CMakeFiles/nexus_base_ros__rosidl_generator_c.dir/rosidl_generator_c/nexus_base_ros/msg/detail/motors__functions.c.o[0m
[  6%] [32mBuilding C object CMakeFiles/nexus_base_ros__rosidl_generator_c.dir/rosidl_generator_c/nexus_base_ros/msg/detail/encoders__functions.c.o[0m
[  8%] [32mBuilding C object CMakeFiles/nexus_base_ros__rosidl_generator_c.dir/rosidl_generator_c/nexus_base_ros/srv/detail/arming_enable__functions.c.o[0m
[  9%] [32mBuilding C object CMakeFiles/nexus_base_ros__rosidl_generator_c.dir/rosidl_generator_c/nexus_base_ros/srv/detail/emergency_stop_enable__functions.c.o[0m
[ 11%] [34m[1mGenerating C++ type support dispatch for ROS interfaces[0m
[ 13%] [34m[1mGenerating C++ type support for eProsima Fast-RTPS[0m
[ 14%] [34m[1mGenerating C++ introspection for ROS interfaces[0m
[ 16%] [32m[1mLinking C shared library libnexus_base_ros__rosidl_generator_c.so[0m
[ 16%] Built target nexus_base_ros__rosidl_generator_c
[ 18%] [34m[1mGenerating C type support for eProsima Fast-RTPS[0m
[ 21%] [34m[1mGenerating C type support dispatch for ROS interfaces[0m
[ 21%] [34m[1mGenerating C introspection for ROS interfaces[0m
[ 22%] [32mBuilding CXX object CMakeFiles/nexus_base_ros__rosidl_typesupport_cpp.dir/rosidl_typesupport_cpp/nexus_base_ros/msg/motors__type_support.cpp.o[0m
[ 24%] [32mBuilding CXX object CMakeFiles/nexus_base_ros__rosidl_typesupport_cpp.dir/rosidl_typesupport_cpp/nexus_base_ros/msg/encoders__type_support.cpp.o[0m
[ 26%] [32mBuilding CXX object CMakeFiles/nexus_base_ros__rosidl_typesupport_cpp.dir/rosidl_typesupport_cpp/nexus_base_ros/srv/emergency_stop_enable__type_support.cpp.o[0m
[ 27%] [32mBuilding CXX object CMakeFiles/nexus_base_ros__rosidl_typesupport_fastrtps_cpp.dir/rosidl_typesupport_fastrtps_cpp/nexus_base_ros/msg/detail/dds_fastrtps/encoders__type_support.cpp.o[0m
[ 29%] [32mBuilding CXX object CMakeFiles/nexus_base_ros__rosidl_typesupport_introspection_cpp.dir/rosidl_typesupport_introspection_cpp/nexus_base_ros/msg/detail/encoders__type_support.cpp.o[0m
[ 31%] [32mBuilding CXX object CMakeFiles/nexus_base_ros__rosidl_typesupport_c.dir/rosidl_typesupport_c/nexus_base_ros/msg/encoders__type_support.cpp.o[0m
[ 32%] [32mBuilding C object CMakeFiles/nexus_base_ros__rosidl_typesupport_introspection_c.dir/rosidl_typesupport_introspection_c/nexus_base_ros/msg/detail/encoders__type_support.c.o[0m
[ 34%] [32mBuilding CXX object CMakeFiles/nexus_base_ros__rosidl_typesupport_c.dir/rosidl_typesupport_c/nexus_base_ros/msg/motors__type_support.cpp.o[0m
[ 36%] [32mBuilding C object CMakeFiles/nexus_base_ros__rosidl_typesupport_introspection_c.dir/rosidl_typesupport_introspection_c/nexus_base_ros/msg/detail/motors__type_support.c.o[0m
[ 37%] [32mBuilding CXX object CMakeFiles/nexus_base_ros__rosidl_typesupport_c.dir/rosidl_typesupport_c/nexus_base_ros/srv/emergency_stop_enable__type_support.cpp.o[0m
[ 39%] [32mBuilding C object CMakeFiles/nexus_base_ros__rosidl_typesupport_introspection_c.dir/rosidl_typesupport_introspection_c/nexus_base_ros/srv/detail/emergency_stop_enable__type_support.c.o[0m
[ 40%] [32mBuilding CXX object CMakeFiles/nexus_base_ros__rosidl_typesupport_c.dir/rosidl_typesupport_c/nexus_base_ros/srv/arming_enable__type_support.cpp.o[0m
[ 42%] [32mBuilding C object CMakeFiles/nexus_base_ros__rosidl_typesupport_introspection_c.dir/rosidl_typesupport_introspection_c/nexus_base_ros/srv/detail/arming_enable__type_support.c.o[0m
[ 44%] [32mBuilding CXX object CMakeFiles/nexus_base_ros__rosidl_typesupport_fastrtps_c.dir/rosidl_typesupport_fastrtps_c/nexus_base_ros/msg/detail/encoders__type_support_c.cpp.o[0m
[ 45%] [32m[1mLinking CXX shared library libnexus_base_ros__rosidl_typesupport_c.so[0m
[ 47%] [32m[1mLinking C shared library libnexus_base_ros__rosidl_typesupport_introspection_c.so[0m
[ 47%] Built target nexus_base_ros__rosidl_typesupport_c
[ 49%] [32mBuilding CXX object CMakeFiles/nexus_base_ros__rosidl_typesupport_introspection_cpp.dir/rosidl_typesupport_introspection_cpp/nexus_base_ros/msg/detail/motors__type_support.cpp.o[0m
[ 49%] Built target nexus_base_ros__rosidl_typesupport_introspection_c
[ 50%] [32mBuilding CXX object CMakeFiles/nexus_base_ros__rosidl_typesupport_fastrtps_c.dir/rosidl_typesupport_fastrtps_c/nexus_base_ros/msg/detail/motors__type_support_c.cpp.o[0m
[ 52%] [32mBuilding CXX object CMakeFiles/nexus_base_ros__rosidl_typesupport_fastrtps_cpp.dir/rosidl_typesupport_fastrtps_cpp/nexus_base_ros/msg/detail/dds_fastrtps/motors__type_support.cpp.o[0m
[ 54%] [32mBuilding CXX object CMakeFiles/nexus_base_ros__rosidl_typesupport_introspection_cpp.dir/rosidl_typesupport_introspection_cpp/nexus_base_ros/srv/detail/emergency_stop_enable__type_support.cpp.o[0m
[ 55%] [32mBuilding CXX object CMakeFiles/nexus_base_ros__rosidl_typesupport_cpp.dir/rosidl_typesupport_cpp/nexus_base_ros/srv/arming_enable__type_support.cpp.o[0m
[ 57%] [32mBuilding CXX object CMakeFiles/nexus_base_ros__rosidl_typesupport_fastrtps_c.dir/rosidl_typesupport_fastrtps_c/nexus_base_ros/srv/detail/emergency_stop_enable__type_support_c.cpp.o[0m
[ 59%] [32mBuilding CXX object CMakeFiles/nexus_base_ros__rosidl_typesupport_fastrtps_cpp.dir/rosidl_typesupport_fastrtps_cpp/nexus_base_ros/srv/detail/dds_fastrtps/emergency_stop_enable__type_support.cpp.o[0m
[ 60%] [32mBuilding CXX object CMakeFiles/nexus_base_ros__rosidl_typesupport_fastrtps_cpp.dir/rosidl_typesupport_fastrtps_cpp/nexus_base_ros/srv/detail/dds_fastrtps/arming_enable__type_support.cpp.o[0m
[ 62%] [32m[1mLinking CXX shared library libnexus_base_ros__rosidl_typesupport_cpp.so[0m
[ 62%] Built target nexus_base_ros__rosidl_typesupport_cpp
[ 63%] [32mBuilding CXX object CMakeFiles/nexus_base_ros__rosidl_typesupport_introspection_cpp.dir/rosidl_typesupport_introspection_cpp/nexus_base_ros/srv/detail/arming_enable__type_support.cpp.o[0m
[ 65%] [32mBuilding CXX object CMakeFiles/nexus_base_ros__rosidl_typesupport_fastrtps_c.dir/rosidl_typesupport_fastrtps_c/nexus_base_ros/srv/detail/arming_enable__type_support_c.cpp.o[0m
[ 67%] [32m[1mLinking CXX shared library libnexus_base_ros__rosidl_typesupport_fastrtps_c.so[0m
[ 68%] [32m[1mLinking CXX shared library libnexus_base_ros__rosidl_typesupport_fastrtps_cpp.so[0m
[ 70%] [32m[1mLinking CXX shared library libnexus_base_ros__rosidl_typesupport_introspection_cpp.so[0m
[ 70%] Built target nexus_base_ros__rosidl_typesupport_fastrtps_c
[ 70%] Built target nexus_base_ros__rosidl_typesupport_fastrtps_cpp
[ 70%] Built target nexus_base_ros__rosidl_typesupport_introspection_cpp
[ 70%] Built target nexus_base_ros
[ 73%] [34m[1mGenerating Python code for ROS interfaces[0m
[ 73%] [32mBuilding CXX object CMakeFiles/nexus_serial_bridge.dir/src/nexus_serial_bridge.cpp.o[0m
[ 75%] [32mBuilding CXX object CMakeFiles/nexus_teleop_joy.dir/src/nexus_teleop_joy.cpp.o[0m
[ 77%] [32mBuilding CXX object CMakeFiles/nexus_odometry.dir/src/nexus_odometry.cpp.o[0m
[ 77%] Built target nexus_base_ros__py
[ 78%] [32mBuilding C object CMakeFiles/nexus_base_ros__rosidl_generator_py.dir/rosidl_generator_py/nexus_base_ros/msg/_encoders_s.c.o[0m
[ 80%] [32mBuilding C object CMakeFiles/nexus_base_ros__rosidl_generator_py.dir/rosidl_generator_py/nexus_base_ros/msg/_motors_s.c.o[0m
[ 81%] [32mBuilding C object CMakeFiles/nexus_base_ros__rosidl_generator_py.dir/rosidl_generator_py/nexus_base_ros/srv/_emergency_stop_enable_s.c.o[0m
[ 83%] [32mBuilding C object CMakeFiles/nexus_base_ros__rosidl_generator_py.dir/rosidl_generator_py/nexus_base_ros/srv/_arming_enable_s.c.o[0m
[ 85%] [32m[1mLinking C shared library rosidl_generator_py/nexus_base_ros/libnexus_base_ros__rosidl_generator_py.so[0m
[ 85%] Built target nexus_base_ros__rosidl_generator_py
[ 86%] [32mBuilding C object CMakeFiles/nexus_base_ros__rosidl_typesupport_introspection_c__pyext.dir/rosidl_generator_py/nexus_base_ros/_nexus_base_ros_s.ep.rosidl_typesupport_introspection_c.c.o[0m
[ 88%] [32mBuilding C object CMakeFiles/nexus_base_ros__rosidl_typesupport_fastrtps_c__pyext.dir/rosidl_generator_py/nexus_base_ros/_nexus_base_ros_s.ep.rosidl_typesupport_fastrtps_c.c.o[0m
[ 90%] [32mBuilding C object CMakeFiles/nexus_base_ros__rosidl_typesupport_c__pyext.dir/rosidl_generator_py/nexus_base_ros/_nexus_base_ros_s.ep.rosidl_typesupport_c.c.o[0m
[ 91%] [32m[1mLinking C shared library rosidl_generator_py/nexus_base_ros/nexus_base_ros_s__rosidl_typesupport_introspection_c.cpython-310-x86_64-linux-gnu.so[0m
[ 93%] [32m[1mLinking C shared library rosidl_generator_py/nexus_base_ros/nexus_base_ros_s__rosidl_typesupport_c.cpython-310-x86_64-linux-gnu.so[0m
[ 95%] [32m[1mLinking C shared library rosidl_generator_py/nexus_base_ros/nexus_base_ros_s__rosidl_typesupport_fastrtps_c.cpython-310-x86_64-linux-gnu.so[0m
[ 95%] Built target nexus_base_ros__rosidl_typesupport_introspection_c__pyext
[ 95%] Built target nexus_base_ros__rosidl_typesupport_c__pyext
[ 95%] Built target nexus_base_ros__rosidl_typesupport_fastrtps_c__pyext
[ 96%] [32m[1mLinking CXX executable nexus_odometry[0m
[ 96%] Built target nexus_odometry
[ 98%] [32m[1mLinking CXX executable nexus_teleop_joy[0m
[ 98%] Built target nexus_teleop_joy
[100%] [32m[1mLinking CXX executable nexus_serial_bridge[0m
[100%] Built target nexus_serial_bridge
-- Install configuration: ""
-- Installing: /home/hs/ros2_study/install/nexus_base_ros/share/ament_index/resource_index/rosidl_interfaces/nexus_base_ros
-- Installing: /home/hs/ros2_study/install/nexus_base_ros/include/nexus_base_ros/nexus_base_ros
-- Installing: /home/hs/ros2_study/install/nexus_base_ros/include/nexus_base_ros/nexus_base_ros/srv
-- Installing: /home/hs/ros2_study/install/nexus_base_ros/include/nexus_base_ros/nexus_base_ros/srv/detail
-- Installing: /home/hs/ros2_study/install/nexus_base_ros/include/nexus_base_ros/nexus_base_ros/srv/detail/arming_enable__type_support.h
-- Installing: /home/hs/ros2_study/install/nexus_base_ros/include/nexus_base_ros/nexus_base_ros/srv/detail/emergency_stop_enable__functions.c
-- Installing: /home/hs/ros2_study/install/nexus_base_ros/include/nexus_base_ros/nexus_base_ros/srv/detail/arming_enable__struct.h
-- Installing: /home/hs/ros2_study/install/nexus_base_ros/include/nexus_base_ros/nexus_base_ros/srv/detail/arming_enable__functions.c
-- Installing: /home/hs/ros2_study/install/nexus_base_ros/include/nexus_base_ros/nexus_base_ros/srv/detail/emergency_stop_enable__functions.h
-- Installing: /home/hs/ros2_study/install/nexus_base_ros/include/nexus_base_ros/nexus_base_ros/srv/detail/emergency_stop_enable__struct.h
-- Installing: /home/hs/ros2_study/install/nexus_base_ros/include/nexus_base_ros/nexus_base_ros/srv/detail/emergency_stop_enable__type_support.h
-- Installing: /home/hs/ros2_study/install/nexus_base_ros/include/nexus_base_ros/nexus_base_ros/srv/detail/arming_enable__functions.h
-- Installing: /home/hs/ros2_study/install/nexus_base_ros/include/nexus_base_ros/nexus_base_ros/srv/arming_enable.h
-- Installing: /home/hs/ros2_study/install/nexus_base_ros/include/nexus_base_ros/nexus_base_ros/srv/emergency_stop_enable.h
-- Installing: /home/hs/ros2_study/install/nexus_base_ros/include/nexus_base_ros/nexus_base_ros/msg
-- Installing: /home/hs/ros2_study/install/nexus_base_ros/include/nexus_base_ros/nexus_base_ros/msg/detail
-- Installing: /home/hs/ros2_study/install/nexus_base_ros/include/nexus_base_ros/nexus_base_ros/msg/detail/motors__functions.c
-- Installing: /home/hs/ros2_study/install/nexus_base_ros/include/nexus_base_ros/nexus_base_ros/msg/detail/motors__struct.h
-- Installing: /home/hs/ros2_study/install/nexus_base_ros/include/nexus_base_ros/nexus_base_ros/msg/detail/encoders__functions.h
-- Installing: /home/hs/ros2_study/install/nexus_base_ros/include/nexus_base_ros/nexus_base_ros/msg/detail/motors__functions.h
-- Installing: /home/hs/ros2_study/install/nexus_base_ros/include/nexus_base_ros/nexus_base_ros/msg/detail/encoders__type_support.h
-- Installing: /home/hs/ros2_study/install/nexus_base_ros/include/nexus_base_ros/nexus_base_ros/msg/detail/motors__type_support.h
-- Installing: /home/hs/ros2_study/install/nexus_base_ros/include/nexus_base_ros/nexus_base_ros/msg/detail/encoders__struct.h
-- Installing: /home/hs/ros2_study/install/nexus_base_ros/include/nexus_base_ros/nexus_base_ros/msg/detail/encoders__functions.c
-- Installing: /home/hs/ros2_study/install/nexus_base_ros/include/nexus_base_ros/nexus_base_ros/msg/rosidl_generator_c__visibility_control.h
-- Installing: /home/hs/ros2_study/install/nexus_base_ros/include/nexus_base_ros/nexus_base_ros/msg/motors.h
-- Installing: /home/hs/ros2_study/install/nexus_base_ros/include/nexus_base_ros/nexus_base_ros/msg/encoders.h
-- Installing: /home/hs/ros2_study/install/nexus_base_ros/share/nexus_base_ros/environment/library_path.sh
-- Installing: /home/hs/ros2_study/install/nexus_base_ros/share/nexus_base_ros/environment/library_path.dsv
-- Installing: /home/hs/ros2_study/install/nexus_base_ros/lib/libnexus_base_ros__rosidl_generator_c.so
-- Set non-toolchain portion of runtime path of "/home/hs/ros2_study/install/nexus_base_ros/lib/libnexus_base_ros__rosidl_generator_c.so" to ""
-- Up-to-date: /home/hs/ros2_study/install/nexus_base_ros/include/nexus_base_ros/nexus_base_ros
-- Up-to-date: /home/hs/ros2_study/install/nexus_base_ros/include/nexus_base_ros/nexus_base_ros/srv
-- Up-to-date: /home/hs/ros2_study/install/nexus_base_ros/include/nexus_base_ros/nexus_base_ros/srv/detail
-- Installing: /home/hs/ros2_study/install/nexus_base_ros/include/nexus_base_ros/nexus_base_ros/srv/detail/arming_enable__rosidl_typesupport_fastrtps_c.h
-- Installing: /home/hs/ros2_study/install/nexus_base_ros/include/nexus_base_ros/nexus_base_ros/srv/detail/emergency_stop_enable__rosidl_typesupport_fastrtps_c.h
-- Up-to-date: /home/hs/ros2_study/install/nexus_base_ros/include/nexus_base_ros/nexus_base_ros/msg
-- Up-to-date: /home/hs/ros2_study/install/nexus_base_ros/include/nexus_base_ros/nexus_base_ros/msg/detail
-- Installing: /home/hs/ros2_study/install/nexus_base_ros/include/nexus_base_ros/nexus_base_ros/msg/detail/motors__rosidl_typesupport_fastrtps_c.h
-- Installing: /home/hs/ros2_study/install/nexus_base_ros/include/nexus_base_ros/nexus_base_ros/msg/detail/encoders__rosidl_typesupport_fastrtps_c.h
-- Installing: /home/hs/ros2_study/install/nexus_base_ros/include/nexus_base_ros/nexus_base_ros/msg/rosidl_typesupport_fastrtps_c__visibility_control.h
-- Installing: /home/hs/ros2_study/install/nexus_base_ros/lib/libnexus_base_ros__rosidl_typesupport_fastrtps_c.so
-- Set non-toolchain portion of runtime path of "/home/hs/ros2_study/install/nexus_base_ros/lib/libnexus_base_ros__rosidl_typesupport_fastrtps_c.so" to ""
-- Up-to-date: /home/hs/ros2_study/install/nexus_base_ros/include/nexus_base_ros/nexus_base_ros
-- Up-to-date: /home/hs/ros2_study/install/nexus_base_ros/include/nexus_base_ros/nexus_base_ros/srv
-- Up-to-date: /home/hs/ros2_study/install/nexus_base_ros/include/nexus_base_ros/nexus_base_ros/srv/detail
-- Installing: /home/hs/ros2_study/install/nexus_base_ros/include/nexus_base_ros/nexus_base_ros/srv/detail/emergency_stop_enable__type_support.hpp
-- Installing: /home/hs/ros2_study/install/nexus_base_ros/include/nexus_base_ros/nexus_base_ros/srv/detail/arming_enable__type_support.hpp
-- Installing: /home/hs/ros2_study/install/nexus_base_ros/include/nexus_base_ros/nexus_base_ros/srv/detail/arming_enable__traits.hpp
-- Installing: /home/hs/ros2_study/install/nexus_base_ros/include/nexus_base_ros/nexus_base_ros/srv/detail/arming_enable__builder.hpp
-- Installing: /home/hs/ros2_study/install/nexus_base_ros/include/nexus_base_ros/nexus_base_ros/srv/detail/emergency_stop_enable__builder.hpp
-- Installing: /home/hs/ros2_study/install/nexus_base_ros/include/nexus_base_ros/nexus_base_ros/srv/detail/emergency_stop_enable__traits.hpp
-- Installing: /home/hs/ros2_study/install/nexus_base_ros/include/nexus_base_ros/nexus_base_ros/srv/detail/emergency_stop_enable__struct.hpp
-- Installing: /home/hs/ros2_study/install/nexus_base_ros/include/nexus_base_ros/nexus_base_ros/srv/detail/arming_enable__struct.hpp
-- Installing: /home/hs/ros2_study/install/nexus_base_ros/include/nexus_base_ros/nexus_base_ros/srv/emergency_stop_enable.hpp
-- Installing: /home/hs/ros2_study/install/nexus_base_ros/include/nexus_base_ros/nexus_base_ros/srv/arming_enable.hpp
-- Up-to-date: /home/hs/ros2_study/install/nexus_base_ros/include/nexus_base_ros/nexus_base_ros/msg
-- Up-to-date: /home/hs/ros2_study/install/nexus_base_ros/include/nexus_base_ros/nexus_base_ros/msg/detail
-- Installing: /home/hs/ros2_study/install/nexus_base_ros/include/nexus_base_ros/nexus_base_ros/msg/detail/encoders__type_support.hpp
-- Installing: /home/hs/ros2_study/install/nexus_base_ros/include/nexus_base_ros/nexus_base_ros/msg/detail/encoders__struct.hpp
-- Installing: /home/hs/ros2_study/install/nexus_base_ros/include/nexus_base_ros/nexus_base_ros/msg/detail/encoders__traits.hpp
-- Installing: /home/hs/ros2_study/install/nexus_base_ros/include/nexus_base_ros/nexus_base_ros/msg/detail/motors__traits.hpp
-- Installing: /home/hs/ros2_study/install/nexus_base_ros/include/nexus_base_ros/nexus_base_ros/msg/detail/encoders__builder.hpp
-- Installing: /home/hs/ros2_study/install/nexus_base_ros/include/nexus_base_ros/nexus_base_ros/msg/detail/motors__builder.hpp
-- Installing: /home/hs/ros2_study/install/nexus_base_ros/include/nexus_base_ros/nexus_base_ros/msg/detail/motors__struct.hpp
-- Installing: /home/hs/ros2_study/install/nexus_base_ros/include/nexus_base_ros/nexus_base_ros/msg/detail/motors__type_support.hpp
-- Installing: /home/hs/ros2_study/install/nexus_base_ros/include/nexus_base_ros/nexus_base_ros/msg/encoders.hpp
-- Installing: /home/hs/ros2_study/install/nexus_base_ros/include/nexus_base_ros/nexus_base_ros/msg/motors.hpp
-- Installing: /home/hs/ros2_study/install/nexus_base_ros/include/nexus_base_ros/nexus_base_ros/msg/rosidl_generator_cpp__visibility_control.hpp
-- Up-to-date: /home/hs/ros2_study/install/nexus_base_ros/include/nexus_base_ros/nexus_base_ros
-- Up-to-date: /home/hs/ros2_study/install/nexus_base_ros/include/nexus_base_ros/nexus_base_ros/srv
-- Up-to-date: /home/hs/ros2_study/install/nexus_base_ros/include/nexus_base_ros/nexus_base_ros/srv/detail
-- Installing: /home/hs/ros2_study/install/nexus_base_ros/include/nexus_base_ros/nexus_base_ros/srv/detail/arming_enable__rosidl_typesupport_fastrtps_cpp.hpp
-- Installing: /home/hs/ros2_study/install/nexus_base_ros/include/nexus_base_ros/nexus_base_ros/srv/detail/emergency_stop_enable__rosidl_typesupport_fastrtps_cpp.hpp
-- Installing: /home/hs/ros2_study/install/nexus_base_ros/include/nexus_base_ros/nexus_base_ros/srv/detail/dds_fastrtps
-- Up-to-date: /home/hs/ros2_study/install/nexus_base_ros/include/nexus_base_ros/nexus_base_ros/msg
-- Up-to-date: /home/hs/ros2_study/install/nexus_base_ros/include/nexus_base_ros/nexus_base_ros/msg/detail
-- Installing: /home/hs/ros2_study/install/nexus_base_ros/include/nexus_base_ros/nexus_base_ros/msg/detail/dds_fastrtps
-- Installing: /home/hs/ros2_study/install/nexus_base_ros/include/nexus_base_ros/nexus_base_ros/msg/detail/encoders__rosidl_typesupport_fastrtps_cpp.hpp
-- Installing: /home/hs/ros2_study/install/nexus_base_ros/include/nexus_base_ros/nexus_base_ros/msg/detail/motors__rosidl_typesupport_fastrtps_cpp.hpp
-- Installing: /home/hs/ros2_study/install/nexus_base_ros/include/nexus_base_ros/nexus_base_ros/msg/rosidl_typesupport_fastrtps_cpp__visibility_control.h
-- Installing: /home/hs/ros2_study/install/nexus_base_ros/lib/libnexus_base_ros__rosidl_typesupport_fastrtps_cpp.so
-- Set non-toolchain portion of runtime path of "/home/hs/ros2_study/install/nexus_base_ros/lib/libnexus_base_ros__rosidl_typesupport_fastrtps_cpp.so" to ""
-- Up-to-date: /home/hs/ros2_study/install/nexus_base_ros/include/nexus_base_ros/nexus_base_ros
-- Up-to-date: /home/hs/ros2_study/install/nexus_base_ros/include/nexus_base_ros/nexus_base_ros/srv
-- Up-to-date: /home/hs/ros2_study/install/nexus_base_ros/include/nexus_base_ros/nexus_base_ros/srv/detail
-- Installing: /home/hs/ros2_study/install/nexus_base_ros/include/nexus_base_ros/nexus_base_ros/srv/detail/emergency_stop_enable__type_support.c
-- Installing: /home/hs/ros2_study/install/nexus_base_ros/include/nexus_base_ros/nexus_base_ros/srv/detail/arming_enable__type_support.c
-- Installing: /home/hs/ros2_study/install/nexus_base_ros/include/nexus_base_ros/nexus_base_ros/srv/detail/emergency_stop_enable__rosidl_typesupport_introspection_c.h
-- Installing: /home/hs/ros2_study/install/nexus_base_ros/include/nexus_base_ros/nexus_base_ros/srv/detail/arming_enable__rosidl_typesupport_introspection_c.h
-- Up-to-date: /home/hs/ros2_study/install/nexus_base_ros/include/nexus_base_ros/nexus_base_ros/msg
-- Installing: /home/hs/ros2_study/install/nexus_base_ros/include/nexus_base_ros/nexus_base_ros/msg/rosidl_typesupport_introspection_c__visibility_control.h
-- Up-to-date: /home/hs/ros2_study/install/nexus_base_ros/include/nexus_base_ros/nexus_base_ros/msg/detail
-- Installing: /home/hs/ros2_study/install/nexus_base_ros/include/nexus_base_ros/nexus_base_ros/msg/detail/motors__type_support.c
-- Installing: /home/hs/ros2_study/install/nexus_base_ros/include/nexus_base_ros/nexus_base_ros/msg/detail/motors__rosidl_typesupport_introspection_c.h
-- Installing: /home/hs/ros2_study/install/nexus_base_ros/include/nexus_base_ros/nexus_base_ros/msg/detail/encoders__type_support.c
-- Installing: /home/hs/ros2_study/install/nexus_base_ros/include/nexus_base_ros/nexus_base_ros/msg/detail/encoders__rosidl_typesupport_introspection_c.h
-- Installing: /home/hs/ros2_study/install/nexus_base_ros/lib/libnexus_base_ros__rosidl_typesupport_introspection_c.so
-- Set non-toolchain portion of runtime path of "/home/hs/ros2_study/install/nexus_base_ros/lib/libnexus_base_ros__rosidl_typesupport_introspection_c.so" to ""
-- Installing: /home/hs/ros2_study/install/nexus_base_ros/lib/libnexus_base_ros__rosidl_typesupport_c.so
-- Set non-toolchain portion of runtime path of "/home/hs/ros2_study/install/nexus_base_ros/lib/libnexus_base_ros__rosidl_typesupport_c.so" to ""
-- Up-to-date: /home/hs/ros2_study/install/nexus_base_ros/include/nexus_base_ros/nexus_base_ros
-- Up-to-date: /home/hs/ros2_study/install/nexus_base_ros/include/nexus_base_ros/nexus_base_ros/srv
-- Up-to-date: /home/hs/ros2_study/install/nexus_base_ros/include/nexus_base_ros/nexus_base_ros/srv/detail
-- Installing: /home/hs/ros2_study/install/nexus_base_ros/include/nexus_base_ros/nexus_base_ros/srv/detail/arming_enable__type_support.cpp
-- Installing: /home/hs/ros2_study/install/nexus_base_ros/include/nexus_base_ros/nexus_base_ros/srv/detail/emergency_stop_enable__type_support.cpp
-- Installing: /home/hs/ros2_study/install/nexus_base_ros/include/nexus_base_ros/nexus_base_ros/srv/detail/emergency_stop_enable__rosidl_typesupport_introspection_cpp.hpp
-- Installing: /home/hs/ros2_study/install/nexus_base_ros/include/nexus_base_ros/nexus_base_ros/srv/detail/arming_enable__rosidl_typesupport_introspection_cpp.hpp
-- Up-to-date: /home/hs/ros2_study/install/nexus_base_ros/include/nexus_base_ros/nexus_base_ros/msg
-- Up-to-date: /home/hs/ros2_study/install/nexus_base_ros/include/nexus_base_ros/nexus_base_ros/msg/detail
-- Installing: /home/hs/ros2_study/install/nexus_base_ros/include/nexus_base_ros/nexus_base_ros/msg/detail/motors__type_support.cpp
-- Installing: /home/hs/ros2_study/install/nexus_base_ros/include/nexus_base_ros/nexus_base_ros/msg/detail/encoders__rosidl_typesupport_introspection_cpp.hpp
-- Installing: /home/hs/ros2_study/install/nexus_base_ros/include/nexus_base_ros/nexus_base_ros/msg/detail/encoders__type_support.cpp
-- Installing: /home/hs/ros2_study/install/nexus_base_ros/include/nexus_base_ros/nexus_base_ros/msg/detail/motors__rosidl_typesupport_introspection_cpp.hpp
-- Installing: /home/hs/ros2_study/install/nexus_base_ros/lib/libnexus_base_ros__rosidl_typesupport_introspection_cpp.so
-- Set non-toolchain portion of runtime path of "/home/hs/ros2_study/install/nexus_base_ros/lib/libnexus_base_ros__rosidl_typesupport_introspection_cpp.so" to ""
-- Installing: /home/hs/ros2_study/install/nexus_base_ros/lib/libnexus_base_ros__rosidl_typesupport_cpp.so
-- Set non-toolchain portion of runtime path of "/home/hs/ros2_study/install/nexus_base_ros/lib/libnexus_base_ros__rosidl_typesupport_cpp.so" to ""
-- Installing: /home/hs/ros2_study/install/nexus_base_ros/share/nexus_base_ros/environment/pythonpath.sh
-- Installing: /home/hs/ros2_study/install/nexus_base_ros/share/nexus_base_ros/environment/pythonpath.dsv
-- Installing: /home/hs/ros2_study/install/nexus_base_ros/local/lib/python3.10/dist-packages/nexus_base_ros-1.0.0-py3.10.egg-info
-- Installing: /home/hs/ros2_study/install/nexus_base_ros/local/lib/python3.10/dist-packages/nexus_base_ros-1.0.0-py3.10.egg-info/dependency_links.txt
-- Installing: /home/hs/ros2_study/install/nexus_base_ros/local/lib/python3.10/dist-packages/nexus_base_ros-1.0.0-py3.10.egg-info/PKG-INFO
-- Installing: /home/hs/ros2_study/install/nexus_base_ros/local/lib/python3.10/dist-packages/nexus_base_ros-1.0.0-py3.10.egg-info/SOURCES.txt
-- Installing: /home/hs/ros2_study/install/nexus_base_ros/local/lib/python3.10/dist-packages/nexus_base_ros-1.0.0-py3.10.egg-info/top_level.txt
-- Installing: /home/hs/ros2_study/install/nexus_base_ros/local/lib/python3.10/dist-packages/nexus_base_ros
-- Installing: /home/hs/ros2_study/install/nexus_base_ros/local/lib/python3.10/dist-packages/nexus_base_ros/_nexus_base_ros_s.ep.rosidl_typesupport_fastrtps_c.c
-- Installing: /home/hs/ros2_study/install/nexus_base_ros/local/lib/python3.10/dist-packages/nexus_base_ros/libnexus_base_ros__rosidl_generator_py.so
-- Installing: /home/hs/ros2_study/install/nexus_base_ros/local/lib/python3.10/dist-packages/nexus_base_ros/nexus_base_ros_s__rosidl_typesupport_c.cpython-310-x86_64-linux-gnu.so
-- Installing: /home/hs/ros2_study/install/nexus_base_ros/local/lib/python3.10/dist-packages/nexus_base_ros/nexus_base_ros_s__rosidl_typesupport_fastrtps_c.cpython-310-x86_64-linux-gnu.so
-- Installing: /home/hs/ros2_study/install/nexus_base_ros/local/lib/python3.10/dist-packages/nexus_base_ros/_nexus_base_ros_s.ep.rosidl_typesupport_introspection_c.c
-- Installing: /home/hs/ros2_study/install/nexus_base_ros/local/lib/python3.10/dist-packages/nexus_base_ros/_nexus_base_ros_s.ep.rosidl_typesupport_c.c
-- Installing: /home/hs/ros2_study/install/nexus_base_ros/local/lib/python3.10/dist-packages/nexus_base_ros/srv
-- Installing: /home/hs/ros2_study/install/nexus_base_ros/local/lib/python3.10/dist-packages/nexus_base_ros/srv/_arming_enable.py
-- Installing: /home/hs/ros2_study/install/nexus_base_ros/local/lib/python3.10/dist-packages/nexus_base_ros/srv/_emergency_stop_enable_s.c
-- Installing: /home/hs/ros2_study/install/nexus_base_ros/local/lib/python3.10/dist-packages/nexus_base_ros/srv/__init__.py
-- Installing: /home/hs/ros2_study/install/nexus_base_ros/local/lib/python3.10/dist-packages/nexus_base_ros/srv/_arming_enable_s.c
-- Installing: /home/hs/ros2_study/install/nexus_base_ros/local/lib/python3.10/dist-packages/nexus_base_ros/srv/_emergency_stop_enable.py
-- Installing: /home/hs/ros2_study/install/nexus_base_ros/local/lib/python3.10/dist-packages/nexus_base_ros/msg
-- Installing: /home/hs/ros2_study/install/nexus_base_ros/local/lib/python3.10/dist-packages/nexus_base_ros/msg/_encoders.py
-- Installing: /home/hs/ros2_study/install/nexus_base_ros/local/lib/python3.10/dist-packages/nexus_base_ros/msg/_motors.py
-- Installing: /home/hs/ros2_study/install/nexus_base_ros/local/lib/python3.10/dist-packages/nexus_base_ros/msg/_encoders_s.c
-- Installing: /home/hs/ros2_study/install/nexus_base_ros/local/lib/python3.10/dist-packages/nexus_base_ros/msg/_motors_s.c
-- Installing: /home/hs/ros2_study/install/nexus_base_ros/local/lib/python3.10/dist-packages/nexus_base_ros/msg/__init__.py
-- Installing: /home/hs/ros2_study/install/nexus_base_ros/local/lib/python3.10/dist-packages/nexus_base_ros/__init__.py
-- Installing: /home/hs/ros2_study/install/nexus_base_ros/local/lib/python3.10/dist-packages/nexus_base_ros/nexus_base_ros_s__rosidl_typesupport_introspection_c.cpython-310-x86_64-linux-gnu.so
Listing '/home/hs/ros2_study/install/nexus_base_ros/local/lib/python3.10/dist-packages/nexus_base_ros'...
Compiling '/home/hs/ros2_study/install/nexus_base_ros/local/lib/python3.10/dist-packages/nexus_base_ros/__init__.py'...
Listing '/home/hs/ros2_study/install/nexus_base_ros/local/lib/python3.10/dist-packages/nexus_base_ros/msg'...
Compiling '/home/hs/ros2_study/install/nexus_base_ros/local/lib/python3.10/dist-packages/nexus_base_ros/msg/__init__.py'...
Compiling '/home/hs/ros2_study/install/nexus_base_ros/local/lib/python3.10/dist-packages/nexus_base_ros/msg/_encoders.py'...
Compiling '/home/hs/ros2_study/install/nexus_base_ros/local/lib/python3.10/dist-packages/nexus_base_ros/msg/_motors.py'...
Listing '/home/hs/ros2_study/install/nexus_base_ros/local/lib/python3.10/dist-packages/nexus_base_ros/srv'...
Compiling '/home/hs/ros2_study/install/nexus_base_ros/local/lib/python3.10/dist-packages/nexus_base_ros/srv/__init__.py'...
Compiling '/home/hs/ros2_study/install/nexus_base_ros/local/lib/python3.10/dist-packages/nexus_base_ros/srv/_arming_enable.py'...
Compiling '/home/hs/ros2_study/install/nexus_base_ros/local/lib/python3.10/dist-packages/nexus_base_ros/srv/_emergency_stop_enable.py'...
-- Installing: /home/hs/ros2_study/install/nexus_base_ros/local/lib/python3.10/dist-packages/nexus_base_ros/nexus_base_ros_s__rosidl_typesupport_fastrtps_c.cpython-310-x86_64-linux-gnu.so
-- Set non-toolchain portion of runtime path of "/home/hs/ros2_study/install/nexus_base_ros/local/lib/python3.10/dist-packages/nexus_base_ros/nexus_base_ros_s__rosidl_typesupport_fastrtps_c.cpython-310-x86_64-linux-gnu.so" to ""
-- Installing: /home/hs/ros2_study/install/nexus_base_ros/local/lib/python3.10/dist-packages/nexus_base_ros/nexus_base_ros_s__rosidl_typesupport_introspection_c.cpython-310-x86_64-linux-gnu.so
-- Set non-toolchain portion of runtime path of "/home/hs/ros2_study/install/nexus_base_ros/local/lib/python3.10/dist-packages/nexus_base_ros/nexus_base_ros_s__rosidl_typesupport_introspection_c.cpython-310-x86_64-linux-gnu.so" to ""
-- Installing: /home/hs/ros2_study/install/nexus_base_ros/local/lib/python3.10/dist-packages/nexus_base_ros/nexus_base_ros_s__rosidl_typesupport_c.cpython-310-x86_64-linux-gnu.so
-- Set non-toolchain portion of runtime path of "/home/hs/ros2_study/install/nexus_base_ros/local/lib/python3.10/dist-packages/nexus_base_ros/nexus_base_ros_s__rosidl_typesupport_c.cpython-310-x86_64-linux-gnu.so" to ""
-- Installing: /home/hs/ros2_study/install/nexus_base_ros/lib/libnexus_base_ros__rosidl_generator_py.so
-- Set non-toolchain portion of runtime path of "/home/hs/ros2_study/install/nexus_base_ros/lib/libnexus_base_ros__rosidl_generator_py.so" to ""
-- Installing: /home/hs/ros2_study/install/nexus_base_ros/share/nexus_base_ros/msg/Encoders.idl
-- Installing: /home/hs/ros2_study/install/nexus_base_ros/share/nexus_base_ros/msg/Motors.idl
-- Installing: /home/hs/ros2_study/install/nexus_base_ros/share/nexus_base_ros/srv/EmergencyStopEnable.idl
-- Installing: /home/hs/ros2_study/install/nexus_base_ros/share/nexus_base_ros/srv/ArmingEnable.idl
-- Installing: /home/hs/ros2_study/install/nexus_base_ros/share/nexus_base_ros/msg/Encoders.msg
-- Installing: /home/hs/ros2_study/install/nexus_base_ros/share/nexus_base_ros/msg/Motors.msg
-- Installing: /home/hs/ros2_study/install/nexus_base_ros/share/nexus_base_ros/srv/EmergencyStopEnable.srv
-- Installing: /home/hs/ros2_study/install/nexus_base_ros/share/nexus_base_ros/srv/EmergencyStopEnable_Request.msg
-- Installing: /home/hs/ros2_study/install/nexus_base_ros/share/nexus_base_ros/srv/EmergencyStopEnable_Response.msg
-- Installing: /home/hs/ros2_study/install/nexus_base_ros/share/nexus_base_ros/srv/ArmingEnable.srv
-- Installing: /home/hs/ros2_study/install/nexus_base_ros/share/nexus_base_ros/srv/ArmingEnable_Request.msg
-- Installing: /home/hs/ros2_study/install/nexus_base_ros/share/nexus_base_ros/srv/ArmingEnable_Response.msg
-- Installing: /home/hs/ros2_study/install/nexus_base_ros/lib/nexus_base_ros/nexus_serial_bridge
-- Set non-toolchain portion of runtime path of "/home/hs/ros2_study/install/nexus_base_ros/lib/nexus_base_ros/nexus_serial_bridge" to ""
-- Installing: /home/hs/ros2_study/install/nexus_base_ros/lib/nexus_base_ros/nexus_odometry
-- Set non-toolchain portion of runtime path of "/home/hs/ros2_study/install/nexus_base_ros/lib/nexus_base_ros/nexus_odometry" to ""
-- Installing: /home/hs/ros2_study/install/nexus_base_ros/lib/nexus_base_ros/nexus_teleop_joy
-- Set non-toolchain portion of runtime path of "/home/hs/ros2_study/install/nexus_base_ros/lib/nexus_base_ros/nexus_teleop_joy" to ""
-- Installing: /home/hs/ros2_study/install/nexus_base_ros/share/nexus_base_ros/launch
-- Installing: /home/hs/ros2_study/install/nexus_base_ros/share/nexus_base_ros/launch/nexus_bringup.launch.py
-- Installing: /home/hs/ros2_study/install/nexus_base_ros/share/ament_index/resource_index/package_run_dependencies/nexus_base_ros
-- Installing: /home/hs/ros2_study/install/nexus_base_ros/share/ament_index/resource_index/parent_prefix_path/nexus_base_ros
-- Installing: /home/hs/ros2_study/install/nexus_base_ros/share/nexus_base_ros/environment/ament_prefix_path.sh
-- Installing: /home/hs/ros2_study/install/nexus_base_ros/share/nexus_base_ros/environment/ament_prefix_path.dsv
-- Installing: /home/hs/ros2_study/install/nexus_base_ros/share/nexus_base_ros/environment/path.sh
-- Installing: /home/hs/ros2_study/install/nexus_base_ros/share/nexus_base_ros/environment/path.dsv
-- Installing: /home/hs/ros2_study/install/nexus_base_ros/share/nexus_base_ros/local_setup.bash
-- Installing: /home/hs/ros2_study/install/nexus_base_ros/share/nexus_base_ros/local_setup.sh
-- Installing: /home/hs/ros2_study/install/nexus_base_ros/share/nexus_base_ros/local_setup.zsh
-- Installing: /home/hs/ros2_study/install/nexus_base_ros/share/nexus_base_ros/local_setup.dsv
-- Installing: /home/hs/ros2_study/install/nexus_base_ros/share/nexus_base_ros/package.dsv
-- Installing: /home/hs/ros2_study/install/nexus_base_ros/share/ament_index/resource_index/packages/nexus_base_ros
-- Installing: /home/hs/ros2_study/install/nexus_base_ros/share/nexus_base_ros/cmake/export_nexus_base_ros__rosidl_generator_cExport.cmake
-- Installing: /home/hs/ros2_study/install/nexus_base_ros/share/nexus_base_ros/cmake/export_nexus_base_ros__rosidl_generator_cExport-noconfig.cmake
-- Installing: /home/hs/ros2_study/install/nexus_base_ros/share/nexus_base_ros/cmake/export_nexus_base_ros__rosidl_typesupport_fastrtps_cExport.cmake
-- Installing: /home/hs/ros2_study/install/nexus_base_ros/share/nexus_base_ros/cmake/export_nexus_base_ros__rosidl_typesupport_fastrtps_cExport-noconfig.cmake
-- Installing: /home/hs/ros2_study/install/nexus_base_ros/share/nexus_base_ros/cmake/export_nexus_base_ros__rosidl_generator_cppExport.cmake
-- Installing: /home/hs/ros2_study/install/nexus_base_ros/share/nexus_base_ros/cmake/export_nexus_base_ros__rosidl_typesupport_fastrtps_cppExport.cmake
-- Installing: /home/hs/ros2_study/install/nexus_base_ros/share/nexus_base_ros/cmake/export_nexus_base_ros__rosidl_typesupport_fastrtps_cppExport-noconfig.cmake
-- Installing: /home/hs/ros2_study/install/nexus_base_ros/share/nexus_base_ros/cmake/nexus_base_ros__rosidl_typesupport_introspection_cExport.cmake
-- Installing: /home/hs/ros2_study/install/nexus_base_ros/share/nexus_base_ros/cmake/nexus_base_ros__rosidl_typesupport_introspection_cExport-noconfig.cmake
-- Installing: /home/hs/ros2_study/install/nexus_base_ros/share/nexus_base_ros/cmake/nexus_base_ros__rosidl_typesupport_cExport.cmake
-- Installing: /home/hs/ros2_study/install/nexus_base_ros/share/nexus_base_ros/cmake/nexus_base_ros__rosidl_typesupport_cExport-noconfig.cmake
-- Installing: /home/hs/ros2_study/install/nexus_base_ros/share/nexus_base_ros/cmake/nexus_base_ros__rosidl_typesupport_introspection_cppExport.cmake
-- Installing: /home/hs/ros2_study/install/nexus_base_ros/share/nexus_base_ros/cmake/nexus_base_ros__rosidl_typesupport_introspection_cppExport-noconfig.cmake
-- Installing: /home/hs/ros2_study/install/nexus_base_ros/share/nexus_base_ros/cmake/nexus_base_ros__rosidl_typesupport_cppExport.cmake
-- Installing: /home/hs/ros2_study/install/nexus_base_ros/share/nexus_base_ros/cmake/nexus_base_ros__rosidl_typesupport_cppExport-noconfig.cmake
-- Installing: /home/hs/ros2_study/install/nexus_base_ros/share/nexus_base_ros/cmake/export_nexus_base_ros__rosidl_generator_pyExport.cmake
-- Installing: /home/hs/ros2_study/install/nexus_base_ros/share/nexus_base_ros/cmake/export_nexus_base_ros__rosidl_generator_pyExport-noconfig.cmake
-- Installing: /home/hs/ros2_study/install/nexus_base_ros/share/nexus_base_ros/cmake/rosidl_cmake-extras.cmake
-- Installing: /home/hs/ros2_study/install/nexus_base_ros/share/nexus_base_ros/cmake/ament_cmake_export_dependencies-extras.cmake
-- Installing: /home/hs/ros2_study/install/nexus_base_ros/share/nexus_base_ros/cmake/ament_cmake_export_include_directories-extras.cmake
-- Installing: /home/hs/ros2_study/install/nexus_base_ros/share/nexus_base_ros/cmake/ament_cmake_export_libraries-extras.cmake
-- Installing: /home/hs/ros2_study/install/nexus_base_ros/share/nexus_base_ros/cmake/ament_cmake_export_targets-extras.cmake
-- Installing: /home/hs/ros2_study/install/nexus_base_ros/share/nexus_base_ros/cmake/rosidl_cmake_export_typesupport_targets-extras.cmake
-- Installing: /home/hs/ros2_study/install/nexus_base_ros/share/nexus_base_ros/cmake/rosidl_cmake_export_typesupport_libraries-extras.cmake
-- Installing: /home/hs/ros2_study/install/nexus_base_ros/share/nexus_base_ros/cmake/nexus_base_rosConfig.cmake
-- Installing: /home/hs/ros2_study/install/nexus_base_ros/share/nexus_base_ros/cmake/nexus_base_rosConfig-version.cmake
-- Installing: /home/hs/ros2_study/install/nexus_base_ros/share/nexus_base_ros/package.xml
