[0.020s] Invoking command in '/home/hs/ros2_study/build/nexus_base_ros': CMAKE_PREFIX_PATH=/opt/ros/humble /usr/local/bin/cmake --build /home/hs/ros2_study/build/nexus_base_ros -- -j8 -l8
[0.047s] -- Found ament_cmake: 1.3.12 (/opt/ros/humble/share/ament_cmake/cmake)
[0.353s] -- Found rclcpp: 16.0.17 (/opt/ros/humble/share/rclcpp/cmake)
[0.404s] -- Found rosidl_generator_c: 3.1.8 (/opt/ros/humble/share/rosidl_generator_c/cmake)
[0.409s] -- Found rosidl_adapter: 3.1.8 (/opt/ros/humble/share/rosidl_adapter/cmake)
[0.420s] -- Found rosidl_generator_cpp: 3.1.8 (/opt/ros/humble/share/rosidl_generator_cpp/cmake)
[0.439s] -- Using all available rosidl_typesupport_c: rosidl_typesupport_fastrtps_c;rosidl_typesupport_introspection_c
[0.464s] -- Using all available rosidl_typesupport_cpp: rosidl_typesupport_fastrtps_cpp;rosidl_typesupport_introspection_cpp
[0.530s] -- Found rmw_implementation_cmake: 6.1.2 (/opt/ros/humble/share/rmw_implementation_cmake/cmake)
[0.532s] -- Found rmw_fastrtps_cpp: 6.2.9 (/opt/ros/humble/share/rmw_fastrtps_cpp/cmake)
[0.705s] -- Using RMW implementation 'rmw_fastrtps_cpp' as default
[0.808s] -- Found geometry_msgs: 4.9.0 (/opt/ros/humble/share/geometry_msgs/cmake)
[0.835s] -- Found sensor_msgs: 4.9.0 (/opt/ros/humble/share/sensor_msgs/cmake)
[0.872s] -- Found nav_msgs: 4.9.0 (/opt/ros/humble/share/nav_msgs/cmake)
[0.908s] -- Found tf2: 0.25.18 (/opt/ros/humble/share/tf2/cmake)
[0.916s] -- Found tf2_ros: 0.25.18 (/opt/ros/humble/share/tf2_ros/cmake)
[1.092s] -- Found rosidl_default_generators: 1.2.0 (/opt/ros/humble/share/rosidl_default_generators/cmake)
[1.777s] -- Found ament_cmake_ros: 0.10.0 (/opt/ros/humble/share/ament_cmake_ros/cmake)
[3.009s] -- Using all available rosidl_typesupport_c: rosidl_typesupport_fastrtps_c;rosidl_typesupport_introspection_c
[3.451s] -- Using all available rosidl_typesupport_cpp: rosidl_typesupport_fastrtps_cpp;rosidl_typesupport_introspection_cpp
[3.453s] [33mCMake Warning (dev) at /opt/ros/humble/share/rosidl_generator_py/cmake/rosidl_generator_py_generate_interfaces.cmake:20 (find_package):
[3.454s]   Policy CMP0148 is not set: The FindPythonInterp and FindPythonLibs modules
[3.454s]   are removed.  Run "cmake --help-policy CMP0148" for policy details.  Use
[3.454s]   the cmake_policy command to set the policy and suppress this warning.
[3.454s] 
[3.454s] Call Stack (most recent call first):
[3.454s]   /opt/ros/humble/share/ament_cmake_core/cmake/core/ament_execute_extensions.cmake:48 (include)
[3.454s]   /opt/ros/humble/share/rosidl_cmake/cmake/rosidl_generate_interfaces.cmake:286 (ament_execute_extensions)
[3.454s]   CMakeLists.txt:29 (rosidl_generate_interfaces)
[3.454s] This warning is for project developers.  Use -Wno-dev to suppress it.
[3.454s] [0m
[3.475s] -- Found python_cmake_module: 0.10.0 (/opt/ros/humble/share/python_cmake_module/cmake)
[3.475s] [33mCMake Warning (dev) at /opt/ros/humble/share/python_cmake_module/cmake/Modules/FindPythonExtra.cmake:52 (find_package):
[3.476s]   Policy CMP0148 is not set: The FindPythonInterp and FindPythonLibs modules
[3.476s]   are removed.  Run "cmake --help-policy CMP0148" for policy details.  Use
[3.476s]   the cmake_policy command to set the policy and suppress this warning.
[3.476s] 
[3.476s] Call Stack (most recent call first):
[3.476s]   /opt/ros/humble/share/rosidl_generator_py/cmake/rosidl_generator_py_generate_interfaces.cmake:23 (find_package)
[3.476s]   /opt/ros/humble/share/ament_cmake_core/cmake/core/ament_execute_extensions.cmake:48 (include)
[3.476s]   /opt/ros/humble/share/rosidl_cmake/cmake/rosidl_generate_interfaces.cmake:286 (ament_execute_extensions)
[3.476s]   CMakeLists.txt:29 (rosidl_generate_interfaces)
[3.476s] This warning is for project developers.  Use -Wno-dev to suppress it.
[3.476s] [0m
[3.503s] [33mCMake Warning (dev) at /opt/ros/humble/share/python_cmake_module/cmake/Modules/FindPythonExtra.cmake:140 (find_package):
[3.504s]   Policy CMP0148 is not set: The FindPythonInterp and FindPythonLibs modules
[3.504s]   are removed.  Run "cmake --help-policy CMP0148" for policy details.  Use
[3.504s]   the cmake_policy command to set the policy and suppress this warning.
[3.504s] 
[3.504s] Call Stack (most recent call first):
[3.505s]   /opt/ros/humble/share/rosidl_generator_py/cmake/rosidl_generator_py_generate_interfaces.cmake:23 (find_package)
[3.505s]   /opt/ros/humble/share/ament_cmake_core/cmake/core/ament_execute_extensions.cmake:48 (include)
[3.505s]   /opt/ros/humble/share/rosidl_cmake/cmake/rosidl_generate_interfaces.cmake:286 (ament_execute_extensions)
[3.505s]   CMakeLists.txt:29 (rosidl_generate_interfaces)
[3.505s] This warning is for project developers.  Use -Wno-dev to suppress it.
[3.506s] [0m
[3.509s] -- Using PYTHON_EXECUTABLE: /usr/bin/python3
[3.509s] -- Using PYTHON_INCLUDE_DIRS: /usr/include/python3.10
[3.509s] -- Using PYTHON_LIBRARIES: /usr/lib/x86_64-linux-gnu/libpython3.10.so
[3.619s] [0mCMake Deprecation Warning at /opt/ros/humble/share/rosidl_cmake/cmake/rosidl_target_interfaces.cmake:32 (message):
[3.619s]   Use rosidl_get_typesupport_target() and target_link_libraries() instead of
[3.619s]   rosidl_target_interfaces()
[3.619s] Call Stack (most recent call first):
[3.619s]   CMakeLists.txt:65 (rosidl_target_interfaces)
[3.619s] 
[3.620s] [0m
[3.620s] [0mCMake Deprecation Warning at /opt/ros/humble/share/rosidl_cmake/cmake/rosidl_target_interfaces.cmake:32 (message):
[3.620s]   Use rosidl_get_typesupport_target() and target_link_libraries() instead of
[3.620s]   rosidl_target_interfaces()
[3.620s] Call Stack (most recent call first):
[3.620s]   CMakeLists.txt:66 (rosidl_target_interfaces)
[3.620s] 
[3.621s] [0m
[3.621s] [0mCMake Deprecation Warning at /opt/ros/humble/share/rosidl_cmake/cmake/rosidl_target_interfaces.cmake:32 (message):
[3.621s]   Use rosidl_get_typesupport_target() and target_link_libraries() instead of
[3.621s]   rosidl_target_interfaces()
[3.621s] Call Stack (most recent call first):
[3.621s]   CMakeLists.txt:67 (rosidl_target_interfaces)
[3.621s] 
[3.621s] [0m
[3.627s] -- Configuring done (3.6s)
[3.717s] -- Generating done (0.1s)
[3.743s] -- Build files have been written to: /home/hs/ros2_study/build/nexus_base_ros
[3.770s] [  1%] [34m[1mGenerating C code for ROS interfaces[0m
[3.778s] [  3%] [34m[1mGenerating C++ code for ROS interfaces[0m
[3.782s] [  3%] Built target ament_cmake_python_copy_nexus_base_ros
[4.206s] running egg_info
[4.207s] writing nexus_base_ros.egg-info/PKG-INFO
[4.207s] writing dependency_links to nexus_base_ros.egg-info/dependency_links.txt
[4.207s] writing top-level names to nexus_base_ros.egg-info/top_level.txt
[4.211s] reading manifest file 'nexus_base_ros.egg-info/SOURCES.txt'
[4.212s] writing manifest file 'nexus_base_ros.egg-info/SOURCES.txt'
[4.250s] [  3%] Built target ament_cmake_python_build_nexus_base_ros_egg
[4.523s] [  3%] Built target nexus_base_ros__cpp
[4.529s] [  6%] [32mBuilding C object CMakeFiles/nexus_base_ros__rosidl_generator_c.dir/rosidl_generator_c/nexus_base_ros/msg/detail/motors__functions.c.o[0m
[4.530s] [  6%] [32mBuilding C object CMakeFiles/nexus_base_ros__rosidl_generator_c.dir/rosidl_generator_c/nexus_base_ros/msg/detail/encoders__functions.c.o[0m
[4.532s] [  8%] [32mBuilding C object CMakeFiles/nexus_base_ros__rosidl_generator_c.dir/rosidl_generator_c/nexus_base_ros/srv/detail/arming_enable__functions.c.o[0m
[4.532s] [  9%] [32mBuilding C object CMakeFiles/nexus_base_ros__rosidl_generator_c.dir/rosidl_generator_c/nexus_base_ros/srv/detail/emergency_stop_enable__functions.c.o[0m
[4.534s] [ 11%] [34m[1mGenerating C++ type support dispatch for ROS interfaces[0m
[4.535s] [ 13%] [34m[1mGenerating C++ type support for eProsima Fast-RTPS[0m
[4.536s] [ 14%] [34m[1mGenerating C++ introspection for ROS interfaces[0m
[4.647s] [ 16%] [32m[1mLinking C shared library libnexus_base_ros__rosidl_generator_c.so[0m
[4.687s] [ 16%] Built target nexus_base_ros__rosidl_generator_c
[4.695s] [ 18%] [34m[1mGenerating C type support for eProsima Fast-RTPS[0m
[4.698s] [ 21%] [34m[1mGenerating C type support dispatch for ROS interfaces[0m
[4.698s] [ 21%] [34m[1mGenerating C introspection for ROS interfaces[0m
[5.338s] [ 22%] [32mBuilding CXX object CMakeFiles/nexus_base_ros__rosidl_typesupport_cpp.dir/rosidl_typesupport_cpp/nexus_base_ros/msg/motors__type_support.cpp.o[0m
[5.339s] [ 24%] [32mBuilding CXX object CMakeFiles/nexus_base_ros__rosidl_typesupport_cpp.dir/rosidl_typesupport_cpp/nexus_base_ros/msg/encoders__type_support.cpp.o[0m
[5.342s] [ 26%] [32mBuilding CXX object CMakeFiles/nexus_base_ros__rosidl_typesupport_cpp.dir/rosidl_typesupport_cpp/nexus_base_ros/srv/emergency_stop_enable__type_support.cpp.o[0m
[5.349s] [ 27%] [32mBuilding CXX object CMakeFiles/nexus_base_ros__rosidl_typesupport_fastrtps_cpp.dir/rosidl_typesupport_fastrtps_cpp/nexus_base_ros/msg/detail/dds_fastrtps/encoders__type_support.cpp.o[0m
[5.370s] [ 29%] [32mBuilding CXX object CMakeFiles/nexus_base_ros__rosidl_typesupport_introspection_cpp.dir/rosidl_typesupport_introspection_cpp/nexus_base_ros/msg/detail/encoders__type_support.cpp.o[0m
[5.515s] [ 31%] [32mBuilding CXX object CMakeFiles/nexus_base_ros__rosidl_typesupport_c.dir/rosidl_typesupport_c/nexus_base_ros/msg/encoders__type_support.cpp.o[0m
[5.543s] [ 32%] [32mBuilding C object CMakeFiles/nexus_base_ros__rosidl_typesupport_introspection_c.dir/rosidl_typesupport_introspection_c/nexus_base_ros/msg/detail/encoders__type_support.c.o[0m
[5.578s] [ 34%] [32mBuilding CXX object CMakeFiles/nexus_base_ros__rosidl_typesupport_c.dir/rosidl_typesupport_c/nexus_base_ros/msg/motors__type_support.cpp.o[0m
[5.669s] [ 36%] [32mBuilding C object CMakeFiles/nexus_base_ros__rosidl_typesupport_introspection_c.dir/rosidl_typesupport_introspection_c/nexus_base_ros/msg/detail/motors__type_support.c.o[0m
[5.684s] [ 37%] [32mBuilding CXX object CMakeFiles/nexus_base_ros__rosidl_typesupport_c.dir/rosidl_typesupport_c/nexus_base_ros/srv/emergency_stop_enable__type_support.cpp.o[0m
[5.750s] [ 39%] [32mBuilding C object CMakeFiles/nexus_base_ros__rosidl_typesupport_introspection_c.dir/rosidl_typesupport_introspection_c/nexus_base_ros/srv/detail/emergency_stop_enable__type_support.c.o[0m
[5.816s] [ 40%] [32mBuilding CXX object CMakeFiles/nexus_base_ros__rosidl_typesupport_c.dir/rosidl_typesupport_c/nexus_base_ros/srv/arming_enable__type_support.cpp.o[0m
[5.838s] [ 42%] [32mBuilding C object CMakeFiles/nexus_base_ros__rosidl_typesupport_introspection_c.dir/rosidl_typesupport_introspection_c/nexus_base_ros/srv/detail/arming_enable__type_support.c.o[0m
[5.843s] [ 44%] [32mBuilding CXX object CMakeFiles/nexus_base_ros__rosidl_typesupport_fastrtps_c.dir/rosidl_typesupport_fastrtps_c/nexus_base_ros/msg/detail/encoders__type_support_c.cpp.o[0m
[5.880s] [ 45%] [32m[1mLinking CXX shared library libnexus_base_ros__rosidl_typesupport_c.so[0m
[5.919s] [ 47%] [32m[1mLinking C shared library libnexus_base_ros__rosidl_typesupport_introspection_c.so[0m
[5.953s] [ 47%] Built target nexus_base_ros__rosidl_typesupport_c
[5.966s] [ 49%] [32mBuilding CXX object CMakeFiles/nexus_base_ros__rosidl_typesupport_introspection_cpp.dir/rosidl_typesupport_introspection_cpp/nexus_base_ros/msg/detail/motors__type_support.cpp.o[0m
[5.980s] [ 49%] Built target nexus_base_ros__rosidl_typesupport_introspection_c
[5.987s] [ 50%] [32mBuilding CXX object CMakeFiles/nexus_base_ros__rosidl_typesupport_fastrtps_c.dir/rosidl_typesupport_fastrtps_c/nexus_base_ros/msg/detail/motors__type_support_c.cpp.o[0m
[6.017s] [ 52%] [32mBuilding CXX object CMakeFiles/nexus_base_ros__rosidl_typesupport_fastrtps_cpp.dir/rosidl_typesupport_fastrtps_cpp/nexus_base_ros/msg/detail/dds_fastrtps/motors__type_support.cpp.o[0m
[6.023s] [ 54%] [32mBuilding CXX object CMakeFiles/nexus_base_ros__rosidl_typesupport_introspection_cpp.dir/rosidl_typesupport_introspection_cpp/nexus_base_ros/srv/detail/emergency_stop_enable__type_support.cpp.o[0m
[6.029s] [ 55%] [32mBuilding CXX object CMakeFiles/nexus_base_ros__rosidl_typesupport_cpp.dir/rosidl_typesupport_cpp/nexus_base_ros/srv/arming_enable__type_support.cpp.o[0m
[6.279s] [ 57%] [32mBuilding CXX object CMakeFiles/nexus_base_ros__rosidl_typesupport_fastrtps_c.dir/rosidl_typesupport_fastrtps_c/nexus_base_ros/srv/detail/emergency_stop_enable__type_support_c.cpp.o[0m
[6.374s] [ 59%] [32mBuilding CXX object CMakeFiles/nexus_base_ros__rosidl_typesupport_fastrtps_cpp.dir/rosidl_typesupport_fastrtps_cpp/nexus_base_ros/srv/detail/dds_fastrtps/emergency_stop_enable__type_support.cpp.o[0m
[6.735s] [ 60%] [32mBuilding CXX object CMakeFiles/nexus_base_ros__rosidl_typesupport_fastrtps_cpp.dir/rosidl_typesupport_fastrtps_cpp/nexus_base_ros/srv/detail/dds_fastrtps/arming_enable__type_support.cpp.o[0m
[6.785s] [ 62%] [32m[1mLinking CXX shared library libnexus_base_ros__rosidl_typesupport_cpp.so[0m
[6.857s] [ 62%] Built target nexus_base_ros__rosidl_typesupport_cpp
[6.866s] [ 63%] [32mBuilding CXX object CMakeFiles/nexus_base_ros__rosidl_typesupport_introspection_cpp.dir/rosidl_typesupport_introspection_cpp/nexus_base_ros/srv/detail/arming_enable__type_support.cpp.o[0m
[6.897s] [ 65%] [32mBuilding CXX object CMakeFiles/nexus_base_ros__rosidl_typesupport_fastrtps_c.dir/rosidl_typesupport_fastrtps_c/nexus_base_ros/srv/detail/arming_enable__type_support_c.cpp.o[0m
[7.505s] [ 67%] [32m[1mLinking CXX shared library libnexus_base_ros__rosidl_typesupport_fastrtps_c.so[0m
[7.528s] [ 68%] [32m[1mLinking CXX shared library libnexus_base_ros__rosidl_typesupport_fastrtps_cpp.so[0m
[7.594s] [ 70%] [32m[1mLinking CXX shared library libnexus_base_ros__rosidl_typesupport_introspection_cpp.so[0m
[7.630s] [ 70%] Built target nexus_base_ros__rosidl_typesupport_fastrtps_c
[7.658s] [ 70%] Built target nexus_base_ros__rosidl_typesupport_fastrtps_cpp
[7.696s] [ 70%] Built target nexus_base_ros__rosidl_typesupport_introspection_cpp
[7.714s] [ 70%] Built target nexus_base_ros
[7.748s] [ 73%] [34m[1mGenerating Python code for ROS interfaces[0m
[7.749s] [ 73%] [32mBuilding CXX object CMakeFiles/nexus_serial_bridge.dir/src/nexus_serial_bridge.cpp.o[0m
[7.750s] [ 75%] [32mBuilding CXX object CMakeFiles/nexus_teleop_joy.dir/src/nexus_teleop_joy.cpp.o[0m
[7.751s] [ 77%] [32mBuilding CXX object CMakeFiles/nexus_odometry.dir/src/nexus_odometry.cpp.o[0m
[9.016s] [ 77%] Built target nexus_base_ros__py
[9.032s] [ 78%] [32mBuilding C object CMakeFiles/nexus_base_ros__rosidl_generator_py.dir/rosidl_generator_py/nexus_base_ros/msg/_encoders_s.c.o[0m
[9.033s] [ 80%] [32mBuilding C object CMakeFiles/nexus_base_ros__rosidl_generator_py.dir/rosidl_generator_py/nexus_base_ros/msg/_motors_s.c.o[0m
[9.034s] [ 81%] [32mBuilding C object CMakeFiles/nexus_base_ros__rosidl_generator_py.dir/rosidl_generator_py/nexus_base_ros/srv/_emergency_stop_enable_s.c.o[0m
[9.034s] [ 83%] [32mBuilding C object CMakeFiles/nexus_base_ros__rosidl_generator_py.dir/rosidl_generator_py/nexus_base_ros/srv/_arming_enable_s.c.o[0m
[9.286s] [ 85%] [32m[1mLinking C shared library rosidl_generator_py/nexus_base_ros/libnexus_base_ros__rosidl_generator_py.so[0m
[9.340s] [ 85%] Built target nexus_base_ros__rosidl_generator_py
[9.368s] [ 86%] [32mBuilding C object CMakeFiles/nexus_base_ros__rosidl_typesupport_introspection_c__pyext.dir/rosidl_generator_py/nexus_base_ros/_nexus_base_ros_s.ep.rosidl_typesupport_introspection_c.c.o[0m
[9.375s] [ 88%] [32mBuilding C object CMakeFiles/nexus_base_ros__rosidl_typesupport_fastrtps_c__pyext.dir/rosidl_generator_py/nexus_base_ros/_nexus_base_ros_s.ep.rosidl_typesupport_fastrtps_c.c.o[0m
[9.380s] [ 90%] [32mBuilding C object CMakeFiles/nexus_base_ros__rosidl_typesupport_c__pyext.dir/rosidl_generator_py/nexus_base_ros/_nexus_base_ros_s.ep.rosidl_typesupport_c.c.o[0m
[9.610s] [ 91%] [32m[1mLinking C shared library rosidl_generator_py/nexus_base_ros/nexus_base_ros_s__rosidl_typesupport_introspection_c.cpython-310-x86_64-linux-gnu.so[0m
[9.640s] [ 93%] [32m[1mLinking C shared library rosidl_generator_py/nexus_base_ros/nexus_base_ros_s__rosidl_typesupport_c.cpython-310-x86_64-linux-gnu.so[0m
[9.647s] [ 95%] [32m[1mLinking C shared library rosidl_generator_py/nexus_base_ros/nexus_base_ros_s__rosidl_typesupport_fastrtps_c.cpython-310-x86_64-linux-gnu.so[0m
[9.672s] [ 95%] Built target nexus_base_ros__rosidl_typesupport_introspection_c__pyext
[9.691s] [ 95%] Built target nexus_base_ros__rosidl_typesupport_c__pyext
[9.698s] [ 95%] Built target nexus_base_ros__rosidl_typesupport_fastrtps_c__pyext
[23.063s] [ 96%] [32m[1mLinking CXX executable nexus_odometry[0m
[23.985s] [ 96%] Built target nexus_odometry
[24.465s] [ 98%] [32m[1mLinking CXX executable nexus_teleop_joy[0m
[25.188s] [ 98%] Built target nexus_teleop_joy
[29.108s] [100%] [32m[1mLinking CXX executable nexus_serial_bridge[0m
[30.021s] [100%] Built target nexus_serial_bridge
[30.034s] Invoked command in '/home/hs/ros2_study/build/nexus_base_ros' returned '0': CMAKE_PREFIX_PATH=/opt/ros/humble /usr/local/bin/cmake --build /home/hs/ros2_study/build/nexus_base_ros -- -j8 -l8
[30.046s] Invoking command in '/home/hs/ros2_study/build/nexus_base_ros': CMAKE_PREFIX_PATH=/opt/ros/humble /usr/local/bin/cmake --install /home/hs/ros2_study/build/nexus_base_ros
[30.055s] -- Install configuration: ""
[30.056s] -- Installing: /home/hs/ros2_study/install/nexus_base_ros/share/ament_index/resource_index/rosidl_interfaces/nexus_base_ros
[30.056s] -- Installing: /home/hs/ros2_study/install/nexus_base_ros/include/nexus_base_ros/nexus_base_ros
[30.056s] -- Installing: /home/hs/ros2_study/install/nexus_base_ros/include/nexus_base_ros/nexus_base_ros/srv
[30.057s] -- Installing: /home/hs/ros2_study/install/nexus_base_ros/include/nexus_base_ros/nexus_base_ros/srv/detail
[30.057s] -- Installing: /home/hs/ros2_study/install/nexus_base_ros/include/nexus_base_ros/nexus_base_ros/srv/detail/arming_enable__type_support.h
[30.057s] -- Installing: /home/hs/ros2_study/install/nexus_base_ros/include/nexus_base_ros/nexus_base_ros/srv/detail/emergency_stop_enable__functions.c
[30.057s] -- Installing: /home/hs/ros2_study/install/nexus_base_ros/include/nexus_base_ros/nexus_base_ros/srv/detail/arming_enable__struct.h
[30.057s] -- Installing: /home/hs/ros2_study/install/nexus_base_ros/include/nexus_base_ros/nexus_base_ros/srv/detail/arming_enable__functions.c
[30.057s] -- Installing: /home/hs/ros2_study/install/nexus_base_ros/include/nexus_base_ros/nexus_base_ros/srv/detail/emergency_stop_enable__functions.h
[30.058s] -- Installing: /home/hs/ros2_study/install/nexus_base_ros/include/nexus_base_ros/nexus_base_ros/srv/detail/emergency_stop_enable__struct.h
[30.058s] -- Installing: /home/hs/ros2_study/install/nexus_base_ros/include/nexus_base_ros/nexus_base_ros/srv/detail/emergency_stop_enable__type_support.h
[30.058s] -- Installing: /home/hs/ros2_study/install/nexus_base_ros/include/nexus_base_ros/nexus_base_ros/srv/detail/arming_enable__functions.h
[30.058s] -- Installing: /home/hs/ros2_study/install/nexus_base_ros/include/nexus_base_ros/nexus_base_ros/srv/arming_enable.h
[30.058s] -- Installing: /home/hs/ros2_study/install/nexus_base_ros/include/nexus_base_ros/nexus_base_ros/srv/emergency_stop_enable.h
[30.059s] -- Installing: /home/hs/ros2_study/install/nexus_base_ros/include/nexus_base_ros/nexus_base_ros/msg
[30.059s] -- Installing: /home/hs/ros2_study/install/nexus_base_ros/include/nexus_base_ros/nexus_base_ros/msg/detail
[30.059s] -- Installing: /home/hs/ros2_study/install/nexus_base_ros/include/nexus_base_ros/nexus_base_ros/msg/detail/motors__functions.c
[30.059s] -- Installing: /home/hs/ros2_study/install/nexus_base_ros/include/nexus_base_ros/nexus_base_ros/msg/detail/motors__struct.h
[30.059s] -- Installing: /home/hs/ros2_study/install/nexus_base_ros/include/nexus_base_ros/nexus_base_ros/msg/detail/encoders__functions.h
[30.060s] -- Installing: /home/hs/ros2_study/install/nexus_base_ros/include/nexus_base_ros/nexus_base_ros/msg/detail/motors__functions.h
[30.060s] -- Installing: /home/hs/ros2_study/install/nexus_base_ros/include/nexus_base_ros/nexus_base_ros/msg/detail/encoders__type_support.h
[30.060s] -- Installing: /home/hs/ros2_study/install/nexus_base_ros/include/nexus_base_ros/nexus_base_ros/msg/detail/motors__type_support.h
[30.060s] -- Installing: /home/hs/ros2_study/install/nexus_base_ros/include/nexus_base_ros/nexus_base_ros/msg/detail/encoders__struct.h
[30.060s] -- Installing: /home/hs/ros2_study/install/nexus_base_ros/include/nexus_base_ros/nexus_base_ros/msg/detail/encoders__functions.c
[30.060s] -- Installing: /home/hs/ros2_study/install/nexus_base_ros/include/nexus_base_ros/nexus_base_ros/msg/rosidl_generator_c__visibility_control.h
[30.061s] -- Installing: /home/hs/ros2_study/install/nexus_base_ros/include/nexus_base_ros/nexus_base_ros/msg/motors.h
[30.061s] -- Installing: /home/hs/ros2_study/install/nexus_base_ros/include/nexus_base_ros/nexus_base_ros/msg/encoders.h
[30.061s] -- Installing: /home/hs/ros2_study/install/nexus_base_ros/share/nexus_base_ros/environment/library_path.sh
[30.061s] -- Installing: /home/hs/ros2_study/install/nexus_base_ros/share/nexus_base_ros/environment/library_path.dsv
[30.061s] -- Installing: /home/hs/ros2_study/install/nexus_base_ros/lib/libnexus_base_ros__rosidl_generator_c.so
[30.062s] -- Set non-toolchain portion of runtime path of "/home/hs/ros2_study/install/nexus_base_ros/lib/libnexus_base_ros__rosidl_generator_c.so" to ""
[30.062s] -- Up-to-date: /home/hs/ros2_study/install/nexus_base_ros/include/nexus_base_ros/nexus_base_ros
[30.062s] -- Up-to-date: /home/hs/ros2_study/install/nexus_base_ros/include/nexus_base_ros/nexus_base_ros/srv
[30.062s] -- Up-to-date: /home/hs/ros2_study/install/nexus_base_ros/include/nexus_base_ros/nexus_base_ros/srv/detail
[30.063s] -- Installing: /home/hs/ros2_study/install/nexus_base_ros/include/nexus_base_ros/nexus_base_ros/srv/detail/arming_enable__rosidl_typesupport_fastrtps_c.h
[30.063s] -- Installing: /home/hs/ros2_study/install/nexus_base_ros/include/nexus_base_ros/nexus_base_ros/srv/detail/emergency_stop_enable__rosidl_typesupport_fastrtps_c.h
[30.063s] -- Up-to-date: /home/hs/ros2_study/install/nexus_base_ros/include/nexus_base_ros/nexus_base_ros/msg
[30.063s] -- Up-to-date: /home/hs/ros2_study/install/nexus_base_ros/include/nexus_base_ros/nexus_base_ros/msg/detail
[30.063s] -- Installing: /home/hs/ros2_study/install/nexus_base_ros/include/nexus_base_ros/nexus_base_ros/msg/detail/motors__rosidl_typesupport_fastrtps_c.h
[30.064s] -- Installing: /home/hs/ros2_study/install/nexus_base_ros/include/nexus_base_ros/nexus_base_ros/msg/detail/encoders__rosidl_typesupport_fastrtps_c.h
[30.064s] -- Installing: /home/hs/ros2_study/install/nexus_base_ros/include/nexus_base_ros/nexus_base_ros/msg/rosidl_typesupport_fastrtps_c__visibility_control.h
[30.064s] -- Installing: /home/hs/ros2_study/install/nexus_base_ros/lib/libnexus_base_ros__rosidl_typesupport_fastrtps_c.so
[30.064s] -- Set non-toolchain portion of runtime path of "/home/hs/ros2_study/install/nexus_base_ros/lib/libnexus_base_ros__rosidl_typesupport_fastrtps_c.so" to ""
[30.064s] -- Up-to-date: /home/hs/ros2_study/install/nexus_base_ros/include/nexus_base_ros/nexus_base_ros
[30.065s] -- Up-to-date: /home/hs/ros2_study/install/nexus_base_ros/include/nexus_base_ros/nexus_base_ros/srv
[30.065s] -- Up-to-date: /home/hs/ros2_study/install/nexus_base_ros/include/nexus_base_ros/nexus_base_ros/srv/detail
[30.065s] -- Installing: /home/hs/ros2_study/install/nexus_base_ros/include/nexus_base_ros/nexus_base_ros/srv/detail/emergency_stop_enable__type_support.hpp
[30.065s] -- Installing: /home/hs/ros2_study/install/nexus_base_ros/include/nexus_base_ros/nexus_base_ros/srv/detail/arming_enable__type_support.hpp
[30.065s] -- Installing: /home/hs/ros2_study/install/nexus_base_ros/include/nexus_base_ros/nexus_base_ros/srv/detail/arming_enable__traits.hpp
[30.066s] -- Installing: /home/hs/ros2_study/install/nexus_base_ros/include/nexus_base_ros/nexus_base_ros/srv/detail/arming_enable__builder.hpp
[30.066s] -- Installing: /home/hs/ros2_study/install/nexus_base_ros/include/nexus_base_ros/nexus_base_ros/srv/detail/emergency_stop_enable__builder.hpp
[30.066s] -- Installing: /home/hs/ros2_study/install/nexus_base_ros/include/nexus_base_ros/nexus_base_ros/srv/detail/emergency_stop_enable__traits.hpp
[30.066s] -- Installing: /home/hs/ros2_study/install/nexus_base_ros/include/nexus_base_ros/nexus_base_ros/srv/detail/emergency_stop_enable__struct.hpp
[30.066s] -- Installing: /home/hs/ros2_study/install/nexus_base_ros/include/nexus_base_ros/nexus_base_ros/srv/detail/arming_enable__struct.hpp
[30.067s] -- Installing: /home/hs/ros2_study/install/nexus_base_ros/include/nexus_base_ros/nexus_base_ros/srv/emergency_stop_enable.hpp
[30.067s] -- Installing: /home/hs/ros2_study/install/nexus_base_ros/include/nexus_base_ros/nexus_base_ros/srv/arming_enable.hpp
[30.067s] -- Up-to-date: /home/hs/ros2_study/install/nexus_base_ros/include/nexus_base_ros/nexus_base_ros/msg
[30.067s] -- Up-to-date: /home/hs/ros2_study/install/nexus_base_ros/include/nexus_base_ros/nexus_base_ros/msg/detail
[30.067s] -- Installing: /home/hs/ros2_study/install/nexus_base_ros/include/nexus_base_ros/nexus_base_ros/msg/detail/encoders__type_support.hpp
[30.068s] -- Installing: /home/hs/ros2_study/install/nexus_base_ros/include/nexus_base_ros/nexus_base_ros/msg/detail/encoders__struct.hpp
[30.068s] -- Installing: /home/hs/ros2_study/install/nexus_base_ros/include/nexus_base_ros/nexus_base_ros/msg/detail/encoders__traits.hpp
[30.068s] -- Installing: /home/hs/ros2_study/install/nexus_base_ros/include/nexus_base_ros/nexus_base_ros/msg/detail/motors__traits.hpp
[30.068s] -- Installing: /home/hs/ros2_study/install/nexus_base_ros/include/nexus_base_ros/nexus_base_ros/msg/detail/encoders__builder.hpp
[30.068s] -- Installing: /home/hs/ros2_study/install/nexus_base_ros/include/nexus_base_ros/nexus_base_ros/msg/detail/motors__builder.hpp
[30.069s] -- Installing: /home/hs/ros2_study/install/nexus_base_ros/include/nexus_base_ros/nexus_base_ros/msg/detail/motors__struct.hpp
[30.069s] -- Installing: /home/hs/ros2_study/install/nexus_base_ros/include/nexus_base_ros/nexus_base_ros/msg/detail/motors__type_support.hpp
[30.069s] -- Installing: /home/hs/ros2_study/install/nexus_base_ros/include/nexus_base_ros/nexus_base_ros/msg/encoders.hpp
[30.069s] -- Installing: /home/hs/ros2_study/install/nexus_base_ros/include/nexus_base_ros/nexus_base_ros/msg/motors.hpp
[30.069s] -- Installing: /home/hs/ros2_study/install/nexus_base_ros/include/nexus_base_ros/nexus_base_ros/msg/rosidl_generator_cpp__visibility_control.hpp
[30.070s] -- Up-to-date: /home/hs/ros2_study/install/nexus_base_ros/include/nexus_base_ros/nexus_base_ros
[30.070s] -- Up-to-date: /home/hs/ros2_study/install/nexus_base_ros/include/nexus_base_ros/nexus_base_ros/srv
[30.070s] -- Up-to-date: /home/hs/ros2_study/install/nexus_base_ros/include/nexus_base_ros/nexus_base_ros/srv/detail
[30.070s] -- Installing: /home/hs/ros2_study/install/nexus_base_ros/include/nexus_base_ros/nexus_base_ros/srv/detail/arming_enable__rosidl_typesupport_fastrtps_cpp.hpp
[30.070s] -- Installing: /home/hs/ros2_study/install/nexus_base_ros/include/nexus_base_ros/nexus_base_ros/srv/detail/emergency_stop_enable__rosidl_typesupport_fastrtps_cpp.hpp
[30.070s] -- Installing: /home/hs/ros2_study/install/nexus_base_ros/include/nexus_base_ros/nexus_base_ros/srv/detail/dds_fastrtps
[30.071s] -- Up-to-date: /home/hs/ros2_study/install/nexus_base_ros/include/nexus_base_ros/nexus_base_ros/msg
[30.071s] -- Up-to-date: /home/hs/ros2_study/install/nexus_base_ros/include/nexus_base_ros/nexus_base_ros/msg/detail
[30.071s] -- Installing: /home/hs/ros2_study/install/nexus_base_ros/include/nexus_base_ros/nexus_base_ros/msg/detail/dds_fastrtps
[30.071s] -- Installing: /home/hs/ros2_study/install/nexus_base_ros/include/nexus_base_ros/nexus_base_ros/msg/detail/encoders__rosidl_typesupport_fastrtps_cpp.hpp
[30.071s] -- Installing: /home/hs/ros2_study/install/nexus_base_ros/include/nexus_base_ros/nexus_base_ros/msg/detail/motors__rosidl_typesupport_fastrtps_cpp.hpp
[30.071s] -- Installing: /home/hs/ros2_study/install/nexus_base_ros/include/nexus_base_ros/nexus_base_ros/msg/rosidl_typesupport_fastrtps_cpp__visibility_control.h
[30.072s] -- Installing: /home/hs/ros2_study/install/nexus_base_ros/lib/libnexus_base_ros__rosidl_typesupport_fastrtps_cpp.so
[30.072s] -- Set non-toolchain portion of runtime path of "/home/hs/ros2_study/install/nexus_base_ros/lib/libnexus_base_ros__rosidl_typesupport_fastrtps_cpp.so" to ""
[30.072s] -- Up-to-date: /home/hs/ros2_study/install/nexus_base_ros/include/nexus_base_ros/nexus_base_ros
[30.072s] -- Up-to-date: /home/hs/ros2_study/install/nexus_base_ros/include/nexus_base_ros/nexus_base_ros/srv
[30.072s] -- Up-to-date: /home/hs/ros2_study/install/nexus_base_ros/include/nexus_base_ros/nexus_base_ros/srv/detail
[30.073s] -- Installing: /home/hs/ros2_study/install/nexus_base_ros/include/nexus_base_ros/nexus_base_ros/srv/detail/emergency_stop_enable__type_support.c
[30.073s] -- Installing: /home/hs/ros2_study/install/nexus_base_ros/include/nexus_base_ros/nexus_base_ros/srv/detail/arming_enable__type_support.c
[30.073s] -- Installing: /home/hs/ros2_study/install/nexus_base_ros/include/nexus_base_ros/nexus_base_ros/srv/detail/emergency_stop_enable__rosidl_typesupport_introspection_c.h
[30.073s] -- Installing: /home/hs/ros2_study/install/nexus_base_ros/include/nexus_base_ros/nexus_base_ros/srv/detail/arming_enable__rosidl_typesupport_introspection_c.h
[30.074s] -- Up-to-date: /home/hs/ros2_study/install/nexus_base_ros/include/nexus_base_ros/nexus_base_ros/msg
[30.074s] -- Installing: /home/hs/ros2_study/install/nexus_base_ros/include/nexus_base_ros/nexus_base_ros/msg/rosidl_typesupport_introspection_c__visibility_control.h
[30.074s] -- Up-to-date: /home/hs/ros2_study/install/nexus_base_ros/include/nexus_base_ros/nexus_base_ros/msg/detail
[30.074s] -- Installing: /home/hs/ros2_study/install/nexus_base_ros/include/nexus_base_ros/nexus_base_ros/msg/detail/motors__type_support.c
[30.075s] -- Installing: /home/hs/ros2_study/install/nexus_base_ros/include/nexus_base_ros/nexus_base_ros/msg/detail/motors__rosidl_typesupport_introspection_c.h
[30.075s] -- Installing: /home/hs/ros2_study/install/nexus_base_ros/include/nexus_base_ros/nexus_base_ros/msg/detail/encoders__type_support.c
[30.075s] -- Installing: /home/hs/ros2_study/install/nexus_base_ros/include/nexus_base_ros/nexus_base_ros/msg/detail/encoders__rosidl_typesupport_introspection_c.h
[30.075s] -- Installing: /home/hs/ros2_study/install/nexus_base_ros/lib/libnexus_base_ros__rosidl_typesupport_introspection_c.so
[30.076s] -- Set non-toolchain portion of runtime path of "/home/hs/ros2_study/install/nexus_base_ros/lib/libnexus_base_ros__rosidl_typesupport_introspection_c.so" to ""
[30.076s] -- Installing: /home/hs/ros2_study/install/nexus_base_ros/lib/libnexus_base_ros__rosidl_typesupport_c.so
[30.077s] -- Set non-toolchain portion of runtime path of "/home/hs/ros2_study/install/nexus_base_ros/lib/libnexus_base_ros__rosidl_typesupport_c.so" to ""
[30.077s] -- Up-to-date: /home/hs/ros2_study/install/nexus_base_ros/include/nexus_base_ros/nexus_base_ros
[30.077s] -- Up-to-date: /home/hs/ros2_study/install/nexus_base_ros/include/nexus_base_ros/nexus_base_ros/srv
[30.077s] -- Up-to-date: /home/hs/ros2_study/install/nexus_base_ros/include/nexus_base_ros/nexus_base_ros/srv/detail
[30.077s] -- Installing: /home/hs/ros2_study/install/nexus_base_ros/include/nexus_base_ros/nexus_base_ros/srv/detail/arming_enable__type_support.cpp
[30.078s] -- Installing: /home/hs/ros2_study/install/nexus_base_ros/include/nexus_base_ros/nexus_base_ros/srv/detail/emergency_stop_enable__type_support.cpp
[30.078s] -- Installing: /home/hs/ros2_study/install/nexus_base_ros/include/nexus_base_ros/nexus_base_ros/srv/detail/emergency_stop_enable__rosidl_typesupport_introspection_cpp.hpp
[30.078s] -- Installing: /home/hs/ros2_study/install/nexus_base_ros/include/nexus_base_ros/nexus_base_ros/srv/detail/arming_enable__rosidl_typesupport_introspection_cpp.hpp
[30.078s] -- Up-to-date: /home/hs/ros2_study/install/nexus_base_ros/include/nexus_base_ros/nexus_base_ros/msg
[30.078s] -- Up-to-date: /home/hs/ros2_study/install/nexus_base_ros/include/nexus_base_ros/nexus_base_ros/msg/detail
[30.078s] -- Installing: /home/hs/ros2_study/install/nexus_base_ros/include/nexus_base_ros/nexus_base_ros/msg/detail/motors__type_support.cpp
[30.079s] -- Installing: /home/hs/ros2_study/install/nexus_base_ros/include/nexus_base_ros/nexus_base_ros/msg/detail/encoders__rosidl_typesupport_introspection_cpp.hpp
[30.079s] -- Installing: /home/hs/ros2_study/install/nexus_base_ros/include/nexus_base_ros/nexus_base_ros/msg/detail/encoders__type_support.cpp
[30.079s] -- Installing: /home/hs/ros2_study/install/nexus_base_ros/include/nexus_base_ros/nexus_base_ros/msg/detail/motors__rosidl_typesupport_introspection_cpp.hpp
[30.079s] -- Installing: /home/hs/ros2_study/install/nexus_base_ros/lib/libnexus_base_ros__rosidl_typesupport_introspection_cpp.so
[30.080s] -- Set non-toolchain portion of runtime path of "/home/hs/ros2_study/install/nexus_base_ros/lib/libnexus_base_ros__rosidl_typesupport_introspection_cpp.so" to ""
[30.080s] -- Installing: /home/hs/ros2_study/install/nexus_base_ros/lib/libnexus_base_ros__rosidl_typesupport_cpp.so
[30.080s] -- Set non-toolchain portion of runtime path of "/home/hs/ros2_study/install/nexus_base_ros/lib/libnexus_base_ros__rosidl_typesupport_cpp.so" to ""
[30.081s] -- Installing: /home/hs/ros2_study/install/nexus_base_ros/share/nexus_base_ros/environment/pythonpath.sh
[30.081s] -- Installing: /home/hs/ros2_study/install/nexus_base_ros/share/nexus_base_ros/environment/pythonpath.dsv
[30.081s] -- Installing: /home/hs/ros2_study/install/nexus_base_ros/local/lib/python3.10/dist-packages/nexus_base_ros-1.0.0-py3.10.egg-info
[30.081s] -- Installing: /home/hs/ros2_study/install/nexus_base_ros/local/lib/python3.10/dist-packages/nexus_base_ros-1.0.0-py3.10.egg-info/dependency_links.txt
[30.081s] -- Installing: /home/hs/ros2_study/install/nexus_base_ros/local/lib/python3.10/dist-packages/nexus_base_ros-1.0.0-py3.10.egg-info/PKG-INFO
[30.082s] -- Installing: /home/hs/ros2_study/install/nexus_base_ros/local/lib/python3.10/dist-packages/nexus_base_ros-1.0.0-py3.10.egg-info/SOURCES.txt
[30.082s] -- Installing: /home/hs/ros2_study/install/nexus_base_ros/local/lib/python3.10/dist-packages/nexus_base_ros-1.0.0-py3.10.egg-info/top_level.txt
[30.082s] -- Installing: /home/hs/ros2_study/install/nexus_base_ros/local/lib/python3.10/dist-packages/nexus_base_ros
[30.082s] -- Installing: /home/hs/ros2_study/install/nexus_base_ros/local/lib/python3.10/dist-packages/nexus_base_ros/_nexus_base_ros_s.ep.rosidl_typesupport_fastrtps_c.c
[30.083s] -- Installing: /home/hs/ros2_study/install/nexus_base_ros/local/lib/python3.10/dist-packages/nexus_base_ros/libnexus_base_ros__rosidl_generator_py.so
[30.083s] -- Installing: /home/hs/ros2_study/install/nexus_base_ros/local/lib/python3.10/dist-packages/nexus_base_ros/nexus_base_ros_s__rosidl_typesupport_c.cpython-310-x86_64-linux-gnu.so
[30.083s] -- Installing: /home/hs/ros2_study/install/nexus_base_ros/local/lib/python3.10/dist-packages/nexus_base_ros/nexus_base_ros_s__rosidl_typesupport_fastrtps_c.cpython-310-x86_64-linux-gnu.so
[30.084s] -- Installing: /home/hs/ros2_study/install/nexus_base_ros/local/lib/python3.10/dist-packages/nexus_base_ros/_nexus_base_ros_s.ep.rosidl_typesupport_introspection_c.c
[30.084s] -- Installing: /home/hs/ros2_study/install/nexus_base_ros/local/lib/python3.10/dist-packages/nexus_base_ros/_nexus_base_ros_s.ep.rosidl_typesupport_c.c
[30.084s] -- Installing: /home/hs/ros2_study/install/nexus_base_ros/local/lib/python3.10/dist-packages/nexus_base_ros/srv
[30.085s] -- Installing: /home/hs/ros2_study/install/nexus_base_ros/local/lib/python3.10/dist-packages/nexus_base_ros/srv/_arming_enable.py
[30.085s] -- Installing: /home/hs/ros2_study/install/nexus_base_ros/local/lib/python3.10/dist-packages/nexus_base_ros/srv/_emergency_stop_enable_s.c
[30.085s] -- Installing: /home/hs/ros2_study/install/nexus_base_ros/local/lib/python3.10/dist-packages/nexus_base_ros/srv/__init__.py
[30.085s] -- Installing: /home/hs/ros2_study/install/nexus_base_ros/local/lib/python3.10/dist-packages/nexus_base_ros/srv/_arming_enable_s.c
[30.085s] -- Installing: /home/hs/ros2_study/install/nexus_base_ros/local/lib/python3.10/dist-packages/nexus_base_ros/srv/_emergency_stop_enable.py
[30.086s] -- Installing: /home/hs/ros2_study/install/nexus_base_ros/local/lib/python3.10/dist-packages/nexus_base_ros/msg
[30.086s] -- Installing: /home/hs/ros2_study/install/nexus_base_ros/local/lib/python3.10/dist-packages/nexus_base_ros/msg/_encoders.py
[30.086s] -- Installing: /home/hs/ros2_study/install/nexus_base_ros/local/lib/python3.10/dist-packages/nexus_base_ros/msg/_motors.py
[30.086s] -- Installing: /home/hs/ros2_study/install/nexus_base_ros/local/lib/python3.10/dist-packages/nexus_base_ros/msg/_encoders_s.c
[30.086s] -- Installing: /home/hs/ros2_study/install/nexus_base_ros/local/lib/python3.10/dist-packages/nexus_base_ros/msg/_motors_s.c
[30.087s] -- Installing: /home/hs/ros2_study/install/nexus_base_ros/local/lib/python3.10/dist-packages/nexus_base_ros/msg/__init__.py
[30.087s] -- Installing: /home/hs/ros2_study/install/nexus_base_ros/local/lib/python3.10/dist-packages/nexus_base_ros/__init__.py
[30.087s] -- Installing: /home/hs/ros2_study/install/nexus_base_ros/local/lib/python3.10/dist-packages/nexus_base_ros/nexus_base_ros_s__rosidl_typesupport_introspection_c.cpython-310-x86_64-linux-gnu.so
[30.159s] Listing '/home/hs/ros2_study/install/nexus_base_ros/local/lib/python3.10/dist-packages/nexus_base_ros'...
[30.159s] Compiling '/home/hs/ros2_study/install/nexus_base_ros/local/lib/python3.10/dist-packages/nexus_base_ros/__init__.py'...
[30.159s] Listing '/home/hs/ros2_study/install/nexus_base_ros/local/lib/python3.10/dist-packages/nexus_base_ros/msg'...
[30.160s] Compiling '/home/hs/ros2_study/install/nexus_base_ros/local/lib/python3.10/dist-packages/nexus_base_ros/msg/__init__.py'...
[30.160s] Compiling '/home/hs/ros2_study/install/nexus_base_ros/local/lib/python3.10/dist-packages/nexus_base_ros/msg/_encoders.py'...
[30.160s] Compiling '/home/hs/ros2_study/install/nexus_base_ros/local/lib/python3.10/dist-packages/nexus_base_ros/msg/_motors.py'...
[30.160s] Listing '/home/hs/ros2_study/install/nexus_base_ros/local/lib/python3.10/dist-packages/nexus_base_ros/srv'...
[30.160s] Compiling '/home/hs/ros2_study/install/nexus_base_ros/local/lib/python3.10/dist-packages/nexus_base_ros/srv/__init__.py'...
[30.160s] Compiling '/home/hs/ros2_study/install/nexus_base_ros/local/lib/python3.10/dist-packages/nexus_base_ros/srv/_arming_enable.py'...
[30.160s] Compiling '/home/hs/ros2_study/install/nexus_base_ros/local/lib/python3.10/dist-packages/nexus_base_ros/srv/_emergency_stop_enable.py'...
[30.169s] -- Installing: /home/hs/ros2_study/install/nexus_base_ros/local/lib/python3.10/dist-packages/nexus_base_ros/nexus_base_ros_s__rosidl_typesupport_fastrtps_c.cpython-310-x86_64-linux-gnu.so
[30.169s] -- Set non-toolchain portion of runtime path of "/home/hs/ros2_study/install/nexus_base_ros/local/lib/python3.10/dist-packages/nexus_base_ros/nexus_base_ros_s__rosidl_typesupport_fastrtps_c.cpython-310-x86_64-linux-gnu.so" to ""
[30.169s] -- Installing: /home/hs/ros2_study/install/nexus_base_ros/local/lib/python3.10/dist-packages/nexus_base_ros/nexus_base_ros_s__rosidl_typesupport_introspection_c.cpython-310-x86_64-linux-gnu.so
[30.170s] -- Set non-toolchain portion of runtime path of "/home/hs/ros2_study/install/nexus_base_ros/local/lib/python3.10/dist-packages/nexus_base_ros/nexus_base_ros_s__rosidl_typesupport_introspection_c.cpython-310-x86_64-linux-gnu.so" to ""
[30.170s] -- Installing: /home/hs/ros2_study/install/nexus_base_ros/local/lib/python3.10/dist-packages/nexus_base_ros/nexus_base_ros_s__rosidl_typesupport_c.cpython-310-x86_64-linux-gnu.so
[30.170s] -- Set non-toolchain portion of runtime path of "/home/hs/ros2_study/install/nexus_base_ros/local/lib/python3.10/dist-packages/nexus_base_ros/nexus_base_ros_s__rosidl_typesupport_c.cpython-310-x86_64-linux-gnu.so" to ""
[30.171s] -- Installing: /home/hs/ros2_study/install/nexus_base_ros/lib/libnexus_base_ros__rosidl_generator_py.so
[30.171s] -- Set non-toolchain portion of runtime path of "/home/hs/ros2_study/install/nexus_base_ros/lib/libnexus_base_ros__rosidl_generator_py.so" to ""
[30.171s] -- Installing: /home/hs/ros2_study/install/nexus_base_ros/share/nexus_base_ros/msg/Encoders.idl
[30.171s] -- Installing: /home/hs/ros2_study/install/nexus_base_ros/share/nexus_base_ros/msg/Motors.idl
[30.171s] -- Installing: /home/hs/ros2_study/install/nexus_base_ros/share/nexus_base_ros/srv/EmergencyStopEnable.idl
[30.172s] -- Installing: /home/hs/ros2_study/install/nexus_base_ros/share/nexus_base_ros/srv/ArmingEnable.idl
[30.172s] -- Installing: /home/hs/ros2_study/install/nexus_base_ros/share/nexus_base_ros/msg/Encoders.msg
[30.172s] -- Installing: /home/hs/ros2_study/install/nexus_base_ros/share/nexus_base_ros/msg/Motors.msg
[30.172s] -- Installing: /home/hs/ros2_study/install/nexus_base_ros/share/nexus_base_ros/srv/EmergencyStopEnable.srv
[30.172s] -- Installing: /home/hs/ros2_study/install/nexus_base_ros/share/nexus_base_ros/srv/EmergencyStopEnable_Request.msg
[30.173s] -- Installing: /home/hs/ros2_study/install/nexus_base_ros/share/nexus_base_ros/srv/EmergencyStopEnable_Response.msg
[30.173s] -- Installing: /home/hs/ros2_study/install/nexus_base_ros/share/nexus_base_ros/srv/ArmingEnable.srv
[30.173s] -- Installing: /home/hs/ros2_study/install/nexus_base_ros/share/nexus_base_ros/srv/ArmingEnable_Request.msg
[30.173s] -- Installing: /home/hs/ros2_study/install/nexus_base_ros/share/nexus_base_ros/srv/ArmingEnable_Response.msg
[30.174s] -- Installing: /home/hs/ros2_study/install/nexus_base_ros/lib/nexus_base_ros/nexus_serial_bridge
[30.179s] -- Set non-toolchain portion of runtime path of "/home/hs/ros2_study/install/nexus_base_ros/lib/nexus_base_ros/nexus_serial_bridge" to ""
[30.179s] -- Installing: /home/hs/ros2_study/install/nexus_base_ros/lib/nexus_base_ros/nexus_odometry
[30.184s] -- Set non-toolchain portion of runtime path of "/home/hs/ros2_study/install/nexus_base_ros/lib/nexus_base_ros/nexus_odometry" to ""
[30.184s] -- Installing: /home/hs/ros2_study/install/nexus_base_ros/lib/nexus_base_ros/nexus_teleop_joy
[30.190s] -- Set non-toolchain portion of runtime path of "/home/hs/ros2_study/install/nexus_base_ros/lib/nexus_base_ros/nexus_teleop_joy" to ""
[30.190s] -- Installing: /home/hs/ros2_study/install/nexus_base_ros/share/nexus_base_ros/launch
[30.191s] -- Installing: /home/hs/ros2_study/install/nexus_base_ros/share/nexus_base_ros/launch/nexus_bringup.launch.py
[30.191s] -- Installing: /home/hs/ros2_study/install/nexus_base_ros/share/ament_index/resource_index/package_run_dependencies/nexus_base_ros
[30.191s] -- Installing: /home/hs/ros2_study/install/nexus_base_ros/share/ament_index/resource_index/parent_prefix_path/nexus_base_ros
[30.192s] -- Installing: /home/hs/ros2_study/install/nexus_base_ros/share/nexus_base_ros/environment/ament_prefix_path.sh
[30.192s] -- Installing: /home/hs/ros2_study/install/nexus_base_ros/share/nexus_base_ros/environment/ament_prefix_path.dsv
[30.192s] -- Installing: /home/hs/ros2_study/install/nexus_base_ros/share/nexus_base_ros/environment/path.sh
[30.193s] -- Installing: /home/hs/ros2_study/install/nexus_base_ros/share/nexus_base_ros/environment/path.dsv
[30.193s] -- Installing: /home/hs/ros2_study/install/nexus_base_ros/share/nexus_base_ros/local_setup.bash
[30.193s] -- Installing: /home/hs/ros2_study/install/nexus_base_ros/share/nexus_base_ros/local_setup.sh
[30.194s] -- Installing: /home/hs/ros2_study/install/nexus_base_ros/share/nexus_base_ros/local_setup.zsh
[30.194s] -- Installing: /home/hs/ros2_study/install/nexus_base_ros/share/nexus_base_ros/local_setup.dsv
[30.194s] -- Installing: /home/hs/ros2_study/install/nexus_base_ros/share/nexus_base_ros/package.dsv
[30.195s] -- Installing: /home/hs/ros2_study/install/nexus_base_ros/share/ament_index/resource_index/packages/nexus_base_ros
[30.195s] -- Installing: /home/hs/ros2_study/install/nexus_base_ros/share/nexus_base_ros/cmake/export_nexus_base_ros__rosidl_generator_cExport.cmake
[30.195s] -- Installing: /home/hs/ros2_study/install/nexus_base_ros/share/nexus_base_ros/cmake/export_nexus_base_ros__rosidl_generator_cExport-noconfig.cmake
[30.196s] -- Installing: /home/hs/ros2_study/install/nexus_base_ros/share/nexus_base_ros/cmake/export_nexus_base_ros__rosidl_typesupport_fastrtps_cExport.cmake
[30.196s] -- Installing: /home/hs/ros2_study/install/nexus_base_ros/share/nexus_base_ros/cmake/export_nexus_base_ros__rosidl_typesupport_fastrtps_cExport-noconfig.cmake
[30.196s] -- Installing: /home/hs/ros2_study/install/nexus_base_ros/share/nexus_base_ros/cmake/export_nexus_base_ros__rosidl_generator_cppExport.cmake
[30.197s] -- Installing: /home/hs/ros2_study/install/nexus_base_ros/share/nexus_base_ros/cmake/export_nexus_base_ros__rosidl_typesupport_fastrtps_cppExport.cmake
[30.197s] -- Installing: /home/hs/ros2_study/install/nexus_base_ros/share/nexus_base_ros/cmake/export_nexus_base_ros__rosidl_typesupport_fastrtps_cppExport-noconfig.cmake
[30.197s] -- Installing: /home/hs/ros2_study/install/nexus_base_ros/share/nexus_base_ros/cmake/nexus_base_ros__rosidl_typesupport_introspection_cExport.cmake
[30.197s] -- Installing: /home/hs/ros2_study/install/nexus_base_ros/share/nexus_base_ros/cmake/nexus_base_ros__rosidl_typesupport_introspection_cExport-noconfig.cmake
[30.198s] -- Installing: /home/hs/ros2_study/install/nexus_base_ros/share/nexus_base_ros/cmake/nexus_base_ros__rosidl_typesupport_cExport.cmake
[30.198s] -- Installing: /home/hs/ros2_study/install/nexus_base_ros/share/nexus_base_ros/cmake/nexus_base_ros__rosidl_typesupport_cExport-noconfig.cmake
[30.198s] -- Installing: /home/hs/ros2_study/install/nexus_base_ros/share/nexus_base_ros/cmake/nexus_base_ros__rosidl_typesupport_introspection_cppExport.cmake
[30.198s] -- Installing: /home/hs/ros2_study/install/nexus_base_ros/share/nexus_base_ros/cmake/nexus_base_ros__rosidl_typesupport_introspection_cppExport-noconfig.cmake
[30.199s] -- Installing: /home/hs/ros2_study/install/nexus_base_ros/share/nexus_base_ros/cmake/nexus_base_ros__rosidl_typesupport_cppExport.cmake
[30.199s] -- Installing: /home/hs/ros2_study/install/nexus_base_ros/share/nexus_base_ros/cmake/nexus_base_ros__rosidl_typesupport_cppExport-noconfig.cmake
[30.199s] -- Installing: /home/hs/ros2_study/install/nexus_base_ros/share/nexus_base_ros/cmake/export_nexus_base_ros__rosidl_generator_pyExport.cmake
[30.200s] -- Installing: /home/hs/ros2_study/install/nexus_base_ros/share/nexus_base_ros/cmake/export_nexus_base_ros__rosidl_generator_pyExport-noconfig.cmake
[30.200s] -- Installing: /home/hs/ros2_study/install/nexus_base_ros/share/nexus_base_ros/cmake/rosidl_cmake-extras.cmake
[30.200s] -- Installing: /home/hs/ros2_study/install/nexus_base_ros/share/nexus_base_ros/cmake/ament_cmake_export_dependencies-extras.cmake
[30.201s] -- Installing: /home/hs/ros2_study/install/nexus_base_ros/share/nexus_base_ros/cmake/ament_cmake_export_include_directories-extras.cmake
[30.201s] -- Installing: /home/hs/ros2_study/install/nexus_base_ros/share/nexus_base_ros/cmake/ament_cmake_export_libraries-extras.cmake
[30.201s] -- Installing: /home/hs/ros2_study/install/nexus_base_ros/share/nexus_base_ros/cmake/ament_cmake_export_targets-extras.cmake
[30.201s] -- Installing: /home/hs/ros2_study/install/nexus_base_ros/share/nexus_base_ros/cmake/rosidl_cmake_export_typesupport_targets-extras.cmake
[30.201s] -- Installing: /home/hs/ros2_study/install/nexus_base_ros/share/nexus_base_ros/cmake/rosidl_cmake_export_typesupport_libraries-extras.cmake
[30.202s] -- Installing: /home/hs/ros2_study/install/nexus_base_ros/share/nexus_base_ros/cmake/nexus_base_rosConfig.cmake
[30.203s] -- Installing: /home/hs/ros2_study/install/nexus_base_ros/share/nexus_base_ros/cmake/nexus_base_rosConfig-version.cmake
[30.203s] -- Installing: /home/hs/ros2_study/install/nexus_base_ros/share/nexus_base_ros/package.xml
[30.206s] Invoked command in '/home/hs/ros2_study/build/nexus_base_ros' returned '0': CMAKE_PREFIX_PATH=/opt/ros/humble /usr/local/bin/cmake --install /home/hs/ros2_study/build/nexus_base_ros
