-- The C compiler identification is GNU 11.4.0
-- The CXX compiler identification is GNU 11.4.0
-- Detecting C compiler ABI info
-- Detecting C compiler ABI info - done
-- Check for working C compiler: /usr/bin/cc - skipped
-- Detecting C compile features
-- Detecting C compile features - done
-- Detecting CXX compiler ABI info
-- Detecting CXX compiler ABI info - done
-- Check for working CXX compiler: /usr/bin/c++ - skipped
-- Detecting CXX compile features
-- Detecting CXX compile features - done
-- Found ament_cmake: 1.3.12 (/opt/ros/humble/share/ament_cmake/cmake)
-- Found Python3: /usr/bin/python3 (found version "3.10.12") found components: Interpreter
-- Found rclcpp: 16.0.17 (/opt/ros/humble/share/rclcpp/cmake)
-- Found rosidl_generator_c: 3.1.8 (/opt/ros/humble/share/rosidl_generator_c/cmake)
-- Found rosidl_adapter: 3.1.8 (/opt/ros/humble/share/rosidl_adapter/cmake)
-- Found rosidl_generator_cpp: 3.1.8 (/opt/ros/humble/share/rosidl_generator_cpp/cmake)
-- Using all available rosidl_typesupport_c: rosidl_typesupport_fastrtps_c;rosidl_typesupport_introspection_c
-- Using all available rosidl_typesupport_cpp: rosidl_typesupport_fastrtps_cpp;rosidl_typesupport_introspection_cpp
-- Found rmw_implementation_cmake: 6.1.2 (/opt/ros/humble/share/rmw_implementation_cmake/cmake)
-- Found rmw_fastrtps_cpp: 6.2.9 (/opt/ros/humble/share/rmw_fastrtps_cpp/cmake)
-- Found OpenSSL: /usr/lib/x86_64-linux-gnu/libcrypto.so (found version "3.0.2")
-- Found FastRTPS: /opt/ros/humble/include
-- Using RMW implementation 'rmw_fastrtps_cpp' as default
-- Performing Test CMAKE_HAVE_LIBC_PTHREAD
-- Performing Test CMAKE_HAVE_LIBC_PTHREAD - Success
-- Found Threads: TRUE
-- Found geometry_msgs: 4.9.0 (/opt/ros/humble/share/geometry_msgs/cmake)
-- Found sensor_msgs: 4.9.0 (/opt/ros/humble/share/sensor_msgs/cmake)
-- Found nav_msgs: 4.9.0 (/opt/ros/humble/share/nav_msgs/cmake)
-- Found tf2: 0.25.18 (/opt/ros/humble/share/tf2/cmake)
-- Found tf2_ros: 0.25.18 (/opt/ros/humble/share/tf2_ros/cmake)
-- Found rosidl_default_generators: 1.2.0 (/opt/ros/humble/share/rosidl_default_generators/cmake)
-- Found Boost: /usr/lib/x86_64-linux-gnu/cmake/Boost-1.74.0/BoostConfig.cmake (found version "1.74.0") found components: system
-- Found ament_cmake_ros: 0.10.0 (/opt/ros/humble/share/ament_cmake_ros/cmake)
-- Using all available rosidl_typesupport_c: rosidl_typesupport_fastrtps_c;rosidl_typesupport_introspection_c
-- Using all available rosidl_typesupport_cpp: rosidl_typesupport_fastrtps_cpp;rosidl_typesupport_introspection_cpp
-- Found PythonInterp: /usr/bin/python3 (found suitable version "3.10.12", minimum required is "3.6")
-- Found python_cmake_module: 0.10.0 (/opt/ros/humble/share/python_cmake_module/cmake)
-- Found PythonLibs: /usr/lib/x86_64-linux-gnu/libpython3.10.so (found suitable version "3.10.12", minimum required is "3.5")
-- Using PYTHON_EXECUTABLE: /usr/bin/python3
-- Using PYTHON_INCLUDE_DIRS: /usr/include/python3.10
-- Using PYTHON_LIBRARIES: /usr/lib/x86_64-linux-gnu/libpython3.10.so
-- Found PythonExtra: .so
-- Configuring done (5.5s)
-- Generating done (0.2s)
-- Build files have been written to: /home/hs/ros2_study/build/nexus_base_ros
[  1%] [34m[1mGenerating C code for ROS interfaces[0m
[  3%] [34m[1mGenerating C++ code for ROS interfaces[0m
[  3%] Built target ament_cmake_python_copy_nexus_base_ros
running egg_info
creating nexus_base_ros.egg-info
writing nexus_base_ros.egg-info/PKG-INFO
writing dependency_links to nexus_base_ros.egg-info/dependency_links.txt
writing top-level names to nexus_base_ros.egg-info/top_level.txt
writing manifest file 'nexus_base_ros.egg-info/SOURCES.txt'
reading manifest file 'nexus_base_ros.egg-info/SOURCES.txt'
writing manifest file 'nexus_base_ros.egg-info/SOURCES.txt'
[  3%] Built target ament_cmake_python_build_nexus_base_ros_egg
[  3%] Built target nexus_base_ros__cpp
[  4%] [34m[1mGenerating C++ type support dispatch for ROS interfaces[0m
[  6%] [34m[1mGenerating C++ type support for eProsima Fast-RTPS[0m
[  8%] [34m[1mGenerating C++ introspection for ROS interfaces[0m
[ 11%] [32mBuilding C object CMakeFiles/nexus_base_ros__rosidl_generator_c.dir/rosidl_generator_c/nexus_base_ros/msg/detail/encoders__functions.c.o[0m
[ 11%] [32mBuilding C object CMakeFiles/nexus_base_ros__rosidl_generator_c.dir/rosidl_generator_c/nexus_base_ros/msg/detail/motors__functions.c.o[0m
[ 13%] [32mBuilding C object CMakeFiles/nexus_base_ros__rosidl_generator_c.dir/rosidl_generator_c/nexus_base_ros/srv/detail/emergency_stop_enable__functions.c.o[0m
[ 14%] [32mBuilding C object CMakeFiles/nexus_base_ros__rosidl_generator_c.dir/rosidl_generator_c/nexus_base_ros/srv/detail/arming_enable__functions.c.o[0m
[ 16%] [32mBuilding CXX object CMakeFiles/nexus_base_ros__rosidl_typesupport_cpp.dir/rosidl_typesupport_cpp/nexus_base_ros/msg/motors__type_support.cpp.o[0m
[ 18%] [32mBuilding CXX object CMakeFiles/nexus_base_ros__rosidl_typesupport_cpp.dir/rosidl_typesupport_cpp/nexus_base_ros/msg/encoders__type_support.cpp.o[0m
[ 19%] [32mBuilding CXX object CMakeFiles/nexus_base_ros__rosidl_typesupport_cpp.dir/rosidl_typesupport_cpp/nexus_base_ros/srv/arming_enable__type_support.cpp.o[0m
[ 21%] [32mBuilding CXX object CMakeFiles/nexus_base_ros__rosidl_typesupport_cpp.dir/rosidl_typesupport_cpp/nexus_base_ros/srv/emergency_stop_enable__type_support.cpp.o[0m
[ 24%] [32mBuilding CXX object CMakeFiles/nexus_base_ros__rosidl_typesupport_introspection_cpp.dir/rosidl_typesupport_introspection_cpp/nexus_base_ros/msg/detail/motors__type_support.cpp.o[0m
[ 26%] [32mBuilding CXX object CMakeFiles/nexus_base_ros__rosidl_typesupport_introspection_cpp.dir/rosidl_typesupport_introspection_cpp/nexus_base_ros/srv/detail/emergency_stop_enable__type_support.cpp.o[0m
[ 26%] [32mBuilding CXX object CMakeFiles/nexus_base_ros__rosidl_typesupport_introspection_cpp.dir/rosidl_typesupport_introspection_cpp/nexus_base_ros/msg/detail/encoders__type_support.cpp.o[0m
[ 27%] [32mBuilding CXX object CMakeFiles/nexus_base_ros__rosidl_typesupport_fastrtps_cpp.dir/rosidl_typesupport_fastrtps_cpp/nexus_base_ros/msg/detail/dds_fastrtps/encoders__type_support.cpp.o[0m
[ 29%] [32mBuilding CXX object CMakeFiles/nexus_base_ros__rosidl_typesupport_introspection_cpp.dir/rosidl_typesupport_introspection_cpp/nexus_base_ros/srv/detail/arming_enable__type_support.cpp.o[0m
[ 31%] [32mBuilding CXX object CMakeFiles/nexus_base_ros__rosidl_typesupport_fastrtps_cpp.dir/rosidl_typesupport_fastrtps_cpp/nexus_base_ros/msg/detail/dds_fastrtps/motors__type_support.cpp.o[0m
[ 32%] [32mBuilding CXX object CMakeFiles/nexus_base_ros__rosidl_typesupport_fastrtps_cpp.dir/rosidl_typesupport_fastrtps_cpp/nexus_base_ros/srv/detail/dds_fastrtps/emergency_stop_enable__type_support.cpp.o[0m
[ 34%] [32mBuilding CXX object CMakeFiles/nexus_base_ros__rosidl_typesupport_fastrtps_cpp.dir/rosidl_typesupport_fastrtps_cpp/nexus_base_ros/srv/detail/dds_fastrtps/arming_enable__type_support.cpp.o[0m
