[0.616s] Invoking command in '/home/hs/ros2_study/build/sllidar_ros2': CMAKE_PREFIX_PATH=/opt/ros/humble /usr/local/bin/cmake --build /home/hs/ros2_study/build/sllidar_ros2 -- -j8 -l8
[0.689s] [ 10%] Built target sllidar_client
[0.736s] [100%] Built target sllidar_node
[0.750s] Invoked command in '/home/hs/ros2_study/build/sllidar_ros2' returned '0': CMAKE_PREFIX_PATH=/opt/ros/humble /usr/local/bin/cmake --build /home/hs/ros2_study/build/sllidar_ros2 -- -j8 -l8
[0.762s] Invoking command in '/home/hs/ros2_study/build/sllidar_ros2': CMAKE_PREFIX_PATH=/opt/ros/humble /usr/local/bin/cmake --install /home/hs/ros2_study/build/sllidar_ros2
[0.766s] -- Install configuration: ""
[0.767s] -- Installing: /home/hs/ros2_study/install/sllidar_ros2/share/sllidar_ros2/launch
[0.767s] -- Installing: /home/hs/ros2_study/install/sllidar_ros2/share/sllidar_ros2/launch/sllidar_s3_launch.py
[0.768s] -- Installing: /home/hs/ros2_study/install/sllidar_ros2/share/sllidar_ros2/launch/view_sllidar_s1_tcp_launch.py
[0.768s] -- Installing: /home/hs/ros2_study/install/sllidar_ros2/share/sllidar_ros2/launch/view_sllidar_a2m12_launch.py
[0.768s] -- Installing: /home/hs/ros2_study/install/sllidar_ros2/share/sllidar_ros2/launch/sllidar_a2m8_launch.py
[0.770s] -- Installing: /home/hs/ros2_study/install/sllidar_ros2/share/sllidar_ros2/launch/sllidar_a2m12_launch.py
[0.770s] -- Installing: /home/hs/ros2_study/install/sllidar_ros2/share/sllidar_ros2/launch/sllidar_c1_launch.py
[0.771s] -- Installing: /home/hs/ros2_study/install/sllidar_ros2/share/sllidar_ros2/launch/view_sllidar_s3_launch.py
[0.771s] -- Installing: /home/hs/ros2_study/install/sllidar_ros2/share/sllidar_ros2/launch/view_sllidar_a2m8_launch.py
[0.771s] -- Installing: /home/hs/ros2_study/install/sllidar_ros2/share/sllidar_ros2/launch/view_sllidar_s2e_launch.py
[0.771s] -- Installing: /home/hs/ros2_study/install/sllidar_ros2/share/sllidar_ros2/launch/view_sllidar_s2_launch.py
[0.771s] -- Installing: /home/hs/ros2_study/install/sllidar_ros2/share/sllidar_ros2/launch/view_sllidar_a3_launch.py
[0.771s] -- Installing: /home/hs/ros2_study/install/sllidar_ros2/share/sllidar_ros2/launch/view_sllidar_s1_launch.py
[0.772s] -- Installing: /home/hs/ros2_study/install/sllidar_ros2/share/sllidar_ros2/launch/view_sllidar_c1_launch.py
[0.772s] -- Installing: /home/hs/ros2_study/install/sllidar_ros2/share/sllidar_ros2/launch/view_sllidar_a1_launch.py
[0.775s] -- Installing: /home/hs/ros2_study/install/sllidar_ros2/share/sllidar_ros2/launch/view_sllidar_a2m7_launch.py
[0.775s] -- Installing: /home/hs/ros2_study/install/sllidar_ros2/share/sllidar_ros2/launch/sllidar_a2m7_launch.py
[0.776s] -- Installing: /home/hs/ros2_study/install/sllidar_ros2/share/sllidar_ros2/launch/sllidar_a1_launch.py
[0.776s] -- Installing: /home/hs/ros2_study/install/sllidar_ros2/share/sllidar_ros2/launch/sllidar_a3_launch.py
[0.776s] -- Installing: /home/hs/ros2_study/install/sllidar_ros2/share/sllidar_ros2/launch/sllidar_s2_launch.py
[0.776s] -- Installing: /home/hs/ros2_study/install/sllidar_ros2/share/sllidar_ros2/launch/sllidar_s1_tcp_launch.py
[0.776s] -- Installing: /home/hs/ros2_study/install/sllidar_ros2/share/sllidar_ros2/launch/sllidar_s2e_launch.py
[0.777s] -- Installing: /home/hs/ros2_study/install/sllidar_ros2/share/sllidar_ros2/launch/sllidar_s1_launch.py
[0.777s] -- Installing: /home/hs/ros2_study/install/sllidar_ros2/share/sllidar_ros2/launch/sllidar_t1_launch.py
[0.777s] -- Installing: /home/hs/ros2_study/install/sllidar_ros2/share/sllidar_ros2/launch/view_sllidar_t1_launch.py
[0.780s] -- Installing: /home/hs/ros2_study/install/sllidar_ros2/share/sllidar_ros2/rviz
[0.780s] -- Installing: /home/hs/ros2_study/install/sllidar_ros2/share/sllidar_ros2/rviz/sllidar_ros2.rviz
[0.780s] -- Installing: /home/hs/ros2_study/install/sllidar_ros2/lib/sllidar_ros2/sllidar_node
[0.782s] -- Set non-toolchain portion of runtime path of "/home/hs/ros2_study/install/sllidar_ros2/lib/sllidar_ros2/sllidar_node" to ""
[0.782s] -- Installing: /home/hs/ros2_study/install/sllidar_ros2/lib/sllidar_ros2/sllidar_client
[0.790s] -- Set non-toolchain portion of runtime path of "/home/hs/ros2_study/install/sllidar_ros2/lib/sllidar_ros2/sllidar_client" to ""
[0.791s] -- Installing: /home/hs/ros2_study/install/sllidar_ros2/share/ament_index/resource_index/package_run_dependencies/sllidar_ros2
[0.792s] -- Installing: /home/hs/ros2_study/install/sllidar_ros2/share/ament_index/resource_index/parent_prefix_path/sllidar_ros2
[0.792s] -- Installing: /home/hs/ros2_study/install/sllidar_ros2/share/sllidar_ros2/environment/ament_prefix_path.sh
[0.793s] -- Installing: /home/hs/ros2_study/install/sllidar_ros2/share/sllidar_ros2/environment/ament_prefix_path.dsv
[0.793s] -- Installing: /home/hs/ros2_study/install/sllidar_ros2/share/sllidar_ros2/environment/path.sh
[0.794s] -- Installing: /home/hs/ros2_study/install/sllidar_ros2/share/sllidar_ros2/environment/path.dsv
[0.794s] -- Installing: /home/hs/ros2_study/install/sllidar_ros2/share/sllidar_ros2/local_setup.bash
[0.795s] -- Installing: /home/hs/ros2_study/install/sllidar_ros2/share/sllidar_ros2/local_setup.sh
[0.795s] -- Installing: /home/hs/ros2_study/install/sllidar_ros2/share/sllidar_ros2/local_setup.zsh
[0.796s] -- Installing: /home/hs/ros2_study/install/sllidar_ros2/share/sllidar_ros2/local_setup.dsv
[0.797s] -- Installing: /home/hs/ros2_study/install/sllidar_ros2/share/sllidar_ros2/package.dsv
[0.798s] -- Installing: /home/hs/ros2_study/install/sllidar_ros2/share/ament_index/resource_index/packages/sllidar_ros2
[0.798s] -- Installing: /home/hs/ros2_study/install/sllidar_ros2/share/sllidar_ros2/cmake/ament_cmake_export_dependencies-extras.cmake
[0.798s] -- Installing: /home/hs/ros2_study/install/sllidar_ros2/share/sllidar_ros2/cmake/ament_cmake_export_include_directories-extras.cmake
[0.799s] -- Installing: /home/hs/ros2_study/install/sllidar_ros2/share/sllidar_ros2/cmake/sllidar_ros2Config.cmake
[0.799s] -- Installing: /home/hs/ros2_study/install/sllidar_ros2/share/sllidar_ros2/cmake/sllidar_ros2Config-version.cmake
[0.799s] -- Installing: /home/hs/ros2_study/install/sllidar_ros2/share/sllidar_ros2/package.xml
[0.802s] Invoked command in '/home/hs/ros2_study/build/sllidar_ros2' returned '0': CMAKE_PREFIX_PATH=/opt/ros/humble /usr/local/bin/cmake --install /home/hs/ros2_study/build/sllidar_ros2
