[0.519s] Invoking command in '/home/hs/ros2_study/build/nexus_base_ros': CMAKE_PREFIX_PATH=${CMAKE_PREFIX_PATH}:/opt/ros/humble /usr/local/bin/cmake --build /home/hs/ros2_study/build/nexus_base_ros -- -j8 -l8
[0.606s] [  1%] Built target nexus_base_ros__cpp
[0.617s] [ 11%] Built target nexus_base_ros__rosidl_generator_c
[0.637s] [ 11%] Built target ament_cmake_python_copy_nexus_base_ros
[0.656s] [ 21%] Built target nexus_base_ros__rosidl_typesupport_fastrtps_cpp
[0.674s] [ 31%] Built target nexus_base_ros__rosidl_typesupport_introspection_cpp
[0.674s] [ 47%] Built target nexus_base_ros__rosidl_typesupport_c
[0.674s] [ 50%] Built target nexus_base_ros__rosidl_typesupport_cpp
[0.677s] [ 60%] Built target nexus_base_ros__rosidl_typesupport_introspection_c
[0.683s] [ 70%] Built target nexus_base_ros__rosidl_typesupport_fastrtps_c
[0.704s] [ 70%] Built target nexus_base_ros
[0.741s] [ 72%] Built target nexus_base_ros__py
[0.759s] [ 75%] Built target nexus_odometry
[0.766s] [ 78%] Built target nexus_teleop_joy
[0.773s] [ 86%] Built target nexus_base_ros__rosidl_generator_py
[0.797s] [ 88%] [32mBuilding CXX object CMakeFiles/nexus_serial_bridge.dir/src/nexus_serial_bridge.cpp.o[0m
[0.803s] [ 91%] Built target nexus_base_ros__rosidl_typesupport_introspection_c__pyext
[0.805s] [ 95%] Built target nexus_base_ros__rosidl_typesupport_c__pyext
[0.808s] [ 98%] Built target nexus_base_ros__rosidl_typesupport_fastrtps_c__pyext
[1.248s] running egg_info
[1.250s] writing nexus_base_ros.egg-info/PKG-INFO
[1.250s] writing dependency_links to nexus_base_ros.egg-info/dependency_links.txt
[1.250s] writing top-level names to nexus_base_ros.egg-info/top_level.txt
[1.255s] reading manifest file 'nexus_base_ros.egg-info/SOURCES.txt'
[1.257s] writing manifest file 'nexus_base_ros.egg-info/SOURCES.txt'
[1.292s] [ 98%] Built target ament_cmake_python_build_nexus_base_ros_egg
[20.268s] [100%] [32m[1mLinking CXX executable nexus_serial_bridge[0m
[21.278s] [100%] Built target nexus_serial_bridge
[21.289s] Invoked command in '/home/hs/ros2_study/build/nexus_base_ros' returned '0': CMAKE_PREFIX_PATH=${CMAKE_PREFIX_PATH}:/opt/ros/humble /usr/local/bin/cmake --build /home/hs/ros2_study/build/nexus_base_ros -- -j8 -l8
[21.292s] Invoking command in '/home/hs/ros2_study/build/nexus_base_ros': CMAKE_PREFIX_PATH=${CMAKE_PREFIX_PATH}:/opt/ros/humble /usr/local/bin/cmake --install /home/hs/ros2_study/build/nexus_base_ros
[21.297s] -- Install configuration: ""
[21.298s] -- Up-to-date: /home/hs/ros2_study/install/nexus_base_ros/share/ament_index/resource_index/rosidl_interfaces/nexus_base_ros
[21.298s] -- Up-to-date: /home/hs/ros2_study/install/nexus_base_ros/include/nexus_base_ros/nexus_base_ros
[21.298s] -- Up-to-date: /home/hs/ros2_study/install/nexus_base_ros/include/nexus_base_ros/nexus_base_ros/srv
[21.298s] -- Up-to-date: /home/hs/ros2_study/install/nexus_base_ros/include/nexus_base_ros/nexus_base_ros/srv/detail
[21.298s] -- Up-to-date: /home/hs/ros2_study/install/nexus_base_ros/include/nexus_base_ros/nexus_base_ros/srv/detail/arming_enable__type_support.h
[21.299s] -- Up-to-date: /home/hs/ros2_study/install/nexus_base_ros/include/nexus_base_ros/nexus_base_ros/srv/detail/emergency_stop_enable__functions.c
[21.299s] -- Up-to-date: /home/hs/ros2_study/install/nexus_base_ros/include/nexus_base_ros/nexus_base_ros/srv/detail/arming_enable__struct.h
[21.299s] -- Up-to-date: /home/hs/ros2_study/install/nexus_base_ros/include/nexus_base_ros/nexus_base_ros/srv/detail/arming_enable__functions.c
[21.299s] -- Up-to-date: /home/hs/ros2_study/install/nexus_base_ros/include/nexus_base_ros/nexus_base_ros/srv/detail/emergency_stop_enable__functions.h
[21.299s] -- Up-to-date: /home/hs/ros2_study/install/nexus_base_ros/include/nexus_base_ros/nexus_base_ros/srv/detail/emergency_stop_enable__struct.h
[21.299s] -- Up-to-date: /home/hs/ros2_study/install/nexus_base_ros/include/nexus_base_ros/nexus_base_ros/srv/detail/emergency_stop_enable__type_support.h
[21.299s] -- Up-to-date: /home/hs/ros2_study/install/nexus_base_ros/include/nexus_base_ros/nexus_base_ros/srv/detail/arming_enable__functions.h
[21.299s] -- Up-to-date: /home/hs/ros2_study/install/nexus_base_ros/include/nexus_base_ros/nexus_base_ros/srv/arming_enable.h
[21.300s] -- Up-to-date: /home/hs/ros2_study/install/nexus_base_ros/include/nexus_base_ros/nexus_base_ros/srv/emergency_stop_enable.h
[21.300s] -- Up-to-date: /home/hs/ros2_study/install/nexus_base_ros/include/nexus_base_ros/nexus_base_ros/msg
[21.300s] -- Up-to-date: /home/hs/ros2_study/install/nexus_base_ros/include/nexus_base_ros/nexus_base_ros/msg/detail
[21.300s] -- Up-to-date: /home/hs/ros2_study/install/nexus_base_ros/include/nexus_base_ros/nexus_base_ros/msg/detail/motors__functions.c
[21.300s] -- Up-to-date: /home/hs/ros2_study/install/nexus_base_ros/include/nexus_base_ros/nexus_base_ros/msg/detail/motors__struct.h
[21.300s] -- Up-to-date: /home/hs/ros2_study/install/nexus_base_ros/include/nexus_base_ros/nexus_base_ros/msg/detail/encoders__functions.h
[21.300s] -- Up-to-date: /home/hs/ros2_study/install/nexus_base_ros/include/nexus_base_ros/nexus_base_ros/msg/detail/motors__functions.h
[21.300s] -- Up-to-date: /home/hs/ros2_study/install/nexus_base_ros/include/nexus_base_ros/nexus_base_ros/msg/detail/encoders__type_support.h
[21.301s] -- Up-to-date: /home/hs/ros2_study/install/nexus_base_ros/include/nexus_base_ros/nexus_base_ros/msg/detail/motors__type_support.h
[21.301s] -- Up-to-date: /home/hs/ros2_study/install/nexus_base_ros/include/nexus_base_ros/nexus_base_ros/msg/detail/encoders__struct.h
[21.301s] -- Up-to-date: /home/hs/ros2_study/install/nexus_base_ros/include/nexus_base_ros/nexus_base_ros/msg/detail/encoders__functions.c
[21.301s] -- Up-to-date: /home/hs/ros2_study/install/nexus_base_ros/include/nexus_base_ros/nexus_base_ros/msg/rosidl_generator_c__visibility_control.h
[21.301s] -- Up-to-date: /home/hs/ros2_study/install/nexus_base_ros/include/nexus_base_ros/nexus_base_ros/msg/motors.h
[21.301s] -- Up-to-date: /home/hs/ros2_study/install/nexus_base_ros/include/nexus_base_ros/nexus_base_ros/msg/encoders.h
[21.301s] -- Up-to-date: /home/hs/ros2_study/install/nexus_base_ros/share/nexus_base_ros/environment/library_path.sh
[21.301s] -- Up-to-date: /home/hs/ros2_study/install/nexus_base_ros/share/nexus_base_ros/environment/library_path.dsv
[21.301s] -- Up-to-date: /home/hs/ros2_study/install/nexus_base_ros/lib/libnexus_base_ros__rosidl_generator_c.so
[21.301s] -- Up-to-date: /home/hs/ros2_study/install/nexus_base_ros/include/nexus_base_ros/nexus_base_ros
[21.302s] -- Up-to-date: /home/hs/ros2_study/install/nexus_base_ros/include/nexus_base_ros/nexus_base_ros/srv
[21.302s] -- Up-to-date: /home/hs/ros2_study/install/nexus_base_ros/include/nexus_base_ros/nexus_base_ros/srv/detail
[21.302s] -- Up-to-date: /home/hs/ros2_study/install/nexus_base_ros/include/nexus_base_ros/nexus_base_ros/srv/detail/arming_enable__rosidl_typesupport_fastrtps_c.h
[21.302s] -- Up-to-date: /home/hs/ros2_study/install/nexus_base_ros/include/nexus_base_ros/nexus_base_ros/srv/detail/emergency_stop_enable__rosidl_typesupport_fastrtps_c.h
[21.302s] -- Up-to-date: /home/hs/ros2_study/install/nexus_base_ros/include/nexus_base_ros/nexus_base_ros/msg
[21.302s] -- Up-to-date: /home/hs/ros2_study/install/nexus_base_ros/include/nexus_base_ros/nexus_base_ros/msg/detail
[21.302s] -- Up-to-date: /home/hs/ros2_study/install/nexus_base_ros/include/nexus_base_ros/nexus_base_ros/msg/detail/motors__rosidl_typesupport_fastrtps_c.h
[21.302s] -- Up-to-date: /home/hs/ros2_study/install/nexus_base_ros/include/nexus_base_ros/nexus_base_ros/msg/detail/encoders__rosidl_typesupport_fastrtps_c.h
[21.303s] -- Up-to-date: /home/hs/ros2_study/install/nexus_base_ros/include/nexus_base_ros/nexus_base_ros/msg/rosidl_typesupport_fastrtps_c__visibility_control.h
[21.303s] -- Up-to-date: /home/hs/ros2_study/install/nexus_base_ros/lib/libnexus_base_ros__rosidl_typesupport_fastrtps_c.so
[21.303s] -- Up-to-date: /home/hs/ros2_study/install/nexus_base_ros/include/nexus_base_ros/nexus_base_ros
[21.303s] -- Up-to-date: /home/hs/ros2_study/install/nexus_base_ros/include/nexus_base_ros/nexus_base_ros/srv
[21.303s] -- Up-to-date: /home/hs/ros2_study/install/nexus_base_ros/include/nexus_base_ros/nexus_base_ros/srv/detail
[21.303s] -- Up-to-date: /home/hs/ros2_study/install/nexus_base_ros/include/nexus_base_ros/nexus_base_ros/srv/detail/emergency_stop_enable__type_support.hpp
[21.303s] -- Up-to-date: /home/hs/ros2_study/install/nexus_base_ros/include/nexus_base_ros/nexus_base_ros/srv/detail/arming_enable__type_support.hpp
[21.303s] -- Up-to-date: /home/hs/ros2_study/install/nexus_base_ros/include/nexus_base_ros/nexus_base_ros/srv/detail/arming_enable__traits.hpp
[21.304s] -- Up-to-date: /home/hs/ros2_study/install/nexus_base_ros/include/nexus_base_ros/nexus_base_ros/srv/detail/arming_enable__builder.hpp
[21.304s] -- Up-to-date: /home/hs/ros2_study/install/nexus_base_ros/include/nexus_base_ros/nexus_base_ros/srv/detail/emergency_stop_enable__builder.hpp
[21.304s] -- Up-to-date: /home/hs/ros2_study/install/nexus_base_ros/include/nexus_base_ros/nexus_base_ros/srv/detail/emergency_stop_enable__traits.hpp
[21.304s] -- Up-to-date: /home/hs/ros2_study/install/nexus_base_ros/include/nexus_base_ros/nexus_base_ros/srv/detail/emergency_stop_enable__struct.hpp
[21.304s] -- Up-to-date: /home/hs/ros2_study/install/nexus_base_ros/include/nexus_base_ros/nexus_base_ros/srv/detail/arming_enable__struct.hpp
[21.304s] -- Up-to-date: /home/hs/ros2_study/install/nexus_base_ros/include/nexus_base_ros/nexus_base_ros/srv/emergency_stop_enable.hpp
[21.304s] -- Up-to-date: /home/hs/ros2_study/install/nexus_base_ros/include/nexus_base_ros/nexus_base_ros/srv/arming_enable.hpp
[21.304s] -- Up-to-date: /home/hs/ros2_study/install/nexus_base_ros/include/nexus_base_ros/nexus_base_ros/msg
[21.304s] -- Up-to-date: /home/hs/ros2_study/install/nexus_base_ros/include/nexus_base_ros/nexus_base_ros/msg/detail
[21.304s] -- Up-to-date: /home/hs/ros2_study/install/nexus_base_ros/include/nexus_base_ros/nexus_base_ros/msg/detail/encoders__type_support.hpp
[21.305s] -- Up-to-date: /home/hs/ros2_study/install/nexus_base_ros/include/nexus_base_ros/nexus_base_ros/msg/detail/encoders__struct.hpp
[21.305s] -- Up-to-date: /home/hs/ros2_study/install/nexus_base_ros/include/nexus_base_ros/nexus_base_ros/msg/detail/encoders__traits.hpp
[21.305s] -- Up-to-date: /home/hs/ros2_study/install/nexus_base_ros/include/nexus_base_ros/nexus_base_ros/msg/detail/motors__traits.hpp
[21.305s] -- Up-to-date: /home/hs/ros2_study/install/nexus_base_ros/include/nexus_base_ros/nexus_base_ros/msg/detail/encoders__builder.hpp
[21.305s] -- Up-to-date: /home/hs/ros2_study/install/nexus_base_ros/include/nexus_base_ros/nexus_base_ros/msg/detail/motors__builder.hpp
[21.305s] -- Up-to-date: /home/hs/ros2_study/install/nexus_base_ros/include/nexus_base_ros/nexus_base_ros/msg/detail/motors__struct.hpp
[21.305s] -- Up-to-date: /home/hs/ros2_study/install/nexus_base_ros/include/nexus_base_ros/nexus_base_ros/msg/detail/motors__type_support.hpp
[21.305s] -- Up-to-date: /home/hs/ros2_study/install/nexus_base_ros/include/nexus_base_ros/nexus_base_ros/msg/encoders.hpp
[21.305s] -- Up-to-date: /home/hs/ros2_study/install/nexus_base_ros/include/nexus_base_ros/nexus_base_ros/msg/motors.hpp
[21.305s] -- Up-to-date: /home/hs/ros2_study/install/nexus_base_ros/include/nexus_base_ros/nexus_base_ros/msg/rosidl_generator_cpp__visibility_control.hpp
[21.306s] -- Up-to-date: /home/hs/ros2_study/install/nexus_base_ros/include/nexus_base_ros/nexus_base_ros
[21.306s] -- Up-to-date: /home/hs/ros2_study/install/nexus_base_ros/include/nexus_base_ros/nexus_base_ros/srv
[21.306s] -- Up-to-date: /home/hs/ros2_study/install/nexus_base_ros/include/nexus_base_ros/nexus_base_ros/srv/detail
[21.306s] -- Up-to-date: /home/hs/ros2_study/install/nexus_base_ros/include/nexus_base_ros/nexus_base_ros/srv/detail/arming_enable__rosidl_typesupport_fastrtps_cpp.hpp
[21.306s] -- Up-to-date: /home/hs/ros2_study/install/nexus_base_ros/include/nexus_base_ros/nexus_base_ros/srv/detail/emergency_stop_enable__rosidl_typesupport_fastrtps_cpp.hpp
[21.306s] -- Up-to-date: /home/hs/ros2_study/install/nexus_base_ros/include/nexus_base_ros/nexus_base_ros/srv/detail/dds_fastrtps
[21.306s] -- Up-to-date: /home/hs/ros2_study/install/nexus_base_ros/include/nexus_base_ros/nexus_base_ros/msg
[21.306s] -- Up-to-date: /home/hs/ros2_study/install/nexus_base_ros/include/nexus_base_ros/nexus_base_ros/msg/detail
[21.306s] -- Up-to-date: /home/hs/ros2_study/install/nexus_base_ros/include/nexus_base_ros/nexus_base_ros/msg/detail/dds_fastrtps
[21.306s] -- Up-to-date: /home/hs/ros2_study/install/nexus_base_ros/include/nexus_base_ros/nexus_base_ros/msg/detail/encoders__rosidl_typesupport_fastrtps_cpp.hpp
[21.307s] -- Up-to-date: /home/hs/ros2_study/install/nexus_base_ros/include/nexus_base_ros/nexus_base_ros/msg/detail/motors__rosidl_typesupport_fastrtps_cpp.hpp
[21.307s] -- Up-to-date: /home/hs/ros2_study/install/nexus_base_ros/include/nexus_base_ros/nexus_base_ros/msg/rosidl_typesupport_fastrtps_cpp__visibility_control.h
[21.307s] -- Up-to-date: /home/hs/ros2_study/install/nexus_base_ros/lib/libnexus_base_ros__rosidl_typesupport_fastrtps_cpp.so
[21.307s] -- Up-to-date: /home/hs/ros2_study/install/nexus_base_ros/include/nexus_base_ros/nexus_base_ros
[21.307s] -- Up-to-date: /home/hs/ros2_study/install/nexus_base_ros/include/nexus_base_ros/nexus_base_ros/srv
[21.307s] -- Up-to-date: /home/hs/ros2_study/install/nexus_base_ros/include/nexus_base_ros/nexus_base_ros/srv/detail
[21.307s] -- Up-to-date: /home/hs/ros2_study/install/nexus_base_ros/include/nexus_base_ros/nexus_base_ros/srv/detail/emergency_stop_enable__type_support.c
[21.307s] -- Up-to-date: /home/hs/ros2_study/install/nexus_base_ros/include/nexus_base_ros/nexus_base_ros/srv/detail/arming_enable__type_support.c
[21.307s] -- Up-to-date: /home/hs/ros2_study/install/nexus_base_ros/include/nexus_base_ros/nexus_base_ros/srv/detail/emergency_stop_enable__rosidl_typesupport_introspection_c.h
[21.308s] -- Up-to-date: /home/hs/ros2_study/install/nexus_base_ros/include/nexus_base_ros/nexus_base_ros/srv/detail/arming_enable__rosidl_typesupport_introspection_c.h
[21.308s] -- Up-to-date: /home/hs/ros2_study/install/nexus_base_ros/include/nexus_base_ros/nexus_base_ros/msg
[21.308s] -- Up-to-date: /home/hs/ros2_study/install/nexus_base_ros/include/nexus_base_ros/nexus_base_ros/msg/rosidl_typesupport_introspection_c__visibility_control.h
[21.308s] -- Up-to-date: /home/hs/ros2_study/install/nexus_base_ros/include/nexus_base_ros/nexus_base_ros/msg/detail
[21.308s] -- Up-to-date: /home/hs/ros2_study/install/nexus_base_ros/include/nexus_base_ros/nexus_base_ros/msg/detail/motors__type_support.c
[21.308s] -- Up-to-date: /home/hs/ros2_study/install/nexus_base_ros/include/nexus_base_ros/nexus_base_ros/msg/detail/motors__rosidl_typesupport_introspection_c.h
[21.308s] -- Up-to-date: /home/hs/ros2_study/install/nexus_base_ros/include/nexus_base_ros/nexus_base_ros/msg/detail/encoders__type_support.c
[21.308s] -- Up-to-date: /home/hs/ros2_study/install/nexus_base_ros/include/nexus_base_ros/nexus_base_ros/msg/detail/encoders__rosidl_typesupport_introspection_c.h
[21.308s] -- Up-to-date: /home/hs/ros2_study/install/nexus_base_ros/lib/libnexus_base_ros__rosidl_typesupport_introspection_c.so
[21.309s] -- Up-to-date: /home/hs/ros2_study/install/nexus_base_ros/lib/libnexus_base_ros__rosidl_typesupport_c.so
[21.309s] -- Up-to-date: /home/hs/ros2_study/install/nexus_base_ros/include/nexus_base_ros/nexus_base_ros
[21.309s] -- Up-to-date: /home/hs/ros2_study/install/nexus_base_ros/include/nexus_base_ros/nexus_base_ros/srv
[21.309s] -- Up-to-date: /home/hs/ros2_study/install/nexus_base_ros/include/nexus_base_ros/nexus_base_ros/srv/detail
[21.309s] -- Up-to-date: /home/hs/ros2_study/install/nexus_base_ros/include/nexus_base_ros/nexus_base_ros/srv/detail/arming_enable__type_support.cpp
[21.309s] -- Up-to-date: /home/hs/ros2_study/install/nexus_base_ros/include/nexus_base_ros/nexus_base_ros/srv/detail/emergency_stop_enable__type_support.cpp
[21.309s] -- Up-to-date: /home/hs/ros2_study/install/nexus_base_ros/include/nexus_base_ros/nexus_base_ros/srv/detail/emergency_stop_enable__rosidl_typesupport_introspection_cpp.hpp
[21.309s] -- Up-to-date: /home/hs/ros2_study/install/nexus_base_ros/include/nexus_base_ros/nexus_base_ros/srv/detail/arming_enable__rosidl_typesupport_introspection_cpp.hpp
[21.309s] -- Up-to-date: /home/hs/ros2_study/install/nexus_base_ros/include/nexus_base_ros/nexus_base_ros/msg
[21.310s] -- Up-to-date: /home/hs/ros2_study/install/nexus_base_ros/include/nexus_base_ros/nexus_base_ros/msg/detail
[21.310s] -- Up-to-date: /home/hs/ros2_study/install/nexus_base_ros/include/nexus_base_ros/nexus_base_ros/msg/detail/motors__type_support.cpp
[21.310s] -- Up-to-date: /home/hs/ros2_study/install/nexus_base_ros/include/nexus_base_ros/nexus_base_ros/msg/detail/encoders__rosidl_typesupport_introspection_cpp.hpp
[21.310s] -- Up-to-date: /home/hs/ros2_study/install/nexus_base_ros/include/nexus_base_ros/nexus_base_ros/msg/detail/encoders__type_support.cpp
[21.310s] -- Up-to-date: /home/hs/ros2_study/install/nexus_base_ros/include/nexus_base_ros/nexus_base_ros/msg/detail/motors__rosidl_typesupport_introspection_cpp.hpp
[21.310s] -- Up-to-date: /home/hs/ros2_study/install/nexus_base_ros/lib/libnexus_base_ros__rosidl_typesupport_introspection_cpp.so
[21.310s] -- Up-to-date: /home/hs/ros2_study/install/nexus_base_ros/lib/libnexus_base_ros__rosidl_typesupport_cpp.so
[21.310s] -- Up-to-date: /home/hs/ros2_study/install/nexus_base_ros/share/nexus_base_ros/environment/pythonpath.sh
[21.310s] -- Up-to-date: /home/hs/ros2_study/install/nexus_base_ros/share/nexus_base_ros/environment/pythonpath.dsv
[21.311s] -- Up-to-date: /home/hs/ros2_study/install/nexus_base_ros/local/lib/python3.10/dist-packages/nexus_base_ros-1.0.0-py3.10.egg-info
[21.311s] -- Installing: /home/hs/ros2_study/install/nexus_base_ros/local/lib/python3.10/dist-packages/nexus_base_ros-1.0.0-py3.10.egg-info/dependency_links.txt
[21.311s] -- Installing: /home/hs/ros2_study/install/nexus_base_ros/local/lib/python3.10/dist-packages/nexus_base_ros-1.0.0-py3.10.egg-info/PKG-INFO
[21.311s] -- Installing: /home/hs/ros2_study/install/nexus_base_ros/local/lib/python3.10/dist-packages/nexus_base_ros-1.0.0-py3.10.egg-info/SOURCES.txt
[21.311s] -- Installing: /home/hs/ros2_study/install/nexus_base_ros/local/lib/python3.10/dist-packages/nexus_base_ros-1.0.0-py3.10.egg-info/top_level.txt
[21.311s] -- Up-to-date: /home/hs/ros2_study/install/nexus_base_ros/local/lib/python3.10/dist-packages/nexus_base_ros
[21.311s] -- Up-to-date: /home/hs/ros2_study/install/nexus_base_ros/local/lib/python3.10/dist-packages/nexus_base_ros/_nexus_base_ros_s.ep.rosidl_typesupport_fastrtps_c.c
[21.311s] -- Up-to-date: /home/hs/ros2_study/install/nexus_base_ros/local/lib/python3.10/dist-packages/nexus_base_ros/libnexus_base_ros__rosidl_generator_py.so
[21.311s] -- Up-to-date: /home/hs/ros2_study/install/nexus_base_ros/local/lib/python3.10/dist-packages/nexus_base_ros/nexus_base_ros_s__rosidl_typesupport_c.cpython-310-x86_64-linux-gnu.so
[21.311s] -- Up-to-date: /home/hs/ros2_study/install/nexus_base_ros/local/lib/python3.10/dist-packages/nexus_base_ros/nexus_base_ros_s__rosidl_typesupport_fastrtps_c.cpython-310-x86_64-linux-gnu.so
[21.312s] -- Up-to-date: /home/hs/ros2_study/install/nexus_base_ros/local/lib/python3.10/dist-packages/nexus_base_ros/_nexus_base_ros_s.ep.rosidl_typesupport_introspection_c.c
[21.312s] -- Up-to-date: /home/hs/ros2_study/install/nexus_base_ros/local/lib/python3.10/dist-packages/nexus_base_ros/_nexus_base_ros_s.ep.rosidl_typesupport_c.c
[21.312s] -- Up-to-date: /home/hs/ros2_study/install/nexus_base_ros/local/lib/python3.10/dist-packages/nexus_base_ros/srv
[21.312s] -- Up-to-date: /home/hs/ros2_study/install/nexus_base_ros/local/lib/python3.10/dist-packages/nexus_base_ros/srv/_arming_enable.py
[21.312s] -- Up-to-date: /home/hs/ros2_study/install/nexus_base_ros/local/lib/python3.10/dist-packages/nexus_base_ros/srv/_emergency_stop_enable_s.c
[21.312s] -- Up-to-date: /home/hs/ros2_study/install/nexus_base_ros/local/lib/python3.10/dist-packages/nexus_base_ros/srv/__init__.py
[21.312s] -- Up-to-date: /home/hs/ros2_study/install/nexus_base_ros/local/lib/python3.10/dist-packages/nexus_base_ros/srv/_arming_enable_s.c
[21.312s] -- Up-to-date: /home/hs/ros2_study/install/nexus_base_ros/local/lib/python3.10/dist-packages/nexus_base_ros/srv/_emergency_stop_enable.py
[21.312s] -- Up-to-date: /home/hs/ros2_study/install/nexus_base_ros/local/lib/python3.10/dist-packages/nexus_base_ros/msg
[21.312s] -- Up-to-date: /home/hs/ros2_study/install/nexus_base_ros/local/lib/python3.10/dist-packages/nexus_base_ros/msg/_encoders.py
[21.312s] -- Up-to-date: /home/hs/ros2_study/install/nexus_base_ros/local/lib/python3.10/dist-packages/nexus_base_ros/msg/_motors.py
[21.312s] -- Up-to-date: /home/hs/ros2_study/install/nexus_base_ros/local/lib/python3.10/dist-packages/nexus_base_ros/msg/_encoders_s.c
[21.313s] -- Up-to-date: /home/hs/ros2_study/install/nexus_base_ros/local/lib/python3.10/dist-packages/nexus_base_ros/msg/_motors_s.c
[21.313s] -- Up-to-date: /home/hs/ros2_study/install/nexus_base_ros/local/lib/python3.10/dist-packages/nexus_base_ros/msg/__init__.py
[21.313s] -- Up-to-date: /home/hs/ros2_study/install/nexus_base_ros/local/lib/python3.10/dist-packages/nexus_base_ros/__init__.py
[21.313s] -- Up-to-date: /home/hs/ros2_study/install/nexus_base_ros/local/lib/python3.10/dist-packages/nexus_base_ros/nexus_base_ros_s__rosidl_typesupport_introspection_c.cpython-310-x86_64-linux-gnu.so
[21.358s] Listing '/home/hs/ros2_study/install/nexus_base_ros/local/lib/python3.10/dist-packages/nexus_base_ros'...
[21.358s] Listing '/home/hs/ros2_study/install/nexus_base_ros/local/lib/python3.10/dist-packages/nexus_base_ros/msg'...
[21.359s] Listing '/home/hs/ros2_study/install/nexus_base_ros/local/lib/python3.10/dist-packages/nexus_base_ros/srv'...
[21.365s] -- Up-to-date: /home/hs/ros2_study/install/nexus_base_ros/local/lib/python3.10/dist-packages/nexus_base_ros/nexus_base_ros_s__rosidl_typesupport_fastrtps_c.cpython-310-x86_64-linux-gnu.so
[21.366s] -- Up-to-date: /home/hs/ros2_study/install/nexus_base_ros/local/lib/python3.10/dist-packages/nexus_base_ros/nexus_base_ros_s__rosidl_typesupport_introspection_c.cpython-310-x86_64-linux-gnu.so
[21.367s] -- Up-to-date: /home/hs/ros2_study/install/nexus_base_ros/local/lib/python3.10/dist-packages/nexus_base_ros/nexus_base_ros_s__rosidl_typesupport_c.cpython-310-x86_64-linux-gnu.so
[21.367s] -- Up-to-date: /home/hs/ros2_study/install/nexus_base_ros/lib/libnexus_base_ros__rosidl_generator_py.so
[21.368s] -- Up-to-date: /home/hs/ros2_study/install/nexus_base_ros/share/nexus_base_ros/msg/Encoders.idl
[21.368s] -- Up-to-date: /home/hs/ros2_study/install/nexus_base_ros/share/nexus_base_ros/msg/Motors.idl
[21.368s] -- Up-to-date: /home/hs/ros2_study/install/nexus_base_ros/share/nexus_base_ros/srv/EmergencyStopEnable.idl
[21.368s] -- Up-to-date: /home/hs/ros2_study/install/nexus_base_ros/share/nexus_base_ros/srv/ArmingEnable.idl
[21.368s] -- Up-to-date: /home/hs/ros2_study/install/nexus_base_ros/share/nexus_base_ros/msg/Encoders.msg
[21.368s] -- Up-to-date: /home/hs/ros2_study/install/nexus_base_ros/share/nexus_base_ros/msg/Motors.msg
[21.368s] -- Up-to-date: /home/hs/ros2_study/install/nexus_base_ros/share/nexus_base_ros/srv/EmergencyStopEnable.srv
[21.368s] -- Up-to-date: /home/hs/ros2_study/install/nexus_base_ros/share/nexus_base_ros/srv/EmergencyStopEnable_Request.msg
[21.369s] -- Up-to-date: /home/hs/ros2_study/install/nexus_base_ros/share/nexus_base_ros/srv/EmergencyStopEnable_Response.msg
[21.369s] -- Up-to-date: /home/hs/ros2_study/install/nexus_base_ros/share/nexus_base_ros/srv/ArmingEnable.srv
[21.369s] -- Up-to-date: /home/hs/ros2_study/install/nexus_base_ros/share/nexus_base_ros/srv/ArmingEnable_Request.msg
[21.369s] -- Up-to-date: /home/hs/ros2_study/install/nexus_base_ros/share/nexus_base_ros/srv/ArmingEnable_Response.msg
[21.369s] -- Installing: /home/hs/ros2_study/install/nexus_base_ros/lib/nexus_base_ros/nexus_serial_bridge
[21.375s] -- Set non-toolchain portion of runtime path of "/home/hs/ros2_study/install/nexus_base_ros/lib/nexus_base_ros/nexus_serial_bridge" to ""
[21.376s] -- Up-to-date: /home/hs/ros2_study/install/nexus_base_ros/lib/nexus_base_ros/nexus_odometry
[21.377s] -- Up-to-date: /home/hs/ros2_study/install/nexus_base_ros/lib/nexus_base_ros/nexus_teleop_joy
[21.377s] -- Up-to-date: /home/hs/ros2_study/install/nexus_base_ros/share/nexus_base_ros/launch
[21.377s] -- Up-to-date: /home/hs/ros2_study/install/nexus_base_ros/share/nexus_base_ros/launch/nexus_bringup.launch.py
[21.378s] -- Up-to-date: /home/hs/ros2_study/install/nexus_base_ros/share/ament_index/resource_index/package_run_dependencies/nexus_base_ros
[21.378s] -- Up-to-date: /home/hs/ros2_study/install/nexus_base_ros/share/ament_index/resource_index/parent_prefix_path/nexus_base_ros
[21.378s] -- Up-to-date: /home/hs/ros2_study/install/nexus_base_ros/share/nexus_base_ros/environment/ament_prefix_path.sh
[21.378s] -- Up-to-date: /home/hs/ros2_study/install/nexus_base_ros/share/nexus_base_ros/environment/ament_prefix_path.dsv
[21.378s] -- Up-to-date: /home/hs/ros2_study/install/nexus_base_ros/share/nexus_base_ros/environment/path.sh
[21.378s] -- Up-to-date: /home/hs/ros2_study/install/nexus_base_ros/share/nexus_base_ros/environment/path.dsv
[21.378s] -- Up-to-date: /home/hs/ros2_study/install/nexus_base_ros/share/nexus_base_ros/local_setup.bash
[21.378s] -- Up-to-date: /home/hs/ros2_study/install/nexus_base_ros/share/nexus_base_ros/local_setup.sh
[21.379s] -- Up-to-date: /home/hs/ros2_study/install/nexus_base_ros/share/nexus_base_ros/local_setup.zsh
[21.379s] -- Up-to-date: /home/hs/ros2_study/install/nexus_base_ros/share/nexus_base_ros/local_setup.dsv
[21.379s] -- Installing: /home/hs/ros2_study/install/nexus_base_ros/share/nexus_base_ros/package.dsv
[21.379s] -- Up-to-date: /home/hs/ros2_study/install/nexus_base_ros/share/ament_index/resource_index/packages/nexus_base_ros
[21.379s] -- Up-to-date: /home/hs/ros2_study/install/nexus_base_ros/share/nexus_base_ros/cmake/export_nexus_base_ros__rosidl_generator_cExport.cmake
[21.379s] -- Up-to-date: /home/hs/ros2_study/install/nexus_base_ros/share/nexus_base_ros/cmake/export_nexus_base_ros__rosidl_generator_cExport-noconfig.cmake
[21.380s] -- Up-to-date: /home/hs/ros2_study/install/nexus_base_ros/share/nexus_base_ros/cmake/export_nexus_base_ros__rosidl_typesupport_fastrtps_cExport.cmake
[21.380s] -- Up-to-date: /home/hs/ros2_study/install/nexus_base_ros/share/nexus_base_ros/cmake/export_nexus_base_ros__rosidl_typesupport_fastrtps_cExport-noconfig.cmake
[21.380s] -- Up-to-date: /home/hs/ros2_study/install/nexus_base_ros/share/nexus_base_ros/cmake/export_nexus_base_ros__rosidl_generator_cppExport.cmake
[21.380s] -- Up-to-date: /home/hs/ros2_study/install/nexus_base_ros/share/nexus_base_ros/cmake/export_nexus_base_ros__rosidl_typesupport_fastrtps_cppExport.cmake
[21.381s] -- Up-to-date: /home/hs/ros2_study/install/nexus_base_ros/share/nexus_base_ros/cmake/export_nexus_base_ros__rosidl_typesupport_fastrtps_cppExport-noconfig.cmake
[21.381s] -- Up-to-date: /home/hs/ros2_study/install/nexus_base_ros/share/nexus_base_ros/cmake/nexus_base_ros__rosidl_typesupport_introspection_cExport.cmake
[21.381s] -- Up-to-date: /home/hs/ros2_study/install/nexus_base_ros/share/nexus_base_ros/cmake/nexus_base_ros__rosidl_typesupport_introspection_cExport-noconfig.cmake
[21.381s] -- Up-to-date: /home/hs/ros2_study/install/nexus_base_ros/share/nexus_base_ros/cmake/nexus_base_ros__rosidl_typesupport_cExport.cmake
[21.381s] -- Up-to-date: /home/hs/ros2_study/install/nexus_base_ros/share/nexus_base_ros/cmake/nexus_base_ros__rosidl_typesupport_cExport-noconfig.cmake
[21.382s] -- Up-to-date: /home/hs/ros2_study/install/nexus_base_ros/share/nexus_base_ros/cmake/nexus_base_ros__rosidl_typesupport_introspection_cppExport.cmake
[21.382s] -- Up-to-date: /home/hs/ros2_study/install/nexus_base_ros/share/nexus_base_ros/cmake/nexus_base_ros__rosidl_typesupport_introspection_cppExport-noconfig.cmake
[21.382s] -- Up-to-date: /home/hs/ros2_study/install/nexus_base_ros/share/nexus_base_ros/cmake/nexus_base_ros__rosidl_typesupport_cppExport.cmake
[21.382s] -- Up-to-date: /home/hs/ros2_study/install/nexus_base_ros/share/nexus_base_ros/cmake/nexus_base_ros__rosidl_typesupport_cppExport-noconfig.cmake
[21.383s] -- Up-to-date: /home/hs/ros2_study/install/nexus_base_ros/share/nexus_base_ros/cmake/export_nexus_base_ros__rosidl_generator_pyExport.cmake
[21.383s] -- Up-to-date: /home/hs/ros2_study/install/nexus_base_ros/share/nexus_base_ros/cmake/export_nexus_base_ros__rosidl_generator_pyExport-noconfig.cmake
[21.383s] -- Up-to-date: /home/hs/ros2_study/install/nexus_base_ros/share/nexus_base_ros/cmake/rosidl_cmake-extras.cmake
[21.383s] -- Up-to-date: /home/hs/ros2_study/install/nexus_base_ros/share/nexus_base_ros/cmake/ament_cmake_export_dependencies-extras.cmake
[21.383s] -- Up-to-date: /home/hs/ros2_study/install/nexus_base_ros/share/nexus_base_ros/cmake/ament_cmake_export_include_directories-extras.cmake
[21.383s] -- Up-to-date: /home/hs/ros2_study/install/nexus_base_ros/share/nexus_base_ros/cmake/ament_cmake_export_libraries-extras.cmake
[21.383s] -- Up-to-date: /home/hs/ros2_study/install/nexus_base_ros/share/nexus_base_ros/cmake/ament_cmake_export_targets-extras.cmake
[21.383s] -- Up-to-date: /home/hs/ros2_study/install/nexus_base_ros/share/nexus_base_ros/cmake/rosidl_cmake_export_typesupport_targets-extras.cmake
[21.384s] -- Up-to-date: /home/hs/ros2_study/install/nexus_base_ros/share/nexus_base_ros/cmake/rosidl_cmake_export_typesupport_libraries-extras.cmake
[21.384s] -- Up-to-date: /home/hs/ros2_study/install/nexus_base_ros/share/nexus_base_ros/cmake/nexus_base_rosConfig.cmake
[21.384s] -- Up-to-date: /home/hs/ros2_study/install/nexus_base_ros/share/nexus_base_ros/cmake/nexus_base_rosConfig-version.cmake
[21.384s] -- Up-to-date: /home/hs/ros2_study/install/nexus_base_ros/share/nexus_base_ros/package.xml
[21.387s] Invoked command in '/home/hs/ros2_study/build/nexus_base_ros' returned '0': CMAKE_PREFIX_PATH=${CMAKE_PREFIX_PATH}:/opt/ros/humble /usr/local/bin/cmake --install /home/hs/ros2_study/build/nexus_base_ros
