[0.198s] DEBUG:colcon:Command line arguments: ['/usr/bin/colcon', 'build']
[0.198s] DEBUG:colcon:Parsed command line arguments: Namespace(log_base=None, log_level=None, verb_name='build', build_base='build', install_base='install', merge_install=False, symlink_install=False, test_result_base=None, continue_on_error=False, executor='parallel', parallel_workers=8, event_handlers=None, ignore_user_meta=False, metas=['./colcon.meta'], base_paths=['.'], packages_ignore=None, packages_ignore_regex=None, paths=None, packages_up_to=None, packages_up_to_regex=None, packages_above=None, packages_above_and_dependencies=None, packages_above_depth=None, packages_select_by_dep=None, packages_skip_by_dep=None, packages_skip_up_to=None, packages_select_build_failed=False, packages_skip_build_finished=False, packages_select_test_failures=False, packages_skip_test_passed=False, packages_select=None, packages_skip=None, packages_select_regex=None, packages_skip_regex=None, packages_start=None, packages_end=None, allow_overriding=[], cmake_args=None, cmake_target=None, cmake_target_skip_unavailable=False, cmake_clean_cache=False, cmake_clean_first=False, cmake_force_configure=False, ament_cmake_args=None, catkin_cmake_args=None, catkin_skip_building_tests=False, mixin_files=None, mixin=None, verb_parser=<colcon_mixin.mixin.mixin_argument.MixinArgumentDecorator object at 0x78408b6a4a00>, verb_extension=<colcon_core.verb.build.BuildVerb object at 0x78408b6a4310>, main=<bound method BuildVerb.main of <colcon_core.verb.build.BuildVerb object at 0x78408b6a4310>>, mixin_verb=('build',))
[0.578s] Level 1:colcon.colcon_core.package_discovery:discover_packages(colcon_meta) check parameters
[0.578s] Level 1:colcon.colcon_core.package_discovery:discover_packages(recursive) check parameters
[0.578s] Level 1:colcon.colcon_core.package_discovery:discover_packages(ignore) check parameters
[0.578s] Level 1:colcon.colcon_core.package_discovery:discover_packages(path) check parameters
[0.578s] Level 1:colcon.colcon_core.package_discovery:discover_packages(colcon_meta) discover
[0.578s] Level 1:colcon.colcon_core.package_discovery:discover_packages(recursive) discover
[0.578s] INFO:colcon.colcon_core.package_discovery:Crawling recursively for packages in '/home/hs/ros2_study'
[0.578s] Level 1:colcon.colcon_core.package_identification:_identify(.) by extensions ['ignore', 'ignore_ament_install']
[0.579s] Level 1:colcon.colcon_core.package_identification:_identify(.) by extension 'ignore'
[0.579s] Level 1:colcon.colcon_core.package_identification:_identify(.) by extension 'ignore_ament_install'
[0.579s] Level 1:colcon.colcon_core.package_identification:_identify(.) by extensions ['colcon_pkg']
[0.579s] Level 1:colcon.colcon_core.package_identification:_identify(.) by extension 'colcon_pkg'
[0.579s] Level 1:colcon.colcon_core.package_identification:_identify(.) by extensions ['colcon_meta']
[0.579s] Level 1:colcon.colcon_core.package_identification:_identify(.) by extension 'colcon_meta'
[0.579s] Level 1:colcon.colcon_core.package_identification:_identify(.) by extensions ['ros']
[0.579s] Level 1:colcon.colcon_core.package_identification:_identify(.) by extension 'ros'
[0.630s] Level 1:colcon.colcon_core.package_identification:_identify(.) by extensions ['cmake', 'python']
[0.630s] Level 1:colcon.colcon_core.package_identification:_identify(.) by extension 'cmake'
[0.630s] Level 1:colcon.colcon_core.package_identification:_identify(.) by extension 'python'
[0.630s] Level 1:colcon.colcon_core.package_identification:_identify(.) by extensions ['python_setup_py']
[0.630s] Level 1:colcon.colcon_core.package_identification:_identify(.) by extension 'python_setup_py'
[0.631s] Level 1:colcon.colcon_core.package_identification:_identify(build) by extensions ['ignore', 'ignore_ament_install']
[0.631s] Level 1:colcon.colcon_core.package_identification:_identify(build) by extension 'ignore'
[0.631s] Level 1:colcon.colcon_core.package_identification:_identify(build) ignored
[0.631s] Level 1:colcon.colcon_core.package_identification:_identify(install) by extensions ['ignore', 'ignore_ament_install']
[0.631s] Level 1:colcon.colcon_core.package_identification:_identify(install) by extension 'ignore'
[0.631s] Level 1:colcon.colcon_core.package_identification:_identify(install) ignored
[0.631s] Level 1:colcon.colcon_core.package_identification:_identify(log) by extensions ['ignore', 'ignore_ament_install']
[0.631s] Level 1:colcon.colcon_core.package_identification:_identify(log) by extension 'ignore'
[0.631s] Level 1:colcon.colcon_core.package_identification:_identify(log) ignored
[0.632s] Level 1:colcon.colcon_core.package_identification:_identify(src) by extensions ['ignore', 'ignore_ament_install']
[0.632s] Level 1:colcon.colcon_core.package_identification:_identify(src) by extension 'ignore'
[0.632s] Level 1:colcon.colcon_core.package_identification:_identify(src) by extension 'ignore_ament_install'
[0.632s] Level 1:colcon.colcon_core.package_identification:_identify(src) by extensions ['colcon_pkg']
[0.632s] Level 1:colcon.colcon_core.package_identification:_identify(src) by extension 'colcon_pkg'
[0.632s] Level 1:colcon.colcon_core.package_identification:_identify(src) by extensions ['colcon_meta']
[0.632s] Level 1:colcon.colcon_core.package_identification:_identify(src) by extension 'colcon_meta'
[0.632s] Level 1:colcon.colcon_core.package_identification:_identify(src) by extensions ['ros']
[0.632s] Level 1:colcon.colcon_core.package_identification:_identify(src) by extension 'ros'
[0.632s] Level 1:colcon.colcon_core.package_identification:_identify(src) by extensions ['cmake', 'python']
[0.632s] Level 1:colcon.colcon_core.package_identification:_identify(src) by extension 'cmake'
[0.632s] Level 1:colcon.colcon_core.package_identification:_identify(src) by extension 'python'
[0.632s] Level 1:colcon.colcon_core.package_identification:_identify(src) by extensions ['python_setup_py']
[0.633s] Level 1:colcon.colcon_core.package_identification:_identify(src) by extension 'python_setup_py'
[0.633s] Level 1:colcon.colcon_core.package_identification:_identify(src/bno055) by extensions ['ignore', 'ignore_ament_install']
[0.633s] Level 1:colcon.colcon_core.package_identification:_identify(src/bno055) by extension 'ignore'
[0.633s] Level 1:colcon.colcon_core.package_identification:_identify(src/bno055) by extension 'ignore_ament_install'
[0.633s] Level 1:colcon.colcon_core.package_identification:_identify(src/bno055) by extensions ['colcon_pkg']
[0.633s] Level 1:colcon.colcon_core.package_identification:_identify(src/bno055) by extension 'colcon_pkg'
[0.633s] Level 1:colcon.colcon_core.package_identification:_identify(src/bno055) by extensions ['colcon_meta']
[0.633s] Level 1:colcon.colcon_core.package_identification:_identify(src/bno055) by extension 'colcon_meta'
[0.633s] Level 1:colcon.colcon_core.package_identification:_identify(src/bno055) by extensions ['ros']
[0.633s] Level 1:colcon.colcon_core.package_identification:_identify(src/bno055) by extension 'ros'
[0.638s] DEBUG:colcon.colcon_core.package_identification:Package 'src/bno055' with type 'ros.ament_python' and name 'bno055'
[0.638s] Level 1:colcon.colcon_core.package_identification:_identify(src/nexus_base_ros-master) by extensions ['ignore', 'ignore_ament_install']
[0.638s] Level 1:colcon.colcon_core.package_identification:_identify(src/nexus_base_ros-master) by extension 'ignore'
[0.638s] Level 1:colcon.colcon_core.package_identification:_identify(src/nexus_base_ros-master) by extension 'ignore_ament_install'
[0.639s] Level 1:colcon.colcon_core.package_identification:_identify(src/nexus_base_ros-master) by extensions ['colcon_pkg']
[0.639s] Level 1:colcon.colcon_core.package_identification:_identify(src/nexus_base_ros-master) by extension 'colcon_pkg'
[0.639s] Level 1:colcon.colcon_core.package_identification:_identify(src/nexus_base_ros-master) by extensions ['colcon_meta']
[0.639s] Level 1:colcon.colcon_core.package_identification:_identify(src/nexus_base_ros-master) by extension 'colcon_meta'
[0.639s] Level 1:colcon.colcon_core.package_identification:_identify(src/nexus_base_ros-master) by extensions ['ros']
[0.639s] Level 1:colcon.colcon_core.package_identification:_identify(src/nexus_base_ros-master) by extension 'ros'
[0.640s] DEBUG:colcon.colcon_core.package_identification:Package 'src/nexus_base_ros-master' with type 'ros.ament_cmake' and name 'nexus_base_ros'
[0.640s] Level 1:colcon.colcon_core.package_identification:_identify(src/sllidar_ros2) by extensions ['ignore', 'ignore_ament_install']
[0.640s] Level 1:colcon.colcon_core.package_identification:_identify(src/sllidar_ros2) by extension 'ignore'
[0.640s] Level 1:colcon.colcon_core.package_identification:_identify(src/sllidar_ros2) by extension 'ignore_ament_install'
[0.640s] Level 1:colcon.colcon_core.package_identification:_identify(src/sllidar_ros2) by extensions ['colcon_pkg']
[0.641s] Level 1:colcon.colcon_core.package_identification:_identify(src/sllidar_ros2) by extension 'colcon_pkg'
[0.641s] Level 1:colcon.colcon_core.package_identification:_identify(src/sllidar_ros2) by extensions ['colcon_meta']
[0.641s] Level 1:colcon.colcon_core.package_identification:_identify(src/sllidar_ros2) by extension 'colcon_meta'
[0.641s] Level 1:colcon.colcon_core.package_identification:_identify(src/sllidar_ros2) by extensions ['ros']
[0.641s] Level 1:colcon.colcon_core.package_identification:_identify(src/sllidar_ros2) by extension 'ros'
[0.642s] DEBUG:colcon.colcon_core.package_identification:Package 'src/sllidar_ros2' with type 'ros.ament_cmake' and name 'sllidar_ros2'
[0.642s] Level 1:colcon.colcon_core.package_discovery:discover_packages(recursive) using defaults
[0.642s] Level 1:colcon.colcon_core.package_discovery:discover_packages(ignore) discover
[0.642s] Level 1:colcon.colcon_core.package_discovery:discover_packages(ignore) using defaults
[0.642s] Level 1:colcon.colcon_core.package_discovery:discover_packages(path) discover
[0.642s] Level 1:colcon.colcon_core.package_discovery:discover_packages(path) using defaults
[0.674s] Level 1:colcon.colcon_core.package_discovery:discover_packages(prefix_path) check parameters
[0.674s] Level 1:colcon.colcon_core.package_discovery:discover_packages(prefix_path) discover
[0.679s] DEBUG:colcon.colcon_installed_package_information.package_discovery:Found 453 installed packages in /opt/ros/humble
[0.683s] Level 1:colcon.colcon_core.package_discovery:discover_packages(prefix_path) using defaults
[0.764s] Level 5:colcon.colcon_core.verb:set package 'bno055' build argument 'cmake_args' from command line to 'None'
[0.764s] Level 5:colcon.colcon_core.verb:set package 'bno055' build argument 'cmake_target' from command line to 'None'
[0.764s] Level 5:colcon.colcon_core.verb:set package 'bno055' build argument 'cmake_target_skip_unavailable' from command line to 'False'
[0.764s] Level 5:colcon.colcon_core.verb:set package 'bno055' build argument 'cmake_clean_cache' from command line to 'False'
[0.764s] Level 5:colcon.colcon_core.verb:set package 'bno055' build argument 'cmake_clean_first' from command line to 'False'
[0.764s] Level 5:colcon.colcon_core.verb:set package 'bno055' build argument 'cmake_force_configure' from command line to 'False'
[0.764s] Level 5:colcon.colcon_core.verb:set package 'bno055' build argument 'ament_cmake_args' from command line to 'None'
[0.764s] Level 5:colcon.colcon_core.verb:set package 'bno055' build argument 'catkin_cmake_args' from command line to 'None'
[0.764s] Level 5:colcon.colcon_core.verb:set package 'bno055' build argument 'catkin_skip_building_tests' from command line to 'False'
[0.764s] DEBUG:colcon.colcon_core.verb:Building package 'bno055' with the following arguments: {'ament_cmake_args': None, 'build_base': '/home/hs/ros2_study/build/bno055', 'catkin_cmake_args': None, 'catkin_skip_building_tests': False, 'cmake_args': None, 'cmake_clean_cache': False, 'cmake_clean_first': False, 'cmake_force_configure': False, 'cmake_target': None, 'cmake_target_skip_unavailable': False, 'install_base': '/home/hs/ros2_study/install/bno055', 'merge_install': False, 'path': '/home/hs/ros2_study/src/bno055', 'symlink_install': False, 'test_result_base': None}
[0.765s] Level 5:colcon.colcon_core.verb:set package 'nexus_base_ros' build argument 'cmake_args' from command line to 'None'
[0.765s] Level 5:colcon.colcon_core.verb:set package 'nexus_base_ros' build argument 'cmake_target' from command line to 'None'
[0.765s] Level 5:colcon.colcon_core.verb:set package 'nexus_base_ros' build argument 'cmake_target_skip_unavailable' from command line to 'False'
[0.765s] Level 5:colcon.colcon_core.verb:set package 'nexus_base_ros' build argument 'cmake_clean_cache' from command line to 'False'
[0.765s] Level 5:colcon.colcon_core.verb:set package 'nexus_base_ros' build argument 'cmake_clean_first' from command line to 'False'
[0.765s] Level 5:colcon.colcon_core.verb:set package 'nexus_base_ros' build argument 'cmake_force_configure' from command line to 'False'
[0.765s] Level 5:colcon.colcon_core.verb:set package 'nexus_base_ros' build argument 'ament_cmake_args' from command line to 'None'
[0.765s] Level 5:colcon.colcon_core.verb:set package 'nexus_base_ros' build argument 'catkin_cmake_args' from command line to 'None'
[0.765s] Level 5:colcon.colcon_core.verb:set package 'nexus_base_ros' build argument 'catkin_skip_building_tests' from command line to 'False'
[0.765s] DEBUG:colcon.colcon_core.verb:Building package 'nexus_base_ros' with the following arguments: {'ament_cmake_args': None, 'build_base': '/home/hs/ros2_study/build/nexus_base_ros', 'catkin_cmake_args': None, 'catkin_skip_building_tests': False, 'cmake_args': None, 'cmake_clean_cache': False, 'cmake_clean_first': False, 'cmake_force_configure': False, 'cmake_target': None, 'cmake_target_skip_unavailable': False, 'install_base': '/home/hs/ros2_study/install/nexus_base_ros', 'merge_install': False, 'path': '/home/hs/ros2_study/src/nexus_base_ros-master', 'symlink_install': False, 'test_result_base': None}
[0.766s] Level 5:colcon.colcon_core.verb:set package 'sllidar_ros2' build argument 'cmake_args' from command line to 'None'
[0.766s] Level 5:colcon.colcon_core.verb:set package 'sllidar_ros2' build argument 'cmake_target' from command line to 'None'
[0.766s] Level 5:colcon.colcon_core.verb:set package 'sllidar_ros2' build argument 'cmake_target_skip_unavailable' from command line to 'False'
[0.766s] Level 5:colcon.colcon_core.verb:set package 'sllidar_ros2' build argument 'cmake_clean_cache' from command line to 'False'
[0.766s] Level 5:colcon.colcon_core.verb:set package 'sllidar_ros2' build argument 'cmake_clean_first' from command line to 'False'
[0.766s] Level 5:colcon.colcon_core.verb:set package 'sllidar_ros2' build argument 'cmake_force_configure' from command line to 'False'
[0.766s] Level 5:colcon.colcon_core.verb:set package 'sllidar_ros2' build argument 'ament_cmake_args' from command line to 'None'
[0.766s] Level 5:colcon.colcon_core.verb:set package 'sllidar_ros2' build argument 'catkin_cmake_args' from command line to 'None'
[0.766s] Level 5:colcon.colcon_core.verb:set package 'sllidar_ros2' build argument 'catkin_skip_building_tests' from command line to 'False'
[0.766s] DEBUG:colcon.colcon_core.verb:Building package 'sllidar_ros2' with the following arguments: {'ament_cmake_args': None, 'build_base': '/home/hs/ros2_study/build/sllidar_ros2', 'catkin_cmake_args': None, 'catkin_skip_building_tests': False, 'cmake_args': None, 'cmake_clean_cache': False, 'cmake_clean_first': False, 'cmake_force_configure': False, 'cmake_target': None, 'cmake_target_skip_unavailable': False, 'install_base': '/home/hs/ros2_study/install/sllidar_ros2', 'merge_install': False, 'path': '/home/hs/ros2_study/src/sllidar_ros2', 'symlink_install': False, 'test_result_base': None}
[0.766s] INFO:colcon.colcon_core.executor:Executing jobs using 'parallel' executor
[0.768s] DEBUG:colcon.colcon_parallel_executor.executor.parallel:run_until_complete
[0.768s] INFO:colcon.colcon_ros.task.ament_python.build:Building ROS package in '/home/hs/ros2_study/src/bno055' with build type 'ament_python'
[0.768s] Level 1:colcon.colcon_core.shell:create_environment_hook('bno055', 'ament_prefix_path')
[0.772s] INFO:colcon.colcon_core.plugin_system:Skipping extension 'colcon_core.shell.bat': Not used on non-Windows systems
[0.772s] INFO:colcon.colcon_core.shell:Creating environment hook '/home/hs/ros2_study/install/bno055/share/bno055/hook/ament_prefix_path.ps1'
[0.773s] INFO:colcon.colcon_core.shell:Creating environment descriptor '/home/hs/ros2_study/install/bno055/share/bno055/hook/ament_prefix_path.dsv'
[0.774s] INFO:colcon.colcon_core.shell:Creating environment hook '/home/hs/ros2_study/install/bno055/share/bno055/hook/ament_prefix_path.sh'
[0.775s] INFO:colcon.colcon_core.shell:Skip shell extension 'powershell' for command environment: Not usable outside of PowerShell
[0.775s] DEBUG:colcon.colcon_core.shell:Skip shell extension 'dsv' for command environment
[0.780s] INFO:colcon.colcon_ros.task.ament_cmake.build:Building ROS package in '/home/hs/ros2_study/src/nexus_base_ros-master' with build type 'ament_cmake'
[0.780s] INFO:colcon.colcon_cmake.task.cmake.build:Building CMake package in '/home/hs/ros2_study/src/nexus_base_ros-master'
[0.781s] INFO:colcon.colcon_core.shell:Skip shell extension 'powershell' for command environment: Not usable outside of PowerShell
[0.781s] DEBUG:colcon.colcon_core.shell:Skip shell extension 'dsv' for command environment
[0.785s] INFO:colcon.colcon_ros.task.ament_cmake.build:Building ROS package in '/home/hs/ros2_study/src/sllidar_ros2' with build type 'ament_cmake'
[0.786s] INFO:colcon.colcon_cmake.task.cmake.build:Building CMake package in '/home/hs/ros2_study/src/sllidar_ros2'
[0.786s] INFO:colcon.colcon_core.shell:Skip shell extension 'powershell' for command environment: Not usable outside of PowerShell
[0.786s] DEBUG:colcon.colcon_core.shell:Skip shell extension 'dsv' for command environment
[1.230s] INFO:colcon.colcon_core.task.python.build:Building Python package in '/home/hs/ros2_study/src/bno055'
[1.231s] INFO:colcon.colcon_core.shell:Skip shell extension 'powershell' for command environment: Not usable outside of PowerShell
[1.231s] DEBUG:colcon.colcon_core.shell:Skip shell extension 'dsv' for command environment
[1.242s] DEBUG:colcon.colcon_core.event_handler.log_command:Invoking command in '/home/hs/ros2_study/build/nexus_base_ros': CMAKE_PREFIX_PATH=/opt/ros/humble /usr/local/bin/cmake --build /home/hs/ros2_study/build/nexus_base_ros -- -j8 -l8
[1.247s] DEBUG:colcon.colcon_core.event_handler.log_command:Invoking command in '/home/hs/ros2_study/build/sllidar_ros2': CMAKE_PREFIX_PATH=/opt/ros/humble /usr/local/bin/cmake /home/hs/ros2_study/src/sllidar_ros2 -DCMAKE_INSTALL_PREFIX=/home/hs/ros2_study/install/sllidar_ros2
[2.214s] DEBUG:colcon.colcon_core.event_handler.log_command:Invoking command in '/home/hs/ros2_study/src/bno055': PYTHONPATH=/home/hs/ros2_study/build/bno055/prefix_override:/usr/lib/python3/dist-packages/colcon_core/task/python/colcon_distutils_commands:/home/hs/ros2_study/install/bno055/lib/python3.10/site-packages:${PYTHONPATH} /usr/bin/python3 -W ignore:setup.py install is deprecated -W ignore:easy_install command is deprecated setup.py egg_info --egg-base ../../build/bno055 build --build-base /home/hs/ros2_study/build/bno055/build install --record /home/hs/ros2_study/build/bno055/install.log --single-version-externally-managed install_data
[2.917s] DEBUG:colcon.colcon_core.event_handler.log_command:Invoked command in '/home/hs/ros2_study/src/bno055' returned '0': PYTHONPATH=/home/hs/ros2_study/build/bno055/prefix_override:/usr/lib/python3/dist-packages/colcon_core/task/python/colcon_distutils_commands:/home/hs/ros2_study/install/bno055/lib/python3.10/site-packages:${PYTHONPATH} /usr/bin/python3 -W ignore:setup.py install is deprecated -W ignore:easy_install command is deprecated setup.py egg_info --egg-base ../../build/bno055 build --build-base /home/hs/ros2_study/build/bno055/build install --record /home/hs/ros2_study/build/bno055/install.log --single-version-externally-managed install_data
[2.921s] Level 1:colcon.colcon_core.environment:checking '/home/hs/ros2_study/install/bno055' for CMake module files
[2.921s] Level 1:colcon.colcon_core.environment:checking '/home/hs/ros2_study/install/bno055' for CMake config files
[2.923s] Level 1:colcon.colcon_core.environment:checking '/home/hs/ros2_study/install/bno055/lib'
[2.923s] Level 1:colcon.colcon_core.environment:checking '/home/hs/ros2_study/install/bno055/bin'
[2.923s] Level 1:colcon.colcon_core.environment:checking '/home/hs/ros2_study/install/bno055/lib/pkgconfig/bno055.pc'
[2.924s] Level 1:colcon.colcon_core.environment:checking '/home/hs/ros2_study/install/bno055/lib/python3.10/site-packages'
[2.924s] Level 1:colcon.colcon_core.shell:create_environment_hook('bno055', 'pythonpath')
[2.924s] INFO:colcon.colcon_core.shell:Creating environment hook '/home/hs/ros2_study/install/bno055/share/bno055/hook/pythonpath.ps1'
[2.925s] INFO:colcon.colcon_core.shell:Creating environment descriptor '/home/hs/ros2_study/install/bno055/share/bno055/hook/pythonpath.dsv'
[2.925s] INFO:colcon.colcon_core.shell:Creating environment hook '/home/hs/ros2_study/install/bno055/share/bno055/hook/pythonpath.sh'
[2.927s] Level 1:colcon.colcon_core.environment:checking '/home/hs/ros2_study/install/bno055/bin'
[2.927s] Level 1:colcon.colcon_core.environment:create_environment_scripts_only(bno055)
[2.927s] INFO:colcon.colcon_core.shell:Creating package script '/home/hs/ros2_study/install/bno055/share/bno055/package.ps1'
[2.929s] INFO:colcon.colcon_core.shell:Creating package descriptor '/home/hs/ros2_study/install/bno055/share/bno055/package.dsv'
[2.929s] INFO:colcon.colcon_core.shell:Creating package script '/home/hs/ros2_study/install/bno055/share/bno055/package.sh'
[2.931s] INFO:colcon.colcon_core.shell:Creating package script '/home/hs/ros2_study/install/bno055/share/bno055/package.bash'
[2.932s] INFO:colcon.colcon_core.shell:Creating package script '/home/hs/ros2_study/install/bno055/share/bno055/package.zsh'
[2.933s] Level 1:colcon.colcon_core.environment:create_file_with_runtime_dependencies(/home/hs/ros2_study/install/bno055/share/colcon-core/packages/bno055)
[3.574s] DEBUG:colcon.colcon_core.event_handler.log_command:Invoked command in '/home/hs/ros2_study/build/sllidar_ros2' returned '0': CMAKE_PREFIX_PATH=/opt/ros/humble /usr/local/bin/cmake /home/hs/ros2_study/src/sllidar_ros2 -DCMAKE_INSTALL_PREFIX=/home/hs/ros2_study/install/sllidar_ros2
[3.577s] DEBUG:colcon.colcon_core.event_handler.log_command:Invoking command in '/home/hs/ros2_study/build/sllidar_ros2': CMAKE_PREFIX_PATH=/opt/ros/humble /usr/local/bin/cmake --build /home/hs/ros2_study/build/sllidar_ros2 -- -j8 -l8
[15.380s] DEBUG:colcon.colcon_core.event_handler.log_command:Invoked command in '/home/hs/ros2_study/build/nexus_base_ros' returned '2': CMAKE_PREFIX_PATH=/opt/ros/humble /usr/local/bin/cmake --build /home/hs/ros2_study/build/nexus_base_ros -- -j8 -l8
[15.381s] Level 1:colcon.colcon_core.environment:create_environment_scripts_only(nexus_base_ros)
[15.382s] Level 1:colcon.colcon_core.environment:checking '/home/hs/ros2_study/install/nexus_base_ros' for CMake module files
[15.383s] Level 1:colcon.colcon_core.environment:checking '/home/hs/ros2_study/install/nexus_base_ros' for CMake config files
[15.383s] Level 1:colcon.colcon_core.shell:create_environment_hook('nexus_base_ros', 'cmake_prefix_path')
[15.384s] INFO:colcon.colcon_core.shell:Creating environment hook '/home/hs/ros2_study/install/nexus_base_ros/share/nexus_base_ros/hook/cmake_prefix_path.ps1'
[15.384s] INFO:colcon.colcon_core.shell:Creating environment descriptor '/home/hs/ros2_study/install/nexus_base_ros/share/nexus_base_ros/hook/cmake_prefix_path.dsv'
[15.385s] INFO:colcon.colcon_core.shell:Creating environment hook '/home/hs/ros2_study/install/nexus_base_ros/share/nexus_base_ros/hook/cmake_prefix_path.sh'
[15.386s] Level 1:colcon.colcon_core.environment:checking '/home/hs/ros2_study/install/nexus_base_ros/lib'
[15.386s] Level 1:colcon.colcon_core.shell:create_environment_hook('nexus_base_ros', 'ld_library_path_lib')
[15.386s] INFO:colcon.colcon_core.shell:Creating environment hook '/home/hs/ros2_study/install/nexus_base_ros/share/nexus_base_ros/hook/ld_library_path_lib.ps1'
[15.387s] INFO:colcon.colcon_core.shell:Creating environment descriptor '/home/hs/ros2_study/install/nexus_base_ros/share/nexus_base_ros/hook/ld_library_path_lib.dsv'
[15.388s] INFO:colcon.colcon_core.shell:Creating environment hook '/home/hs/ros2_study/install/nexus_base_ros/share/nexus_base_ros/hook/ld_library_path_lib.sh'
[15.389s] Level 1:colcon.colcon_core.environment:checking '/home/hs/ros2_study/install/nexus_base_ros/bin'
[15.389s] Level 1:colcon.colcon_core.environment:checking '/home/hs/ros2_study/install/nexus_base_ros/lib/pkgconfig/nexus_base_ros.pc'
[15.389s] Level 1:colcon.colcon_core.environment:checking '/home/hs/ros2_study/install/nexus_base_ros/lib/python3.10/site-packages'
[15.390s] Level 1:colcon.colcon_core.environment:checking '/home/hs/ros2_study/install/nexus_base_ros/bin'
[15.391s] INFO:colcon.colcon_core.shell:Creating package script '/home/hs/ros2_study/install/nexus_base_ros/share/nexus_base_ros/package.ps1'
[15.392s] INFO:colcon.colcon_core.shell:Creating package descriptor '/home/hs/ros2_study/install/nexus_base_ros/share/nexus_base_ros/package.dsv'
[15.393s] INFO:colcon.colcon_core.shell:Creating package script '/home/hs/ros2_study/install/nexus_base_ros/share/nexus_base_ros/package.sh'
[15.393s] INFO:colcon.colcon_core.shell:Creating package script '/home/hs/ros2_study/install/nexus_base_ros/share/nexus_base_ros/package.bash'
[15.394s] INFO:colcon.colcon_core.shell:Creating package script '/home/hs/ros2_study/install/nexus_base_ros/share/nexus_base_ros/package.zsh'
[15.395s] Level 1:colcon.colcon_core.environment:create_file_with_runtime_dependencies(/home/hs/ros2_study/install/nexus_base_ros/share/colcon-core/packages/nexus_base_ros)
[19.102s] DEBUG:colcon.colcon_parallel_executor.executor.parallel:closing loop
[19.102s] DEBUG:colcon.colcon_parallel_executor.executor.parallel:loop closed
[19.102s] DEBUG:colcon.colcon_parallel_executor.executor.parallel:run_until_complete finished with '2'
[19.102s] DEBUG:colcon.colcon_core.event_reactor:joining thread
[19.112s] INFO:colcon.colcon_core.plugin_system:Skipping extension 'colcon_notification.desktop_notification.terminal_notifier': Not used on non-Darwin systems
[19.112s] INFO:colcon.colcon_core.plugin_system:Skipping extension 'colcon_notification.desktop_notification.win32': Not used on non-Windows systems
[19.112s] INFO:colcon.colcon_notification.desktop_notification:Sending desktop notification using 'notify2'
[19.129s] DEBUG:colcon.colcon_core.event_reactor:joined thread
[19.130s] INFO:colcon.colcon_core.shell:Creating prefix script '/home/hs/ros2_study/install/local_setup.ps1'
[19.132s] INFO:colcon.colcon_core.shell:Creating prefix util module '/home/hs/ros2_study/install/_local_setup_util_ps1.py'
[19.137s] INFO:colcon.colcon_core.shell:Creating prefix chain script '/home/hs/ros2_study/install/setup.ps1'
[19.139s] INFO:colcon.colcon_core.shell:Creating prefix script '/home/hs/ros2_study/install/local_setup.sh'
[19.141s] INFO:colcon.colcon_core.shell:Creating prefix util module '/home/hs/ros2_study/install/_local_setup_util_sh.py'
[19.143s] INFO:colcon.colcon_core.shell:Creating prefix chain script '/home/hs/ros2_study/install/setup.sh'
[19.146s] INFO:colcon.colcon_core.shell:Creating prefix script '/home/hs/ros2_study/install/local_setup.bash'
[19.147s] INFO:colcon.colcon_core.shell:Creating prefix chain script '/home/hs/ros2_study/install/setup.bash'
[19.149s] INFO:colcon.colcon_core.shell:Creating prefix script '/home/hs/ros2_study/install/local_setup.zsh'
[19.151s] INFO:colcon.colcon_core.shell:Creating prefix chain script '/home/hs/ros2_study/install/setup.zsh'
