[0.202s] DEBUG:colcon:Command line arguments: ['/usr/bin/colcon', 'build']
[0.202s] DEBUG:colcon:Parsed command line arguments: Namespace(log_base=None, log_level=None, verb_name='build', build_base='build', install_base='install', merge_install=False, symlink_install=False, test_result_base=None, continue_on_error=False, executor='parallel', parallel_workers=8, event_handlers=None, ignore_user_meta=False, metas=['./colcon.meta'], base_paths=['.'], packages_ignore=None, packages_ignore_regex=None, paths=None, packages_up_to=None, packages_up_to_regex=None, packages_above=None, packages_above_and_dependencies=None, packages_above_depth=None, packages_select_by_dep=None, packages_skip_by_dep=None, packages_skip_up_to=None, packages_select_build_failed=False, packages_skip_build_finished=False, packages_select_test_failures=False, packages_skip_test_passed=False, packages_select=None, packages_skip=None, packages_select_regex=None, packages_skip_regex=None, packages_start=None, packages_end=None, allow_overriding=[], cmake_args=None, cmake_target=None, cmake_target_skip_unavailable=False, cmake_clean_cache=False, cmake_clean_first=False, cmake_force_configure=False, ament_cmake_args=None, catkin_cmake_args=None, catkin_skip_building_tests=False, mixin_files=None, mixin=None, verb_parser=<colcon_mixin.mixin.mixin_argument.MixinArgumentDecorator object at 0x758b587a4a00>, verb_extension=<colcon_core.verb.build.BuildVerb object at 0x758b587a4310>, main=<bound method BuildVerb.main of <colcon_core.verb.build.BuildVerb object at 0x758b587a4310>>, mixin_verb=('build',))
[0.581s] Level 1:colcon.colcon_core.package_discovery:discover_packages(colcon_meta) check parameters
[0.581s] Level 1:colcon.colcon_core.package_discovery:discover_packages(recursive) check parameters
[0.581s] Level 1:colcon.colcon_core.package_discovery:discover_packages(ignore) check parameters
[0.581s] Level 1:colcon.colcon_core.package_discovery:discover_packages(path) check parameters
[0.581s] Level 1:colcon.colcon_core.package_discovery:discover_packages(colcon_meta) discover
[0.581s] Level 1:colcon.colcon_core.package_discovery:discover_packages(recursive) discover
[0.581s] INFO:colcon.colcon_core.package_discovery:Crawling recursively for packages in '/home/hs/ros2_study'
[0.581s] Level 1:colcon.colcon_core.package_identification:_identify(.) by extensions ['ignore', 'ignore_ament_install']
[0.582s] Level 1:colcon.colcon_core.package_identification:_identify(.) by extension 'ignore'
[0.582s] Level 1:colcon.colcon_core.package_identification:_identify(.) by extension 'ignore_ament_install'
[0.582s] Level 1:colcon.colcon_core.package_identification:_identify(.) by extensions ['colcon_pkg']
[0.582s] Level 1:colcon.colcon_core.package_identification:_identify(.) by extension 'colcon_pkg'
[0.582s] Level 1:colcon.colcon_core.package_identification:_identify(.) by extensions ['colcon_meta']
[0.582s] Level 1:colcon.colcon_core.package_identification:_identify(.) by extension 'colcon_meta'
[0.582s] Level 1:colcon.colcon_core.package_identification:_identify(.) by extensions ['ros']
[0.582s] Level 1:colcon.colcon_core.package_identification:_identify(.) by extension 'ros'
[0.634s] Level 1:colcon.colcon_core.package_identification:_identify(.) by extensions ['cmake', 'python']
[0.634s] Level 1:colcon.colcon_core.package_identification:_identify(.) by extension 'cmake'
[0.635s] Level 1:colcon.colcon_core.package_identification:_identify(.) by extension 'python'
[0.635s] Level 1:colcon.colcon_core.package_identification:_identify(.) by extensions ['python_setup_py']
[0.635s] Level 1:colcon.colcon_core.package_identification:_identify(.) by extension 'python_setup_py'
[0.635s] Level 1:colcon.colcon_core.package_identification:_identify(build) by extensions ['ignore', 'ignore_ament_install']
[0.635s] Level 1:colcon.colcon_core.package_identification:_identify(build) by extension 'ignore'
[0.635s] Level 1:colcon.colcon_core.package_identification:_identify(build) ignored
[0.635s] Level 1:colcon.colcon_core.package_identification:_identify(install) by extensions ['ignore', 'ignore_ament_install']
[0.635s] Level 1:colcon.colcon_core.package_identification:_identify(install) by extension 'ignore'
[0.636s] Level 1:colcon.colcon_core.package_identification:_identify(install) ignored
[0.636s] Level 1:colcon.colcon_core.package_identification:_identify(log) by extensions ['ignore', 'ignore_ament_install']
[0.636s] Level 1:colcon.colcon_core.package_identification:_identify(log) by extension 'ignore'
[0.636s] Level 1:colcon.colcon_core.package_identification:_identify(log) ignored
[0.636s] Level 1:colcon.colcon_core.package_identification:_identify(src) by extensions ['ignore', 'ignore_ament_install']
[0.636s] Level 1:colcon.colcon_core.package_identification:_identify(src) by extension 'ignore'
[0.636s] Level 1:colcon.colcon_core.package_identification:_identify(src) by extension 'ignore_ament_install'
[0.636s] Level 1:colcon.colcon_core.package_identification:_identify(src) by extensions ['colcon_pkg']
[0.636s] Level 1:colcon.colcon_core.package_identification:_identify(src) by extension 'colcon_pkg'
[0.636s] Level 1:colcon.colcon_core.package_identification:_identify(src) by extensions ['colcon_meta']
[0.636s] Level 1:colcon.colcon_core.package_identification:_identify(src) by extension 'colcon_meta'
[0.636s] Level 1:colcon.colcon_core.package_identification:_identify(src) by extensions ['ros']
[0.637s] Level 1:colcon.colcon_core.package_identification:_identify(src) by extension 'ros'
[0.637s] Level 1:colcon.colcon_core.package_identification:_identify(src) by extensions ['cmake', 'python']
[0.637s] Level 1:colcon.colcon_core.package_identification:_identify(src) by extension 'cmake'
[0.637s] Level 1:colcon.colcon_core.package_identification:_identify(src) by extension 'python'
[0.637s] Level 1:colcon.colcon_core.package_identification:_identify(src) by extensions ['python_setup_py']
[0.637s] Level 1:colcon.colcon_core.package_identification:_identify(src) by extension 'python_setup_py'
[0.637s] Level 1:colcon.colcon_core.package_identification:_identify(src/bno055) by extensions ['ignore', 'ignore_ament_install']
[0.637s] Level 1:colcon.colcon_core.package_identification:_identify(src/bno055) by extension 'ignore'
[0.637s] Level 1:colcon.colcon_core.package_identification:_identify(src/bno055) by extension 'ignore_ament_install'
[0.637s] Level 1:colcon.colcon_core.package_identification:_identify(src/bno055) by extensions ['colcon_pkg']
[0.638s] Level 1:colcon.colcon_core.package_identification:_identify(src/bno055) by extension 'colcon_pkg'
[0.638s] Level 1:colcon.colcon_core.package_identification:_identify(src/bno055) by extensions ['colcon_meta']
[0.638s] Level 1:colcon.colcon_core.package_identification:_identify(src/bno055) by extension 'colcon_meta'
[0.638s] Level 1:colcon.colcon_core.package_identification:_identify(src/bno055) by extensions ['ros']
[0.638s] Level 1:colcon.colcon_core.package_identification:_identify(src/bno055) by extension 'ros'
[0.642s] DEBUG:colcon.colcon_core.package_identification:Package 'src/bno055' with type 'ros.ament_python' and name 'bno055'
[0.642s] Level 1:colcon.colcon_core.package_identification:_identify(src/nexus_base_ros-master) by extensions ['ignore', 'ignore_ament_install']
[0.643s] Level 1:colcon.colcon_core.package_identification:_identify(src/nexus_base_ros-master) by extension 'ignore'
[0.643s] Level 1:colcon.colcon_core.package_identification:_identify(src/nexus_base_ros-master) by extension 'ignore_ament_install'
[0.643s] Level 1:colcon.colcon_core.package_identification:_identify(src/nexus_base_ros-master) by extensions ['colcon_pkg']
[0.643s] Level 1:colcon.colcon_core.package_identification:_identify(src/nexus_base_ros-master) by extension 'colcon_pkg'
[0.643s] Level 1:colcon.colcon_core.package_identification:_identify(src/nexus_base_ros-master) by extensions ['colcon_meta']
[0.643s] Level 1:colcon.colcon_core.package_identification:_identify(src/nexus_base_ros-master) by extension 'colcon_meta'
[0.643s] Level 1:colcon.colcon_core.package_identification:_identify(src/nexus_base_ros-master) by extensions ['ros']
[0.643s] Level 1:colcon.colcon_core.package_identification:_identify(src/nexus_base_ros-master) by extension 'ros'
[0.644s] DEBUG:colcon.colcon_core.package_identification:Package 'src/nexus_base_ros-master' with type 'ros.ament_cmake' and name 'nexus_base_ros'
[0.645s] Level 1:colcon.colcon_core.package_identification:_identify(src/sllidar_ros2) by extensions ['ignore', 'ignore_ament_install']
[0.645s] Level 1:colcon.colcon_core.package_identification:_identify(src/sllidar_ros2) by extension 'ignore'
[0.645s] Level 1:colcon.colcon_core.package_identification:_identify(src/sllidar_ros2) by extension 'ignore_ament_install'
[0.645s] Level 1:colcon.colcon_core.package_identification:_identify(src/sllidar_ros2) by extensions ['colcon_pkg']
[0.645s] Level 1:colcon.colcon_core.package_identification:_identify(src/sllidar_ros2) by extension 'colcon_pkg'
[0.645s] Level 1:colcon.colcon_core.package_identification:_identify(src/sllidar_ros2) by extensions ['colcon_meta']
[0.645s] Level 1:colcon.colcon_core.package_identification:_identify(src/sllidar_ros2) by extension 'colcon_meta'
[0.645s] Level 1:colcon.colcon_core.package_identification:_identify(src/sllidar_ros2) by extensions ['ros']
[0.645s] Level 1:colcon.colcon_core.package_identification:_identify(src/sllidar_ros2) by extension 'ros'
[0.646s] DEBUG:colcon.colcon_core.package_identification:Package 'src/sllidar_ros2' with type 'ros.ament_cmake' and name 'sllidar_ros2'
[0.646s] Level 1:colcon.colcon_core.package_discovery:discover_packages(recursive) using defaults
[0.646s] Level 1:colcon.colcon_core.package_discovery:discover_packages(ignore) discover
[0.646s] Level 1:colcon.colcon_core.package_discovery:discover_packages(ignore) using defaults
[0.646s] Level 1:colcon.colcon_core.package_discovery:discover_packages(path) discover
[0.646s] Level 1:colcon.colcon_core.package_discovery:discover_packages(path) using defaults
[0.680s] Level 1:colcon.colcon_core.package_discovery:discover_packages(prefix_path) check parameters
[0.681s] Level 1:colcon.colcon_core.package_discovery:discover_packages(prefix_path) discover
[0.686s] DEBUG:colcon.colcon_installed_package_information.package_discovery:Found 453 installed packages in /opt/ros/humble
[0.690s] Level 1:colcon.colcon_core.package_discovery:discover_packages(prefix_path) using defaults
[0.775s] Level 5:colcon.colcon_core.verb:set package 'bno055' build argument 'cmake_args' from command line to 'None'
[0.775s] Level 5:colcon.colcon_core.verb:set package 'bno055' build argument 'cmake_target' from command line to 'None'
[0.775s] Level 5:colcon.colcon_core.verb:set package 'bno055' build argument 'cmake_target_skip_unavailable' from command line to 'False'
[0.775s] Level 5:colcon.colcon_core.verb:set package 'bno055' build argument 'cmake_clean_cache' from command line to 'False'
[0.775s] Level 5:colcon.colcon_core.verb:set package 'bno055' build argument 'cmake_clean_first' from command line to 'False'
[0.775s] Level 5:colcon.colcon_core.verb:set package 'bno055' build argument 'cmake_force_configure' from command line to 'False'
[0.775s] Level 5:colcon.colcon_core.verb:set package 'bno055' build argument 'ament_cmake_args' from command line to 'None'
[0.775s] Level 5:colcon.colcon_core.verb:set package 'bno055' build argument 'catkin_cmake_args' from command line to 'None'
[0.775s] Level 5:colcon.colcon_core.verb:set package 'bno055' build argument 'catkin_skip_building_tests' from command line to 'False'
[0.775s] DEBUG:colcon.colcon_core.verb:Building package 'bno055' with the following arguments: {'ament_cmake_args': None, 'build_base': '/home/hs/ros2_study/build/bno055', 'catkin_cmake_args': None, 'catkin_skip_building_tests': False, 'cmake_args': None, 'cmake_clean_cache': False, 'cmake_clean_first': False, 'cmake_force_configure': False, 'cmake_target': None, 'cmake_target_skip_unavailable': False, 'install_base': '/home/hs/ros2_study/install/bno055', 'merge_install': False, 'path': '/home/hs/ros2_study/src/bno055', 'symlink_install': False, 'test_result_base': None}
[0.776s] Level 5:colcon.colcon_core.verb:set package 'nexus_base_ros' build argument 'cmake_args' from command line to 'None'
[0.776s] Level 5:colcon.colcon_core.verb:set package 'nexus_base_ros' build argument 'cmake_target' from command line to 'None'
[0.776s] Level 5:colcon.colcon_core.verb:set package 'nexus_base_ros' build argument 'cmake_target_skip_unavailable' from command line to 'False'
[0.776s] Level 5:colcon.colcon_core.verb:set package 'nexus_base_ros' build argument 'cmake_clean_cache' from command line to 'False'
[0.776s] Level 5:colcon.colcon_core.verb:set package 'nexus_base_ros' build argument 'cmake_clean_first' from command line to 'False'
[0.776s] Level 5:colcon.colcon_core.verb:set package 'nexus_base_ros' build argument 'cmake_force_configure' from command line to 'False'
[0.776s] Level 5:colcon.colcon_core.verb:set package 'nexus_base_ros' build argument 'ament_cmake_args' from command line to 'None'
[0.776s] Level 5:colcon.colcon_core.verb:set package 'nexus_base_ros' build argument 'catkin_cmake_args' from command line to 'None'
[0.776s] Level 5:colcon.colcon_core.verb:set package 'nexus_base_ros' build argument 'catkin_skip_building_tests' from command line to 'False'
[0.776s] DEBUG:colcon.colcon_core.verb:Building package 'nexus_base_ros' with the following arguments: {'ament_cmake_args': None, 'build_base': '/home/hs/ros2_study/build/nexus_base_ros', 'catkin_cmake_args': None, 'catkin_skip_building_tests': False, 'cmake_args': None, 'cmake_clean_cache': False, 'cmake_clean_first': False, 'cmake_force_configure': False, 'cmake_target': None, 'cmake_target_skip_unavailable': False, 'install_base': '/home/hs/ros2_study/install/nexus_base_ros', 'merge_install': False, 'path': '/home/hs/ros2_study/src/nexus_base_ros-master', 'symlink_install': False, 'test_result_base': None}
[0.777s] Level 5:colcon.colcon_core.verb:set package 'sllidar_ros2' build argument 'cmake_args' from command line to 'None'
[0.777s] Level 5:colcon.colcon_core.verb:set package 'sllidar_ros2' build argument 'cmake_target' from command line to 'None'
[0.777s] Level 5:colcon.colcon_core.verb:set package 'sllidar_ros2' build argument 'cmake_target_skip_unavailable' from command line to 'False'
[0.777s] Level 5:colcon.colcon_core.verb:set package 'sllidar_ros2' build argument 'cmake_clean_cache' from command line to 'False'
[0.777s] Level 5:colcon.colcon_core.verb:set package 'sllidar_ros2' build argument 'cmake_clean_first' from command line to 'False'
[0.777s] Level 5:colcon.colcon_core.verb:set package 'sllidar_ros2' build argument 'cmake_force_configure' from command line to 'False'
[0.777s] Level 5:colcon.colcon_core.verb:set package 'sllidar_ros2' build argument 'ament_cmake_args' from command line to 'None'
[0.777s] Level 5:colcon.colcon_core.verb:set package 'sllidar_ros2' build argument 'catkin_cmake_args' from command line to 'None'
[0.777s] Level 5:colcon.colcon_core.verb:set package 'sllidar_ros2' build argument 'catkin_skip_building_tests' from command line to 'False'
[0.777s] DEBUG:colcon.colcon_core.verb:Building package 'sllidar_ros2' with the following arguments: {'ament_cmake_args': None, 'build_base': '/home/hs/ros2_study/build/sllidar_ros2', 'catkin_cmake_args': None, 'catkin_skip_building_tests': False, 'cmake_args': None, 'cmake_clean_cache': False, 'cmake_clean_first': False, 'cmake_force_configure': False, 'cmake_target': None, 'cmake_target_skip_unavailable': False, 'install_base': '/home/hs/ros2_study/install/sllidar_ros2', 'merge_install': False, 'path': '/home/hs/ros2_study/src/sllidar_ros2', 'symlink_install': False, 'test_result_base': None}
[0.778s] INFO:colcon.colcon_core.executor:Executing jobs using 'parallel' executor
[0.779s] DEBUG:colcon.colcon_parallel_executor.executor.parallel:run_until_complete
[0.779s] INFO:colcon.colcon_ros.task.ament_python.build:Building ROS package in '/home/hs/ros2_study/src/bno055' with build type 'ament_python'
[0.779s] Level 1:colcon.colcon_core.shell:create_environment_hook('bno055', 'ament_prefix_path')
[0.785s] INFO:colcon.colcon_core.plugin_system:Skipping extension 'colcon_core.shell.bat': Not used on non-Windows systems
[0.785s] INFO:colcon.colcon_core.shell:Creating environment hook '/home/hs/ros2_study/install/bno055/share/bno055/hook/ament_prefix_path.ps1'
[0.787s] INFO:colcon.colcon_core.shell:Creating environment descriptor '/home/hs/ros2_study/install/bno055/share/bno055/hook/ament_prefix_path.dsv'
[0.788s] INFO:colcon.colcon_core.shell:Creating environment hook '/home/hs/ros2_study/install/bno055/share/bno055/hook/ament_prefix_path.sh'
[0.789s] INFO:colcon.colcon_core.shell:Skip shell extension 'powershell' for command environment: Not usable outside of PowerShell
[0.790s] DEBUG:colcon.colcon_core.shell:Skip shell extension 'dsv' for command environment
[0.796s] INFO:colcon.colcon_ros.task.ament_cmake.build:Building ROS package in '/home/hs/ros2_study/src/nexus_base_ros-master' with build type 'ament_cmake'
[0.796s] INFO:colcon.colcon_cmake.task.cmake.build:Building CMake package in '/home/hs/ros2_study/src/nexus_base_ros-master'
[0.797s] INFO:colcon.colcon_core.shell:Skip shell extension 'powershell' for command environment: Not usable outside of PowerShell
[0.797s] DEBUG:colcon.colcon_core.shell:Skip shell extension 'dsv' for command environment
[0.804s] INFO:colcon.colcon_ros.task.ament_cmake.build:Building ROS package in '/home/hs/ros2_study/src/sllidar_ros2' with build type 'ament_cmake'
[0.804s] INFO:colcon.colcon_cmake.task.cmake.build:Building CMake package in '/home/hs/ros2_study/src/sllidar_ros2'
[0.804s] INFO:colcon.colcon_core.shell:Skip shell extension 'powershell' for command environment: Not usable outside of PowerShell
[0.805s] DEBUG:colcon.colcon_core.shell:Skip shell extension 'dsv' for command environment
[1.401s] INFO:colcon.colcon_core.task.python.build:Building Python package in '/home/hs/ros2_study/src/bno055'
[1.401s] INFO:colcon.colcon_core.shell:Skip shell extension 'powershell' for command environment: Not usable outside of PowerShell
[1.401s] DEBUG:colcon.colcon_core.shell:Skip shell extension 'dsv' for command environment
[1.412s] DEBUG:colcon.colcon_core.event_handler.log_command:Invoking command in '/home/hs/ros2_study/build/nexus_base_ros': CMAKE_PREFIX_PATH=/opt/ros/humble /usr/local/bin/cmake --build /home/hs/ros2_study/build/nexus_base_ros -- -j8 -l8
[1.421s] DEBUG:colcon.colcon_core.event_handler.log_command:Invoking command in '/home/hs/ros2_study/build/sllidar_ros2': CMAKE_PREFIX_PATH=/opt/ros/humble /usr/local/bin/cmake --build /home/hs/ros2_study/build/sllidar_ros2 -- -j8 -l8
[1.555s] DEBUG:colcon.colcon_core.event_handler.log_command:Invoked command in '/home/hs/ros2_study/build/sllidar_ros2' returned '0': CMAKE_PREFIX_PATH=/opt/ros/humble /usr/local/bin/cmake --build /home/hs/ros2_study/build/sllidar_ros2 -- -j8 -l8
[1.567s] DEBUG:colcon.colcon_core.event_handler.log_command:Invoking command in '/home/hs/ros2_study/build/sllidar_ros2': CMAKE_PREFIX_PATH=/opt/ros/humble /usr/local/bin/cmake --install /home/hs/ros2_study/build/sllidar_ros2
[1.605s] Level 1:colcon.colcon_core.environment:create_environment_scripts_only(sllidar_ros2)
[1.607s] DEBUG:colcon.colcon_core.event_handler.log_command:Invoked command in '/home/hs/ros2_study/build/sllidar_ros2' returned '0': CMAKE_PREFIX_PATH=/opt/ros/humble /usr/local/bin/cmake --install /home/hs/ros2_study/build/sllidar_ros2
[1.613s] Level 1:colcon.colcon_core.environment:checking '/home/hs/ros2_study/install/sllidar_ros2' for CMake module files
[1.614s] Level 1:colcon.colcon_core.environment:checking '/home/hs/ros2_study/install/sllidar_ros2' for CMake config files
[1.615s] Level 1:colcon.colcon_core.shell:create_environment_hook('sllidar_ros2', 'cmake_prefix_path')
[1.615s] INFO:colcon.colcon_core.shell:Creating environment hook '/home/hs/ros2_study/install/sllidar_ros2/share/sllidar_ros2/hook/cmake_prefix_path.ps1'
[1.616s] INFO:colcon.colcon_core.shell:Creating environment descriptor '/home/hs/ros2_study/install/sllidar_ros2/share/sllidar_ros2/hook/cmake_prefix_path.dsv'
[1.617s] INFO:colcon.colcon_core.shell:Creating environment hook '/home/hs/ros2_study/install/sllidar_ros2/share/sllidar_ros2/hook/cmake_prefix_path.sh'
[1.619s] Level 1:colcon.colcon_core.environment:checking '/home/hs/ros2_study/install/sllidar_ros2/lib'
[1.619s] Level 1:colcon.colcon_core.environment:checking '/home/hs/ros2_study/install/sllidar_ros2/bin'
[1.619s] Level 1:colcon.colcon_core.environment:checking '/home/hs/ros2_study/install/sllidar_ros2/lib/pkgconfig/sllidar_ros2.pc'
[1.620s] Level 1:colcon.colcon_core.environment:checking '/home/hs/ros2_study/install/sllidar_ros2/lib/python3.10/site-packages'
[1.621s] Level 1:colcon.colcon_core.environment:checking '/home/hs/ros2_study/install/sllidar_ros2/bin'
[1.621s] INFO:colcon.colcon_core.shell:Creating package script '/home/hs/ros2_study/install/sllidar_ros2/share/sllidar_ros2/package.ps1'
[1.625s] INFO:colcon.colcon_core.shell:Creating package descriptor '/home/hs/ros2_study/install/sllidar_ros2/share/sllidar_ros2/package.dsv'
[1.628s] INFO:colcon.colcon_core.shell:Creating package script '/home/hs/ros2_study/install/sllidar_ros2/share/sllidar_ros2/package.sh'
[1.630s] INFO:colcon.colcon_core.shell:Creating package script '/home/hs/ros2_study/install/sllidar_ros2/share/sllidar_ros2/package.bash'
[1.634s] INFO:colcon.colcon_core.shell:Creating package script '/home/hs/ros2_study/install/sllidar_ros2/share/sllidar_ros2/package.zsh'
[1.636s] Level 1:colcon.colcon_core.environment:create_file_with_runtime_dependencies(/home/hs/ros2_study/install/sllidar_ros2/share/colcon-core/packages/sllidar_ros2)
[1.637s] Level 1:colcon.colcon_core.environment:create_environment_scripts_only(sllidar_ros2)
[1.638s] Level 1:colcon.colcon_core.environment:checking '/home/hs/ros2_study/install/sllidar_ros2' for CMake module files
[1.640s] Level 1:colcon.colcon_core.environment:checking '/home/hs/ros2_study/install/sllidar_ros2' for CMake config files
[1.640s] Level 1:colcon.colcon_core.shell:create_environment_hook('sllidar_ros2', 'cmake_prefix_path')
[1.642s] INFO:colcon.colcon_core.shell:Creating environment hook '/home/hs/ros2_study/install/sllidar_ros2/share/sllidar_ros2/hook/cmake_prefix_path.ps1'
[1.643s] INFO:colcon.colcon_core.shell:Creating environment descriptor '/home/hs/ros2_study/install/sllidar_ros2/share/sllidar_ros2/hook/cmake_prefix_path.dsv'
[1.643s] INFO:colcon.colcon_core.shell:Creating environment hook '/home/hs/ros2_study/install/sllidar_ros2/share/sllidar_ros2/hook/cmake_prefix_path.sh'
[1.645s] Level 1:colcon.colcon_core.environment:checking '/home/hs/ros2_study/install/sllidar_ros2/lib'
[1.645s] Level 1:colcon.colcon_core.environment:checking '/home/hs/ros2_study/install/sllidar_ros2/bin'
[1.645s] Level 1:colcon.colcon_core.environment:checking '/home/hs/ros2_study/install/sllidar_ros2/lib/pkgconfig/sllidar_ros2.pc'
[1.646s] Level 1:colcon.colcon_core.environment:checking '/home/hs/ros2_study/install/sllidar_ros2/lib/python3.10/site-packages'
[1.646s] Level 1:colcon.colcon_core.environment:checking '/home/hs/ros2_study/install/sllidar_ros2/bin'
[1.647s] INFO:colcon.colcon_core.shell:Creating package script '/home/hs/ros2_study/install/sllidar_ros2/share/sllidar_ros2/package.ps1'
[1.648s] INFO:colcon.colcon_core.shell:Creating package descriptor '/home/hs/ros2_study/install/sllidar_ros2/share/sllidar_ros2/package.dsv'
[1.651s] INFO:colcon.colcon_core.shell:Creating package script '/home/hs/ros2_study/install/sllidar_ros2/share/sllidar_ros2/package.sh'
[1.652s] INFO:colcon.colcon_core.shell:Creating package script '/home/hs/ros2_study/install/sllidar_ros2/share/sllidar_ros2/package.bash'
[1.653s] INFO:colcon.colcon_core.shell:Creating package script '/home/hs/ros2_study/install/sllidar_ros2/share/sllidar_ros2/package.zsh'
[1.655s] Level 1:colcon.colcon_core.environment:create_file_with_runtime_dependencies(/home/hs/ros2_study/install/sllidar_ros2/share/colcon-core/packages/sllidar_ros2)
[2.323s] DEBUG:colcon.colcon_core.event_handler.log_command:Invoking command in '/home/hs/ros2_study/src/bno055': PYTHONPATH=/home/hs/ros2_study/build/bno055/prefix_override:/usr/lib/python3/dist-packages/colcon_core/task/python/colcon_distutils_commands:/home/hs/ros2_study/install/bno055/lib/python3.10/site-packages:${PYTHONPATH} /usr/bin/python3 -W ignore:setup.py install is deprecated -W ignore:easy_install command is deprecated setup.py egg_info --egg-base ../../build/bno055 build --build-base /home/hs/ros2_study/build/bno055/build install --record /home/hs/ros2_study/build/bno055/install.log --single-version-externally-managed install_data
[2.887s] Level 1:colcon.colcon_core.environment:checking '/home/hs/ros2_study/install/bno055' for CMake module files
[2.888s] DEBUG:colcon.colcon_core.event_handler.log_command:Invoked command in '/home/hs/ros2_study/src/bno055' returned '0': PYTHONPATH=/home/hs/ros2_study/build/bno055/prefix_override:/usr/lib/python3/dist-packages/colcon_core/task/python/colcon_distutils_commands:/home/hs/ros2_study/install/bno055/lib/python3.10/site-packages:${PYTHONPATH} /usr/bin/python3 -W ignore:setup.py install is deprecated -W ignore:easy_install command is deprecated setup.py egg_info --egg-base ../../build/bno055 build --build-base /home/hs/ros2_study/build/bno055/build install --record /home/hs/ros2_study/build/bno055/install.log --single-version-externally-managed install_data
[2.889s] Level 1:colcon.colcon_core.environment:checking '/home/hs/ros2_study/install/bno055' for CMake config files
[2.890s] Level 1:colcon.colcon_core.environment:checking '/home/hs/ros2_study/install/bno055/lib'
[2.890s] Level 1:colcon.colcon_core.environment:checking '/home/hs/ros2_study/install/bno055/bin'
[2.890s] Level 1:colcon.colcon_core.environment:checking '/home/hs/ros2_study/install/bno055/lib/pkgconfig/bno055.pc'
[2.891s] Level 1:colcon.colcon_core.environment:checking '/home/hs/ros2_study/install/bno055/lib/python3.10/site-packages'
[2.891s] Level 1:colcon.colcon_core.shell:create_environment_hook('bno055', 'pythonpath')
[2.891s] INFO:colcon.colcon_core.shell:Creating environment hook '/home/hs/ros2_study/install/bno055/share/bno055/hook/pythonpath.ps1'
[2.892s] INFO:colcon.colcon_core.shell:Creating environment descriptor '/home/hs/ros2_study/install/bno055/share/bno055/hook/pythonpath.dsv'
[2.893s] INFO:colcon.colcon_core.shell:Creating environment hook '/home/hs/ros2_study/install/bno055/share/bno055/hook/pythonpath.sh'
[2.895s] Level 1:colcon.colcon_core.environment:checking '/home/hs/ros2_study/install/bno055/bin'
[2.895s] Level 1:colcon.colcon_core.environment:create_environment_scripts_only(bno055)
[2.896s] INFO:colcon.colcon_core.shell:Creating package script '/home/hs/ros2_study/install/bno055/share/bno055/package.ps1'
[2.897s] INFO:colcon.colcon_core.shell:Creating package descriptor '/home/hs/ros2_study/install/bno055/share/bno055/package.dsv'
[2.897s] INFO:colcon.colcon_core.shell:Creating package script '/home/hs/ros2_study/install/bno055/share/bno055/package.sh'
[2.898s] INFO:colcon.colcon_core.shell:Creating package script '/home/hs/ros2_study/install/bno055/share/bno055/package.bash'
[2.899s] INFO:colcon.colcon_core.shell:Creating package script '/home/hs/ros2_study/install/bno055/share/bno055/package.zsh'
[2.900s] Level 1:colcon.colcon_core.environment:create_file_with_runtime_dependencies(/home/hs/ros2_study/install/bno055/share/colcon-core/packages/bno055)
[21.332s] DEBUG:colcon.colcon_core.event_handler.log_command:Invoked command in '/home/hs/ros2_study/build/nexus_base_ros' returned '0': CMAKE_PREFIX_PATH=/opt/ros/humble /usr/local/bin/cmake --build /home/hs/ros2_study/build/nexus_base_ros -- -j8 -l8
[21.335s] DEBUG:colcon.colcon_core.event_handler.log_command:Invoking command in '/home/hs/ros2_study/build/nexus_base_ros': CMAKE_PREFIX_PATH=/opt/ros/humble /usr/local/bin/cmake --install /home/hs/ros2_study/build/nexus_base_ros
[21.415s] Level 1:colcon.colcon_core.environment:create_environment_scripts_only(nexus_base_ros)
[21.416s] Level 1:colcon.colcon_core.environment:checking '/home/hs/ros2_study/install/nexus_base_ros' for CMake module files
[21.417s] Level 1:colcon.colcon_core.environment:checking '/home/hs/ros2_study/install/nexus_base_ros' for CMake config files
[21.420s] DEBUG:colcon.colcon_core.event_handler.log_command:Invoked command in '/home/hs/ros2_study/build/nexus_base_ros' returned '0': CMAKE_PREFIX_PATH=/opt/ros/humble /usr/local/bin/cmake --install /home/hs/ros2_study/build/nexus_base_ros
[21.420s] Level 1:colcon.colcon_core.shell:create_environment_hook('nexus_base_ros', 'cmake_prefix_path')
[21.420s] INFO:colcon.colcon_core.shell:Creating environment hook '/home/hs/ros2_study/install/nexus_base_ros/share/nexus_base_ros/hook/cmake_prefix_path.ps1'
[21.421s] INFO:colcon.colcon_core.shell:Creating environment descriptor '/home/hs/ros2_study/install/nexus_base_ros/share/nexus_base_ros/hook/cmake_prefix_path.dsv'
[21.421s] INFO:colcon.colcon_core.shell:Creating environment hook '/home/hs/ros2_study/install/nexus_base_ros/share/nexus_base_ros/hook/cmake_prefix_path.sh'
[21.422s] Level 1:colcon.colcon_core.environment:checking '/home/hs/ros2_study/install/nexus_base_ros/lib'
[21.422s] Level 1:colcon.colcon_core.shell:create_environment_hook('nexus_base_ros', 'ld_library_path_lib')
[21.423s] INFO:colcon.colcon_core.shell:Creating environment hook '/home/hs/ros2_study/install/nexus_base_ros/share/nexus_base_ros/hook/ld_library_path_lib.ps1'
[21.423s] INFO:colcon.colcon_core.shell:Creating environment descriptor '/home/hs/ros2_study/install/nexus_base_ros/share/nexus_base_ros/hook/ld_library_path_lib.dsv'
[21.423s] INFO:colcon.colcon_core.shell:Creating environment hook '/home/hs/ros2_study/install/nexus_base_ros/share/nexus_base_ros/hook/ld_library_path_lib.sh'
[21.424s] Level 1:colcon.colcon_core.environment:checking '/home/hs/ros2_study/install/nexus_base_ros/bin'
[21.424s] Level 1:colcon.colcon_core.environment:checking '/home/hs/ros2_study/install/nexus_base_ros/lib/pkgconfig/nexus_base_ros.pc'
[21.424s] Level 1:colcon.colcon_core.environment:checking '/home/hs/ros2_study/install/nexus_base_ros/lib/python3.10/site-packages'
[21.425s] Level 1:colcon.colcon_core.environment:checking '/home/hs/ros2_study/install/nexus_base_ros/bin'
[21.425s] INFO:colcon.colcon_core.shell:Creating package script '/home/hs/ros2_study/install/nexus_base_ros/share/nexus_base_ros/package.ps1'
[21.426s] INFO:colcon.colcon_core.shell:Creating package descriptor '/home/hs/ros2_study/install/nexus_base_ros/share/nexus_base_ros/package.dsv'
[21.427s] INFO:colcon.colcon_core.shell:Creating package script '/home/hs/ros2_study/install/nexus_base_ros/share/nexus_base_ros/package.sh'
[21.427s] INFO:colcon.colcon_core.shell:Creating package script '/home/hs/ros2_study/install/nexus_base_ros/share/nexus_base_ros/package.bash'
[21.428s] INFO:colcon.colcon_core.shell:Creating package script '/home/hs/ros2_study/install/nexus_base_ros/share/nexus_base_ros/package.zsh'
[21.428s] Level 1:colcon.colcon_core.environment:create_file_with_runtime_dependencies(/home/hs/ros2_study/install/nexus_base_ros/share/colcon-core/packages/nexus_base_ros)
[21.429s] Level 1:colcon.colcon_core.environment:create_environment_scripts_only(nexus_base_ros)
[21.429s] Level 1:colcon.colcon_core.environment:checking '/home/hs/ros2_study/install/nexus_base_ros' for CMake module files
[21.430s] Level 1:colcon.colcon_core.environment:checking '/home/hs/ros2_study/install/nexus_base_ros' for CMake config files
[21.431s] Level 1:colcon.colcon_core.shell:create_environment_hook('nexus_base_ros', 'cmake_prefix_path')
[21.431s] INFO:colcon.colcon_core.shell:Creating environment hook '/home/hs/ros2_study/install/nexus_base_ros/share/nexus_base_ros/hook/cmake_prefix_path.ps1'
[21.432s] INFO:colcon.colcon_core.shell:Creating environment descriptor '/home/hs/ros2_study/install/nexus_base_ros/share/nexus_base_ros/hook/cmake_prefix_path.dsv'
[21.432s] INFO:colcon.colcon_core.shell:Creating environment hook '/home/hs/ros2_study/install/nexus_base_ros/share/nexus_base_ros/hook/cmake_prefix_path.sh'
[21.433s] Level 1:colcon.colcon_core.environment:checking '/home/hs/ros2_study/install/nexus_base_ros/lib'
[21.433s] Level 1:colcon.colcon_core.shell:create_environment_hook('nexus_base_ros', 'ld_library_path_lib')
[21.433s] INFO:colcon.colcon_core.shell:Creating environment hook '/home/hs/ros2_study/install/nexus_base_ros/share/nexus_base_ros/hook/ld_library_path_lib.ps1'
[21.434s] INFO:colcon.colcon_core.shell:Creating environment descriptor '/home/hs/ros2_study/install/nexus_base_ros/share/nexus_base_ros/hook/ld_library_path_lib.dsv'
[21.434s] INFO:colcon.colcon_core.shell:Creating environment hook '/home/hs/ros2_study/install/nexus_base_ros/share/nexus_base_ros/hook/ld_library_path_lib.sh'
[21.435s] Level 1:colcon.colcon_core.environment:checking '/home/hs/ros2_study/install/nexus_base_ros/bin'
[21.435s] Level 1:colcon.colcon_core.environment:checking '/home/hs/ros2_study/install/nexus_base_ros/lib/pkgconfig/nexus_base_ros.pc'
[21.435s] Level 1:colcon.colcon_core.environment:checking '/home/hs/ros2_study/install/nexus_base_ros/lib/python3.10/site-packages'
[21.436s] Level 1:colcon.colcon_core.environment:checking '/home/hs/ros2_study/install/nexus_base_ros/bin'
[21.436s] INFO:colcon.colcon_core.shell:Creating package script '/home/hs/ros2_study/install/nexus_base_ros/share/nexus_base_ros/package.ps1'
[21.437s] INFO:colcon.colcon_core.shell:Creating package descriptor '/home/hs/ros2_study/install/nexus_base_ros/share/nexus_base_ros/package.dsv'
[21.437s] INFO:colcon.colcon_core.shell:Creating package script '/home/hs/ros2_study/install/nexus_base_ros/share/nexus_base_ros/package.sh'
[21.438s] INFO:colcon.colcon_core.shell:Creating package script '/home/hs/ros2_study/install/nexus_base_ros/share/nexus_base_ros/package.bash'
[21.439s] INFO:colcon.colcon_core.shell:Creating package script '/home/hs/ros2_study/install/nexus_base_ros/share/nexus_base_ros/package.zsh'
[21.439s] Level 1:colcon.colcon_core.environment:create_file_with_runtime_dependencies(/home/hs/ros2_study/install/nexus_base_ros/share/colcon-core/packages/nexus_base_ros)
[21.440s] DEBUG:colcon.colcon_parallel_executor.executor.parallel:closing loop
[21.440s] DEBUG:colcon.colcon_parallel_executor.executor.parallel:loop closed
[21.440s] DEBUG:colcon.colcon_parallel_executor.executor.parallel:run_until_complete finished with '0'
[21.440s] DEBUG:colcon.colcon_core.event_reactor:joining thread
[21.449s] INFO:colcon.colcon_core.plugin_system:Skipping extension 'colcon_notification.desktop_notification.terminal_notifier': Not used on non-Darwin systems
[21.449s] INFO:colcon.colcon_core.plugin_system:Skipping extension 'colcon_notification.desktop_notification.win32': Not used on non-Windows systems
[21.449s] INFO:colcon.colcon_notification.desktop_notification:Sending desktop notification using 'notify2'
[21.463s] DEBUG:colcon.colcon_core.event_reactor:joined thread
[21.463s] INFO:colcon.colcon_core.shell:Creating prefix script '/home/hs/ros2_study/install/local_setup.ps1'
[21.465s] INFO:colcon.colcon_core.shell:Creating prefix util module '/home/hs/ros2_study/install/_local_setup_util_ps1.py'
[21.467s] INFO:colcon.colcon_core.shell:Creating prefix chain script '/home/hs/ros2_study/install/setup.ps1'
[21.468s] INFO:colcon.colcon_core.shell:Creating prefix script '/home/hs/ros2_study/install/local_setup.sh'
[21.469s] INFO:colcon.colcon_core.shell:Creating prefix util module '/home/hs/ros2_study/install/_local_setup_util_sh.py'
[21.470s] INFO:colcon.colcon_core.shell:Creating prefix chain script '/home/hs/ros2_study/install/setup.sh'
[21.472s] INFO:colcon.colcon_core.shell:Creating prefix script '/home/hs/ros2_study/install/local_setup.bash'
[21.473s] INFO:colcon.colcon_core.shell:Creating prefix chain script '/home/hs/ros2_study/install/setup.bash'
[21.476s] INFO:colcon.colcon_core.shell:Creating prefix script '/home/hs/ros2_study/install/local_setup.zsh'
[21.476s] INFO:colcon.colcon_core.shell:Creating prefix chain script '/home/hs/ros2_study/install/setup.zsh'
