[1.542s] Invoking command in '/home/hs/ros2_study/src/bno055': PYTHONPATH=/home/hs/ros2_study/build/bno055/prefix_override:/usr/lib/python3/dist-packages/colcon_core/task/python/colcon_distutils_commands:/home/hs/ros2_study/install/bno055/lib/python3.10/site-packages:${PYTHONPATH} /usr/bin/python3 -W ignore:setup.py install is deprecated -W ignore:easy_install command is deprecated setup.py egg_info --egg-base ../../build/bno055 build --build-base /home/hs/ros2_study/build/bno055/build install --record /home/hs/ros2_study/build/bno055/install.log --single-version-externally-managed install_data
[2.006s] running egg_info
[2.007s] writing ../../build/bno055/bno055.egg-info/PKG-INFO
[2.007s] writing dependency_links to ../../build/bno055/bno055.egg-info/dependency_links.txt
[2.008s] writing entry points to ../../build/bno055/bno055.egg-info/entry_points.txt
[2.008s] writing requirements to ../../build/bno055/bno055.egg-info/requires.txt
[2.008s] writing top-level names to ../../build/bno055/bno055.egg-info/top_level.txt
[2.013s] reading manifest file '../../build/bno055/bno055.egg-info/SOURCES.txt'
[2.014s] adding license file 'LICENSE'
[2.014s] adding license file 'AUTHORS'
[2.016s] writing manifest file '../../build/bno055/bno055.egg-info/SOURCES.txt'
[2.016s] running build
[2.016s] running build_py
[2.019s] running install
[2.020s] running install_lib
[2.024s] running install_data
[2.024s] running install_egg_info
[2.028s] removing '/home/hs/ros2_study/install/bno055/lib/python3.10/site-packages/bno055-0.5.0-py3.10.egg-info' (and everything under it)
[2.029s] Copying ../../build/bno055/bno055.egg-info to /home/hs/ros2_study/install/bno055/lib/python3.10/site-packages/bno055-0.5.0-py3.10.egg-info
[2.031s] running install_scripts
[2.066s] Installing bno055 script to /home/hs/ros2_study/install/bno055/lib/bno055
[2.067s] writing list of installed files to '/home/hs/ros2_study/build/bno055/install.log'
[2.108s] Invoked command in '/home/hs/ros2_study/src/bno055' returned '0': PYTHONPATH=/home/hs/ros2_study/build/bno055/prefix_override:/usr/lib/python3/dist-packages/colcon_core/task/python/colcon_distutils_commands:/home/hs/ros2_study/install/bno055/lib/python3.10/site-packages:${PYTHONPATH} /usr/bin/python3 -W ignore:setup.py install is deprecated -W ignore:easy_install command is deprecated setup.py egg_info --egg-base ../../build/bno055 build --build-base /home/hs/ros2_study/build/bno055/build install --record /home/hs/ros2_study/build/bno055/install.log --single-version-externally-managed install_data
