[1.351s] Invoking command in '/home/hs/ros2_study/src/bno055': PYTHONPATH=/home/hs/ros2_study/build/bno055/prefix_override:/usr/lib/python3/dist-packages/colcon_core/task/python/colcon_distutils_commands:/home/hs/ros2_study/install/bno055/lib/python3.10/site-packages:${PYTHONPATH} /usr/bin/python3 -W ignore:setup.py install is deprecated -W ignore:easy_install command is deprecated setup.py egg_info --egg-base ../../build/bno055 build --build-base /home/hs/ros2_study/build/bno055/build install --record /home/hs/ros2_study/build/bno055/install.log --single-version-externally-managed install_data
[1.823s] running egg_info
[1.824s] writing ../../build/bno055/bno055.egg-info/PKG-INFO
[1.824s] writing dependency_links to ../../build/bno055/bno055.egg-info/dependency_links.txt
[1.824s] writing entry points to ../../build/bno055/bno055.egg-info/entry_points.txt
[1.825s] writing requirements to ../../build/bno055/bno055.egg-info/requires.txt
[1.825s] writing top-level names to ../../build/bno055/bno055.egg-info/top_level.txt
[1.828s] reading manifest file '../../build/bno055/bno055.egg-info/SOURCES.txt'
[1.829s] adding license file 'LICENSE'
[1.829s] adding license file 'AUTHORS'
[1.830s] writing manifest file '../../build/bno055/bno055.egg-info/SOURCES.txt'
[1.830s] running build
[1.830s] running build_py
[1.833s] running install
[1.833s] running install_lib
[1.836s] running install_data
[1.837s] running install_egg_info
[1.840s] removing '/home/hs/ros2_study/install/bno055/lib/python3.10/site-packages/bno055-0.5.0-py3.10.egg-info' (and everything under it)
[1.841s] Copying ../../build/bno055/bno055.egg-info to /home/hs/ros2_study/install/bno055/lib/python3.10/site-packages/bno055-0.5.0-py3.10.egg-info
[1.842s] running install_scripts
[1.873s] Installing bno055 script to /home/hs/ros2_study/install/bno055/lib/bno055
[1.874s] writing list of installed files to '/home/hs/ros2_study/build/bno055/install.log'
[1.915s] Invoked command in '/home/hs/ros2_study/src/bno055' returned '0': PYTHONPATH=/home/hs/ros2_study/build/bno055/prefix_override:/usr/lib/python3/dist-packages/colcon_core/task/python/colcon_distutils_commands:/home/hs/ros2_study/install/bno055/lib/python3.10/site-packages:${PYTHONPATH} /usr/bin/python3 -W ignore:setup.py install is deprecated -W ignore:easy_install command is deprecated setup.py egg_info --egg-base ../../build/bno055 build --build-base /home/hs/ros2_study/build/bno055/build install --record /home/hs/ros2_study/build/bno055/install.log --single-version-externally-managed install_data
