[0.204s] DEBUG:colcon:Command line arguments: ['/usr/bin/colcon', 'build']
[0.204s] DEBUG:colcon:Parsed command line arguments: Namespace(log_base=None, log_level=None, verb_name='build', build_base='build', install_base='install', merge_install=False, symlink_install=False, test_result_base=None, continue_on_error=False, executor='parallel', parallel_workers=8, event_handlers=None, ignore_user_meta=False, metas=['./colcon.meta'], base_paths=['.'], packages_ignore=None, packages_ignore_regex=None, paths=None, packages_up_to=None, packages_up_to_regex=None, packages_above=None, packages_above_and_dependencies=None, packages_above_depth=None, packages_select_by_dep=None, packages_skip_by_dep=None, packages_skip_up_to=None, packages_select_build_failed=False, packages_skip_build_finished=False, packages_select_test_failures=False, packages_skip_test_passed=False, packages_select=None, packages_skip=None, packages_select_regex=None, packages_skip_regex=None, packages_start=None, packages_end=None, allow_overriding=[], cmake_args=None, cmake_target=None, cmake_target_skip_unavailable=False, cmake_clean_cache=False, cmake_clean_first=False, cmake_force_configure=False, ament_cmake_args=None, catkin_cmake_args=None, catkin_skip_building_tests=False, mixin_files=None, mixin=None, verb_parser=<colcon_mixin.mixin.mixin_argument.MixinArgumentDecorator object at 0x7886be2a10f0>, verb_extension=<colcon_core.verb.build.BuildVerb object at 0x7886be2a0970>, main=<bound method BuildVerb.main of <colcon_core.verb.build.BuildVerb object at 0x7886be2a0970>>, mixin_verb=('build',))
[0.619s] Level 1:colcon.colcon_core.package_discovery:discover_packages(colcon_meta) check parameters
[0.619s] Level 1:colcon.colcon_core.package_discovery:discover_packages(recursive) check parameters
[0.619s] Level 1:colcon.colcon_core.package_discovery:discover_packages(ignore) check parameters
[0.619s] Level 1:colcon.colcon_core.package_discovery:discover_packages(path) check parameters
[0.619s] Level 1:colcon.colcon_core.package_discovery:discover_packages(colcon_meta) discover
[0.619s] Level 1:colcon.colcon_core.package_discovery:discover_packages(recursive) discover
[0.619s] INFO:colcon.colcon_core.package_discovery:Crawling recursively for packages in '/home/hs/ros2_study'
[0.620s] Level 1:colcon.colcon_core.package_identification:_identify(.) by extensions ['ignore', 'ignore_ament_install']
[0.621s] Level 1:colcon.colcon_core.package_identification:_identify(.) by extension 'ignore'
[0.621s] Level 1:colcon.colcon_core.package_identification:_identify(.) by extension 'ignore_ament_install'
[0.621s] Level 1:colcon.colcon_core.package_identification:_identify(.) by extensions ['colcon_pkg']
[0.621s] Level 1:colcon.colcon_core.package_identification:_identify(.) by extension 'colcon_pkg'
[0.622s] Level 1:colcon.colcon_core.package_identification:_identify(.) by extensions ['colcon_meta']
[0.622s] Level 1:colcon.colcon_core.package_identification:_identify(.) by extension 'colcon_meta'
[0.622s] Level 1:colcon.colcon_core.package_identification:_identify(.) by extensions ['ros']
[0.622s] Level 1:colcon.colcon_core.package_identification:_identify(.) by extension 'ros'
[0.722s] Level 1:colcon.colcon_core.package_identification:_identify(.) by extensions ['cmake', 'python']
[0.722s] Level 1:colcon.colcon_core.package_identification:_identify(.) by extension 'cmake'
[0.722s] Level 1:colcon.colcon_core.package_identification:_identify(.) by extension 'python'
[0.722s] Level 1:colcon.colcon_core.package_identification:_identify(.) by extensions ['python_setup_py']
[0.722s] Level 1:colcon.colcon_core.package_identification:_identify(.) by extension 'python_setup_py'
[0.723s] Level 1:colcon.colcon_core.package_identification:_identify(build) by extensions ['ignore', 'ignore_ament_install']
[0.723s] Level 1:colcon.colcon_core.package_identification:_identify(build) by extension 'ignore'
[0.723s] Level 1:colcon.colcon_core.package_identification:_identify(build) ignored
[0.723s] Level 1:colcon.colcon_core.package_identification:_identify(install) by extensions ['ignore', 'ignore_ament_install']
[0.724s] Level 1:colcon.colcon_core.package_identification:_identify(install) by extension 'ignore'
[0.724s] Level 1:colcon.colcon_core.package_identification:_identify(install) ignored
[0.724s] Level 1:colcon.colcon_core.package_identification:_identify(log) by extensions ['ignore', 'ignore_ament_install']
[0.724s] Level 1:colcon.colcon_core.package_identification:_identify(log) by extension 'ignore'
[0.724s] Level 1:colcon.colcon_core.package_identification:_identify(log) ignored
[0.724s] Level 1:colcon.colcon_core.package_identification:_identify(src) by extensions ['ignore', 'ignore_ament_install']
[0.725s] Level 1:colcon.colcon_core.package_identification:_identify(src) by extension 'ignore'
[0.725s] Level 1:colcon.colcon_core.package_identification:_identify(src) by extension 'ignore_ament_install'
[0.725s] Level 1:colcon.colcon_core.package_identification:_identify(src) by extensions ['colcon_pkg']
[0.725s] Level 1:colcon.colcon_core.package_identification:_identify(src) by extension 'colcon_pkg'
[0.725s] Level 1:colcon.colcon_core.package_identification:_identify(src) by extensions ['colcon_meta']
[0.725s] Level 1:colcon.colcon_core.package_identification:_identify(src) by extension 'colcon_meta'
[0.725s] Level 1:colcon.colcon_core.package_identification:_identify(src) by extensions ['ros']
[0.725s] Level 1:colcon.colcon_core.package_identification:_identify(src) by extension 'ros'
[0.726s] Level 1:colcon.colcon_core.package_identification:_identify(src) by extensions ['cmake', 'python']
[0.726s] Level 1:colcon.colcon_core.package_identification:_identify(src) by extension 'cmake'
[0.726s] Level 1:colcon.colcon_core.package_identification:_identify(src) by extension 'python'
[0.726s] Level 1:colcon.colcon_core.package_identification:_identify(src) by extensions ['python_setup_py']
[0.726s] Level 1:colcon.colcon_core.package_identification:_identify(src) by extension 'python_setup_py'
[0.726s] Level 1:colcon.colcon_core.package_identification:_identify(src/bno055) by extensions ['ignore', 'ignore_ament_install']
[0.726s] Level 1:colcon.colcon_core.package_identification:_identify(src/bno055) by extension 'ignore'
[0.726s] Level 1:colcon.colcon_core.package_identification:_identify(src/bno055) by extension 'ignore_ament_install'
[0.727s] Level 1:colcon.colcon_core.package_identification:_identify(src/bno055) by extensions ['colcon_pkg']
[0.727s] Level 1:colcon.colcon_core.package_identification:_identify(src/bno055) by extension 'colcon_pkg'
[0.727s] Level 1:colcon.colcon_core.package_identification:_identify(src/bno055) by extensions ['colcon_meta']
[0.727s] Level 1:colcon.colcon_core.package_identification:_identify(src/bno055) by extension 'colcon_meta'
[0.727s] Level 1:colcon.colcon_core.package_identification:_identify(src/bno055) by extensions ['ros']
[0.727s] Level 1:colcon.colcon_core.package_identification:_identify(src/bno055) by extension 'ros'
[0.732s] DEBUG:colcon.colcon_core.package_identification:Package 'src/bno055' with type 'ros.ament_python' and name 'bno055'
[0.733s] Level 1:colcon.colcon_core.package_identification:_identify(src/nexus_base_ros-master) by extensions ['ignore', 'ignore_ament_install']
[0.733s] Level 1:colcon.colcon_core.package_identification:_identify(src/nexus_base_ros-master) by extension 'ignore'
[0.733s] Level 1:colcon.colcon_core.package_identification:_identify(src/nexus_base_ros-master) by extension 'ignore_ament_install'
[0.733s] Level 1:colcon.colcon_core.package_identification:_identify(src/nexus_base_ros-master) by extensions ['colcon_pkg']
[0.734s] Level 1:colcon.colcon_core.package_identification:_identify(src/nexus_base_ros-master) by extension 'colcon_pkg'
[0.734s] Level 1:colcon.colcon_core.package_identification:_identify(src/nexus_base_ros-master) by extensions ['colcon_meta']
[0.734s] Level 1:colcon.colcon_core.package_identification:_identify(src/nexus_base_ros-master) by extension 'colcon_meta'
[0.734s] Level 1:colcon.colcon_core.package_identification:_identify(src/nexus_base_ros-master) by extensions ['ros']
[0.734s] Level 1:colcon.colcon_core.package_identification:_identify(src/nexus_base_ros-master) by extension 'ros'
[0.737s] DEBUG:colcon.colcon_core.package_identification:Package 'src/nexus_base_ros-master' with type 'ros.ament_cmake' and name 'nexus_base_ros'
[0.737s] Level 1:colcon.colcon_core.package_identification:_identify(src/sllidar_ros2) by extensions ['ignore', 'ignore_ament_install']
[0.737s] Level 1:colcon.colcon_core.package_identification:_identify(src/sllidar_ros2) by extension 'ignore'
[0.738s] Level 1:colcon.colcon_core.package_identification:_identify(src/sllidar_ros2) by extension 'ignore_ament_install'
[0.738s] Level 1:colcon.colcon_core.package_identification:_identify(src/sllidar_ros2) by extensions ['colcon_pkg']
[0.738s] Level 1:colcon.colcon_core.package_identification:_identify(src/sllidar_ros2) by extension 'colcon_pkg'
[0.738s] Level 1:colcon.colcon_core.package_identification:_identify(src/sllidar_ros2) by extensions ['colcon_meta']
[0.738s] Level 1:colcon.colcon_core.package_identification:_identify(src/sllidar_ros2) by extension 'colcon_meta'
[0.738s] Level 1:colcon.colcon_core.package_identification:_identify(src/sllidar_ros2) by extensions ['ros']
[0.738s] Level 1:colcon.colcon_core.package_identification:_identify(src/sllidar_ros2) by extension 'ros'
[0.740s] DEBUG:colcon.colcon_core.package_identification:Package 'src/sllidar_ros2' with type 'ros.ament_cmake' and name 'sllidar_ros2'
[0.740s] Level 1:colcon.colcon_core.package_discovery:discover_packages(recursive) using defaults
[0.740s] Level 1:colcon.colcon_core.package_discovery:discover_packages(ignore) discover
[0.740s] Level 1:colcon.colcon_core.package_discovery:discover_packages(ignore) using defaults
[0.740s] Level 1:colcon.colcon_core.package_discovery:discover_packages(path) discover
[0.740s] Level 1:colcon.colcon_core.package_discovery:discover_packages(path) using defaults
[0.778s] Level 1:colcon.colcon_core.package_discovery:discover_packages(prefix_path) check parameters
[0.778s] Level 1:colcon.colcon_core.package_discovery:discover_packages(prefix_path) discover
[0.781s] DEBUG:colcon.colcon_installed_package_information.package_discovery:Found 3 installed packages in /home/hs/ros2_study/install
[0.784s] DEBUG:colcon.colcon_installed_package_information.package_discovery:Found 453 installed packages in /opt/ros/humble
[0.789s] Level 1:colcon.colcon_core.package_discovery:discover_packages(prefix_path) using defaults
[0.880s] Level 5:colcon.colcon_core.verb:set package 'bno055' build argument 'cmake_args' from command line to 'None'
[0.880s] Level 5:colcon.colcon_core.verb:set package 'bno055' build argument 'cmake_target' from command line to 'None'
[0.880s] Level 5:colcon.colcon_core.verb:set package 'bno055' build argument 'cmake_target_skip_unavailable' from command line to 'False'
[0.880s] Level 5:colcon.colcon_core.verb:set package 'bno055' build argument 'cmake_clean_cache' from command line to 'False'
[0.880s] Level 5:colcon.colcon_core.verb:set package 'bno055' build argument 'cmake_clean_first' from command line to 'False'
[0.880s] Level 5:colcon.colcon_core.verb:set package 'bno055' build argument 'cmake_force_configure' from command line to 'False'
[0.880s] Level 5:colcon.colcon_core.verb:set package 'bno055' build argument 'ament_cmake_args' from command line to 'None'
[0.880s] Level 5:colcon.colcon_core.verb:set package 'bno055' build argument 'catkin_cmake_args' from command line to 'None'
[0.880s] Level 5:colcon.colcon_core.verb:set package 'bno055' build argument 'catkin_skip_building_tests' from command line to 'False'
[0.880s] DEBUG:colcon.colcon_core.verb:Building package 'bno055' with the following arguments: {'ament_cmake_args': None, 'build_base': '/home/hs/ros2_study/build/bno055', 'catkin_cmake_args': None, 'catkin_skip_building_tests': False, 'cmake_args': None, 'cmake_clean_cache': False, 'cmake_clean_first': False, 'cmake_force_configure': False, 'cmake_target': None, 'cmake_target_skip_unavailable': False, 'install_base': '/home/hs/ros2_study/install/bno055', 'merge_install': False, 'path': '/home/hs/ros2_study/src/bno055', 'symlink_install': False, 'test_result_base': None}
[0.881s] Level 5:colcon.colcon_core.verb:set package 'nexus_base_ros' build argument 'cmake_args' from command line to 'None'
[0.881s] Level 5:colcon.colcon_core.verb:set package 'nexus_base_ros' build argument 'cmake_target' from command line to 'None'
[0.881s] Level 5:colcon.colcon_core.verb:set package 'nexus_base_ros' build argument 'cmake_target_skip_unavailable' from command line to 'False'
[0.881s] Level 5:colcon.colcon_core.verb:set package 'nexus_base_ros' build argument 'cmake_clean_cache' from command line to 'False'
[0.881s] Level 5:colcon.colcon_core.verb:set package 'nexus_base_ros' build argument 'cmake_clean_first' from command line to 'False'
[0.881s] Level 5:colcon.colcon_core.verb:set package 'nexus_base_ros' build argument 'cmake_force_configure' from command line to 'False'
[0.881s] Level 5:colcon.colcon_core.verb:set package 'nexus_base_ros' build argument 'ament_cmake_args' from command line to 'None'
[0.881s] Level 5:colcon.colcon_core.verb:set package 'nexus_base_ros' build argument 'catkin_cmake_args' from command line to 'None'
[0.882s] Level 5:colcon.colcon_core.verb:set package 'nexus_base_ros' build argument 'catkin_skip_building_tests' from command line to 'False'
[0.882s] DEBUG:colcon.colcon_core.verb:Building package 'nexus_base_ros' with the following arguments: {'ament_cmake_args': None, 'build_base': '/home/hs/ros2_study/build/nexus_base_ros', 'catkin_cmake_args': None, 'catkin_skip_building_tests': False, 'cmake_args': None, 'cmake_clean_cache': False, 'cmake_clean_first': False, 'cmake_force_configure': False, 'cmake_target': None, 'cmake_target_skip_unavailable': False, 'install_base': '/home/hs/ros2_study/install/nexus_base_ros', 'merge_install': False, 'path': '/home/hs/ros2_study/src/nexus_base_ros-master', 'symlink_install': False, 'test_result_base': None}
[0.882s] Level 5:colcon.colcon_core.verb:set package 'sllidar_ros2' build argument 'cmake_args' from command line to 'None'
[0.882s] Level 5:colcon.colcon_core.verb:set package 'sllidar_ros2' build argument 'cmake_target' from command line to 'None'
[0.882s] Level 5:colcon.colcon_core.verb:set package 'sllidar_ros2' build argument 'cmake_target_skip_unavailable' from command line to 'False'
[0.882s] Level 5:colcon.colcon_core.verb:set package 'sllidar_ros2' build argument 'cmake_clean_cache' from command line to 'False'
[0.883s] Level 5:colcon.colcon_core.verb:set package 'sllidar_ros2' build argument 'cmake_clean_first' from command line to 'False'
[0.883s] Level 5:colcon.colcon_core.verb:set package 'sllidar_ros2' build argument 'cmake_force_configure' from command line to 'False'
[0.883s] Level 5:colcon.colcon_core.verb:set package 'sllidar_ros2' build argument 'ament_cmake_args' from command line to 'None'
[0.883s] Level 5:colcon.colcon_core.verb:set package 'sllidar_ros2' build argument 'catkin_cmake_args' from command line to 'None'
[0.883s] Level 5:colcon.colcon_core.verb:set package 'sllidar_ros2' build argument 'catkin_skip_building_tests' from command line to 'False'
[0.883s] DEBUG:colcon.colcon_core.verb:Building package 'sllidar_ros2' with the following arguments: {'ament_cmake_args': None, 'build_base': '/home/hs/ros2_study/build/sllidar_ros2', 'catkin_cmake_args': None, 'catkin_skip_building_tests': False, 'cmake_args': None, 'cmake_clean_cache': False, 'cmake_clean_first': False, 'cmake_force_configure': False, 'cmake_target': None, 'cmake_target_skip_unavailable': False, 'install_base': '/home/hs/ros2_study/install/sllidar_ros2', 'merge_install': False, 'path': '/home/hs/ros2_study/src/sllidar_ros2', 'symlink_install': False, 'test_result_base': None}
[0.883s] INFO:colcon.colcon_core.executor:Executing jobs using 'parallel' executor
[0.884s] DEBUG:colcon.colcon_parallel_executor.executor.parallel:run_until_complete
[0.884s] INFO:colcon.colcon_ros.task.ament_python.build:Building ROS package in '/home/hs/ros2_study/src/bno055' with build type 'ament_python'
[0.885s] Level 1:colcon.colcon_core.shell:create_environment_hook('bno055', 'ament_prefix_path')
[0.888s] INFO:colcon.colcon_core.plugin_system:Skipping extension 'colcon_core.shell.bat': Not used on non-Windows systems
[0.888s] INFO:colcon.colcon_core.shell:Creating environment hook '/home/hs/ros2_study/install/bno055/share/bno055/hook/ament_prefix_path.ps1'
[0.889s] INFO:colcon.colcon_core.shell:Creating environment descriptor '/home/hs/ros2_study/install/bno055/share/bno055/hook/ament_prefix_path.dsv'
[0.890s] INFO:colcon.colcon_core.shell:Creating environment hook '/home/hs/ros2_study/install/bno055/share/bno055/hook/ament_prefix_path.sh'
[0.891s] INFO:colcon.colcon_core.shell:Skip shell extension 'powershell' for command environment: Not usable outside of PowerShell
[0.891s] DEBUG:colcon.colcon_core.shell:Skip shell extension 'dsv' for command environment
[0.897s] INFO:colcon.colcon_ros.task.ament_cmake.build:Building ROS package in '/home/hs/ros2_study/src/nexus_base_ros-master' with build type 'ament_cmake'
[0.897s] INFO:colcon.colcon_cmake.task.cmake.build:Building CMake package in '/home/hs/ros2_study/src/nexus_base_ros-master'
[0.897s] INFO:colcon.colcon_core.shell:Skip shell extension 'powershell' for command environment: Not usable outside of PowerShell
[0.897s] DEBUG:colcon.colcon_core.shell:Skip shell extension 'dsv' for command environment
[0.904s] INFO:colcon.colcon_ros.task.ament_cmake.build:Building ROS package in '/home/hs/ros2_study/src/sllidar_ros2' with build type 'ament_cmake'
[0.904s] INFO:colcon.colcon_cmake.task.cmake.build:Building CMake package in '/home/hs/ros2_study/src/sllidar_ros2'
[0.905s] INFO:colcon.colcon_core.shell:Skip shell extension 'powershell' for command environment: Not usable outside of PowerShell
[0.905s] DEBUG:colcon.colcon_core.shell:Skip shell extension 'dsv' for command environment
[1.451s] INFO:colcon.colcon_core.task.python.build:Building Python package in '/home/hs/ros2_study/src/bno055'
[1.452s] INFO:colcon.colcon_core.shell:Skip shell extension 'powershell' for command environment: Not usable outside of PowerShell
[1.452s] DEBUG:colcon.colcon_core.shell:Skip shell extension 'dsv' for command environment
[1.468s] DEBUG:colcon.colcon_core.event_handler.log_command:Invoking command in '/home/hs/ros2_study/build/nexus_base_ros': CMAKE_PREFIX_PATH=${CMAKE_PREFIX_PATH}:/home/hs/ros2_study/install/bno055:/opt/ros/humble /usr/local/bin/cmake --build /home/hs/ros2_study/build/nexus_base_ros -- -j8 -l8
[1.475s] DEBUG:colcon.colcon_core.event_handler.log_command:Invoking command in '/home/hs/ros2_study/build/sllidar_ros2': CMAKE_PREFIX_PATH=${CMAKE_PREFIX_PATH}:/home/hs/ros2_study/install/bno055:/opt/ros/humble /usr/local/bin/cmake --build /home/hs/ros2_study/build/sllidar_ros2 -- -j8 -l8
[1.580s] DEBUG:colcon.colcon_core.event_handler.log_command:Invoked command in '/home/hs/ros2_study/build/sllidar_ros2' returned '0': CMAKE_PREFIX_PATH=${CMAKE_PREFIX_PATH}:/home/hs/ros2_study/install/bno055:/opt/ros/humble /usr/local/bin/cmake --build /home/hs/ros2_study/build/sllidar_ros2 -- -j8 -l8
[1.591s] DEBUG:colcon.colcon_core.event_handler.log_command:Invoking command in '/home/hs/ros2_study/build/sllidar_ros2': CMAKE_PREFIX_PATH=${CMAKE_PREFIX_PATH}:/home/hs/ros2_study/install/bno055:/opt/ros/humble /usr/local/bin/cmake --install /home/hs/ros2_study/build/sllidar_ros2
[1.606s] Level 1:colcon.colcon_core.environment:create_environment_scripts_only(sllidar_ros2)
[1.611s] Level 1:colcon.colcon_core.environment:checking '/home/hs/ros2_study/install/sllidar_ros2' for CMake module files
[1.613s] DEBUG:colcon.colcon_core.event_handler.log_command:Invoked command in '/home/hs/ros2_study/build/sllidar_ros2' returned '0': CMAKE_PREFIX_PATH=${CMAKE_PREFIX_PATH}:/home/hs/ros2_study/install/bno055:/opt/ros/humble /usr/local/bin/cmake --install /home/hs/ros2_study/build/sllidar_ros2
[1.614s] Level 1:colcon.colcon_core.environment:checking '/home/hs/ros2_study/install/sllidar_ros2' for CMake config files
[1.615s] Level 1:colcon.colcon_core.shell:create_environment_hook('sllidar_ros2', 'cmake_prefix_path')
[1.618s] INFO:colcon.colcon_core.shell:Creating environment hook '/home/hs/ros2_study/install/sllidar_ros2/share/sllidar_ros2/hook/cmake_prefix_path.ps1'
[1.623s] INFO:colcon.colcon_core.shell:Creating environment descriptor '/home/hs/ros2_study/install/sllidar_ros2/share/sllidar_ros2/hook/cmake_prefix_path.dsv'
[1.625s] INFO:colcon.colcon_core.shell:Creating environment hook '/home/hs/ros2_study/install/sllidar_ros2/share/sllidar_ros2/hook/cmake_prefix_path.sh'
[1.634s] Level 1:colcon.colcon_core.environment:checking '/home/hs/ros2_study/install/sllidar_ros2/lib'
[1.635s] Level 1:colcon.colcon_core.environment:checking '/home/hs/ros2_study/install/sllidar_ros2/bin'
[1.635s] Level 1:colcon.colcon_core.environment:checking '/home/hs/ros2_study/install/sllidar_ros2/lib/pkgconfig/sllidar_ros2.pc'
[1.636s] Level 1:colcon.colcon_core.environment:checking '/home/hs/ros2_study/install/sllidar_ros2/lib/python3.10/site-packages'
[1.637s] Level 1:colcon.colcon_core.environment:checking '/home/hs/ros2_study/install/sllidar_ros2/bin'
[1.638s] INFO:colcon.colcon_core.shell:Creating package script '/home/hs/ros2_study/install/sllidar_ros2/share/sllidar_ros2/package.ps1'
[1.640s] INFO:colcon.colcon_core.shell:Creating package descriptor '/home/hs/ros2_study/install/sllidar_ros2/share/sllidar_ros2/package.dsv'
[1.642s] INFO:colcon.colcon_core.shell:Creating package script '/home/hs/ros2_study/install/sllidar_ros2/share/sllidar_ros2/package.sh'
[1.645s] INFO:colcon.colcon_core.shell:Creating package script '/home/hs/ros2_study/install/sllidar_ros2/share/sllidar_ros2/package.bash'
[1.647s] INFO:colcon.colcon_core.shell:Creating package script '/home/hs/ros2_study/install/sllidar_ros2/share/sllidar_ros2/package.zsh'
[1.650s] Level 1:colcon.colcon_core.environment:create_file_with_runtime_dependencies(/home/hs/ros2_study/install/sllidar_ros2/share/colcon-core/packages/sllidar_ros2)
[1.651s] Level 1:colcon.colcon_core.environment:create_environment_scripts_only(sllidar_ros2)
[1.652s] Level 1:colcon.colcon_core.environment:checking '/home/hs/ros2_study/install/sllidar_ros2' for CMake module files
[1.653s] Level 1:colcon.colcon_core.environment:checking '/home/hs/ros2_study/install/sllidar_ros2' for CMake config files
[1.653s] Level 1:colcon.colcon_core.shell:create_environment_hook('sllidar_ros2', 'cmake_prefix_path')
[1.654s] INFO:colcon.colcon_core.shell:Creating environment hook '/home/hs/ros2_study/install/sllidar_ros2/share/sllidar_ros2/hook/cmake_prefix_path.ps1'
[1.654s] INFO:colcon.colcon_core.shell:Creating environment descriptor '/home/hs/ros2_study/install/sllidar_ros2/share/sllidar_ros2/hook/cmake_prefix_path.dsv'
[1.655s] INFO:colcon.colcon_core.shell:Creating environment hook '/home/hs/ros2_study/install/sllidar_ros2/share/sllidar_ros2/hook/cmake_prefix_path.sh'
[1.656s] Level 1:colcon.colcon_core.environment:checking '/home/hs/ros2_study/install/sllidar_ros2/lib'
[1.656s] Level 1:colcon.colcon_core.environment:checking '/home/hs/ros2_study/install/sllidar_ros2/bin'
[1.656s] Level 1:colcon.colcon_core.environment:checking '/home/hs/ros2_study/install/sllidar_ros2/lib/pkgconfig/sllidar_ros2.pc'
[1.656s] Level 1:colcon.colcon_core.environment:checking '/home/hs/ros2_study/install/sllidar_ros2/lib/python3.10/site-packages'
[1.657s] Level 1:colcon.colcon_core.environment:checking '/home/hs/ros2_study/install/sllidar_ros2/bin'
[1.658s] INFO:colcon.colcon_core.shell:Creating package script '/home/hs/ros2_study/install/sllidar_ros2/share/sllidar_ros2/package.ps1'
[1.660s] INFO:colcon.colcon_core.shell:Creating package descriptor '/home/hs/ros2_study/install/sllidar_ros2/share/sllidar_ros2/package.dsv'
[1.661s] INFO:colcon.colcon_core.shell:Creating package script '/home/hs/ros2_study/install/sllidar_ros2/share/sllidar_ros2/package.sh'
[1.662s] INFO:colcon.colcon_core.shell:Creating package script '/home/hs/ros2_study/install/sllidar_ros2/share/sllidar_ros2/package.bash'
[1.663s] INFO:colcon.colcon_core.shell:Creating package script '/home/hs/ros2_study/install/sllidar_ros2/share/sllidar_ros2/package.zsh'
[1.663s] Level 1:colcon.colcon_core.environment:create_file_with_runtime_dependencies(/home/hs/ros2_study/install/sllidar_ros2/share/colcon-core/packages/sllidar_ros2)
[2.367s] DEBUG:colcon.colcon_core.event_handler.log_command:Invoking command in '/home/hs/ros2_study/src/bno055': PYTHONPATH=/home/hs/ros2_study/build/bno055/prefix_override:/usr/lib/python3/dist-packages/colcon_core/task/python/colcon_distutils_commands:/home/hs/ros2_study/install/bno055/lib/python3.10/site-packages:${PYTHONPATH} /usr/bin/python3 -W ignore:setup.py install is deprecated -W ignore:easy_install command is deprecated setup.py egg_info --egg-base ../../build/bno055 build --build-base /home/hs/ros2_study/build/bno055/build install --record /home/hs/ros2_study/build/bno055/install.log --single-version-externally-managed install_data
[3.050s] Level 1:colcon.colcon_core.environment:checking '/home/hs/ros2_study/install/bno055' for CMake module files
[3.051s] DEBUG:colcon.colcon_core.event_handler.log_command:Invoked command in '/home/hs/ros2_study/src/bno055' returned '0': PYTHONPATH=/home/hs/ros2_study/build/bno055/prefix_override:/usr/lib/python3/dist-packages/colcon_core/task/python/colcon_distutils_commands:/home/hs/ros2_study/install/bno055/lib/python3.10/site-packages:${PYTHONPATH} /usr/bin/python3 -W ignore:setup.py install is deprecated -W ignore:easy_install command is deprecated setup.py egg_info --egg-base ../../build/bno055 build --build-base /home/hs/ros2_study/build/bno055/build install --record /home/hs/ros2_study/build/bno055/install.log --single-version-externally-managed install_data
[3.052s] Level 1:colcon.colcon_core.environment:checking '/home/hs/ros2_study/install/bno055' for CMake config files
[3.054s] Level 1:colcon.colcon_core.environment:checking '/home/hs/ros2_study/install/bno055/lib'
[3.054s] Level 1:colcon.colcon_core.environment:checking '/home/hs/ros2_study/install/bno055/bin'
[3.054s] Level 1:colcon.colcon_core.environment:checking '/home/hs/ros2_study/install/bno055/lib/pkgconfig/bno055.pc'
[3.055s] Level 1:colcon.colcon_core.environment:checking '/home/hs/ros2_study/install/bno055/lib/python3.10/site-packages'
[3.055s] Level 1:colcon.colcon_core.shell:create_environment_hook('bno055', 'pythonpath')
[3.056s] INFO:colcon.colcon_core.shell:Creating environment hook '/home/hs/ros2_study/install/bno055/share/bno055/hook/pythonpath.ps1'
[3.057s] INFO:colcon.colcon_core.shell:Creating environment descriptor '/home/hs/ros2_study/install/bno055/share/bno055/hook/pythonpath.dsv'
[3.058s] INFO:colcon.colcon_core.shell:Creating environment hook '/home/hs/ros2_study/install/bno055/share/bno055/hook/pythonpath.sh'
[3.060s] Level 1:colcon.colcon_core.environment:checking '/home/hs/ros2_study/install/bno055/bin'
[3.061s] Level 1:colcon.colcon_core.environment:create_environment_scripts_only(bno055)
[3.062s] INFO:colcon.colcon_core.shell:Creating package script '/home/hs/ros2_study/install/bno055/share/bno055/package.ps1'
[3.063s] INFO:colcon.colcon_core.shell:Creating package descriptor '/home/hs/ros2_study/install/bno055/share/bno055/package.dsv'
[3.064s] INFO:colcon.colcon_core.shell:Creating package script '/home/hs/ros2_study/install/bno055/share/bno055/package.sh'
[3.066s] INFO:colcon.colcon_core.shell:Creating package script '/home/hs/ros2_study/install/bno055/share/bno055/package.bash'
[3.067s] INFO:colcon.colcon_core.shell:Creating package script '/home/hs/ros2_study/install/bno055/share/bno055/package.zsh'
[3.067s] Level 1:colcon.colcon_core.environment:create_file_with_runtime_dependencies(/home/hs/ros2_study/install/bno055/share/colcon-core/packages/bno055)
[12.081s] DEBUG:colcon.colcon_core.event_handler.log_command:Invoked command in '/home/hs/ros2_study/build/nexus_base_ros' returned '2': CMAKE_PREFIX_PATH=${CMAKE_PREFIX_PATH}:/home/hs/ros2_study/install/bno055:/opt/ros/humble /usr/local/bin/cmake --build /home/hs/ros2_study/build/nexus_base_ros -- -j8 -l8
[12.082s] Level 1:colcon.colcon_core.environment:create_environment_scripts_only(nexus_base_ros)
[12.082s] Level 1:colcon.colcon_core.environment:checking '/home/hs/ros2_study/install/nexus_base_ros' for CMake module files
[12.083s] Level 1:colcon.colcon_core.environment:checking '/home/hs/ros2_study/install/nexus_base_ros' for CMake config files
[12.084s] Level 1:colcon.colcon_core.shell:create_environment_hook('nexus_base_ros', 'cmake_prefix_path')
[12.084s] INFO:colcon.colcon_core.shell:Creating environment hook '/home/hs/ros2_study/install/nexus_base_ros/share/nexus_base_ros/hook/cmake_prefix_path.ps1'
[12.084s] INFO:colcon.colcon_core.shell:Creating environment descriptor '/home/hs/ros2_study/install/nexus_base_ros/share/nexus_base_ros/hook/cmake_prefix_path.dsv'
[12.085s] INFO:colcon.colcon_core.shell:Creating environment hook '/home/hs/ros2_study/install/nexus_base_ros/share/nexus_base_ros/hook/cmake_prefix_path.sh'
[12.086s] Level 1:colcon.colcon_core.environment:checking '/home/hs/ros2_study/install/nexus_base_ros/lib'
[12.086s] Level 1:colcon.colcon_core.shell:create_environment_hook('nexus_base_ros', 'ld_library_path_lib')
[12.086s] INFO:colcon.colcon_core.shell:Creating environment hook '/home/hs/ros2_study/install/nexus_base_ros/share/nexus_base_ros/hook/ld_library_path_lib.ps1'
[12.087s] INFO:colcon.colcon_core.shell:Creating environment descriptor '/home/hs/ros2_study/install/nexus_base_ros/share/nexus_base_ros/hook/ld_library_path_lib.dsv'
[12.087s] INFO:colcon.colcon_core.shell:Creating environment hook '/home/hs/ros2_study/install/nexus_base_ros/share/nexus_base_ros/hook/ld_library_path_lib.sh'
[12.088s] Level 1:colcon.colcon_core.environment:checking '/home/hs/ros2_study/install/nexus_base_ros/bin'
[12.088s] Level 1:colcon.colcon_core.environment:checking '/home/hs/ros2_study/install/nexus_base_ros/lib/pkgconfig/nexus_base_ros.pc'
[12.088s] Level 1:colcon.colcon_core.environment:checking '/home/hs/ros2_study/install/nexus_base_ros/lib/python3.10/site-packages'
[12.089s] Level 1:colcon.colcon_core.environment:checking '/home/hs/ros2_study/install/nexus_base_ros/bin'
[12.089s] INFO:colcon.colcon_core.shell:Creating package script '/home/hs/ros2_study/install/nexus_base_ros/share/nexus_base_ros/package.ps1'
[12.090s] INFO:colcon.colcon_core.shell:Creating package descriptor '/home/hs/ros2_study/install/nexus_base_ros/share/nexus_base_ros/package.dsv'
[12.091s] INFO:colcon.colcon_core.shell:Creating package script '/home/hs/ros2_study/install/nexus_base_ros/share/nexus_base_ros/package.sh'
[12.091s] INFO:colcon.colcon_core.shell:Creating package script '/home/hs/ros2_study/install/nexus_base_ros/share/nexus_base_ros/package.bash'
[12.092s] INFO:colcon.colcon_core.shell:Creating package script '/home/hs/ros2_study/install/nexus_base_ros/share/nexus_base_ros/package.zsh'
[12.092s] Level 1:colcon.colcon_core.environment:create_file_with_runtime_dependencies(/home/hs/ros2_study/install/nexus_base_ros/share/colcon-core/packages/nexus_base_ros)
[12.103s] DEBUG:colcon.colcon_parallel_executor.executor.parallel:closing loop
[12.103s] DEBUG:colcon.colcon_parallel_executor.executor.parallel:loop closed
[12.103s] DEBUG:colcon.colcon_parallel_executor.executor.parallel:run_until_complete finished with '2'
[12.103s] DEBUG:colcon.colcon_core.event_reactor:joining thread
[12.113s] INFO:colcon.colcon_core.plugin_system:Skipping extension 'colcon_notification.desktop_notification.terminal_notifier': Not used on non-Darwin systems
[12.113s] INFO:colcon.colcon_core.plugin_system:Skipping extension 'colcon_notification.desktop_notification.win32': Not used on non-Windows systems
[12.113s] INFO:colcon.colcon_notification.desktop_notification:Sending desktop notification using 'notify2'
[12.133s] DEBUG:colcon.colcon_core.event_reactor:joined thread
[12.134s] INFO:colcon.colcon_core.shell:Creating prefix script '/home/hs/ros2_study/install/local_setup.ps1'
[12.135s] INFO:colcon.colcon_core.shell:Creating prefix util module '/home/hs/ros2_study/install/_local_setup_util_ps1.py'
[12.138s] INFO:colcon.colcon_core.shell:Creating prefix chain script '/home/hs/ros2_study/install/setup.ps1'
[12.139s] INFO:colcon.colcon_core.shell:Creating prefix script '/home/hs/ros2_study/install/local_setup.sh'
[12.140s] INFO:colcon.colcon_core.shell:Creating prefix util module '/home/hs/ros2_study/install/_local_setup_util_sh.py'
[12.141s] INFO:colcon.colcon_core.shell:Creating prefix chain script '/home/hs/ros2_study/install/setup.sh'
[12.144s] INFO:colcon.colcon_core.shell:Creating prefix script '/home/hs/ros2_study/install/local_setup.bash'
[12.145s] INFO:colcon.colcon_core.shell:Creating prefix chain script '/home/hs/ros2_study/install/setup.bash'
[12.146s] INFO:colcon.colcon_core.shell:Creating prefix script '/home/hs/ros2_study/install/local_setup.zsh'
[12.147s] INFO:colcon.colcon_core.shell:Creating prefix chain script '/home/hs/ros2_study/install/setup.zsh'
