[  1%] Built target nexus_base_ros__cpp
[ 11%] Built target nexus_base_ros__rosidl_generator_c
[ 11%] Built target ament_cmake_python_copy_nexus_base_ros
[ 21%] Built target nexus_base_ros__rosidl_typesupport_cpp
[ 31%] Built target nexus_base_ros__rosidl_typesupport_fastrtps_cpp
[ 40%] Built target nexus_base_ros__rosidl_typesupport_introspection_c
[ 60%] Built target nexus_base_ros__rosidl_typesupport_introspection_cpp
[ 60%] Built target nexus_base_ros__rosidl_typesupport_fastrtps_c
[ 70%] Built target nexus_base_ros__rosidl_typesupport_c
[ 70%] Built target nexus_base_ros
[ 72%] Built target nexus_base_ros__py
[ 75%] Built target nexus_odometry
[ 83%] Built target nexus_teleop_joy
[ 86%] Built target nexus_base_ros__rosidl_generator_py
[ 90%] Built target nexus_base_ros__rosidl_typesupport_introspection_c__pyext
[ 93%] Built target nexus_base_ros__rosidl_typesupport_fastrtps_c__pyext
[ 96%] Built target nexus_base_ros__rosidl_typesupport_c__pyext
[ 98%] [32mBuilding CXX object CMakeFiles/nexus_serial_bridge.dir/src/nexus_serial_bridge.cpp.o[0m
running egg_info
writing nexus_base_ros.egg-info/PKG-INFO
writing dependency_links to nexus_base_ros.egg-info/dependency_links.txt
writing top-level names to nexus_base_ros.egg-info/top_level.txt
reading manifest file 'nexus_base_ros.egg-info/SOURCES.txt'
writing manifest file 'nexus_base_ros.egg-info/SOURCES.txt'
[ 98%] Built target ament_cmake_python_build_nexus_base_ros_egg
